#! /usr/bin/vvp
:ivl_version "12.0 (stable)";
:ivl_delay_selection "TYPICAL";
:vpi_time_precision + 0;
:vpi_module "/usr/lib/x86_64-linux-gnu/ivl/system.vpi";
:vpi_module "/usr/lib/x86_64-linux-gnu/ivl/vhdl_sys.vpi";
:vpi_module "/usr/lib/x86_64-linux-gnu/ivl/vhdl_textio.vpi";
:vpi_module "/usr/lib/x86_64-linux-gnu/ivl/v2005_math.vpi";
:vpi_module "/usr/lib/x86_64-linux-gnu/ivl/va_math.vpi";
S_0x5b7aaa1281d0 .scope module, "parity_checker_tb" "parity_checker_tb" 2 1;
 .timescale 0 0;
v0x5b7aaa13dec0_0 .var "D", 3 0;
v0x5b7aaa13dfa0_0 .var "P", 0 0;
v0x5b7aaa13e070_0 .net "error", 0 0, v0x5b7aaa13dc80_0;  1 drivers
v0x5b7aaa13e170_0 .var "mode", 0 0;
S_0x5b7aaa128360 .scope module, "dut" "parity_checker" 2 7, 3 1 0, S_0x5b7aaa1281d0;
 .timescale 0 0;
    .port_info 0 /INPUT 4 "D";
    .port_info 1 /INPUT 1 "P";
    .port_info 2 /INPUT 1 "mode";
    .port_info 3 /OUTPUT 1 "error";
v0x5b7aaa117dc0_0 .net "D", 3 0, v0x5b7aaa13dec0_0;  1 drivers
v0x5b7aaa13dbc0_0 .net "P", 0 0, v0x5b7aaa13dfa0_0;  1 drivers
v0x5b7aaa13dc80_0 .var "error", 0 0;
v0x5b7aaa13dd50_0 .net "mode", 0 0, v0x5b7aaa13e170_0;  1 drivers
E_0x5b7aaa126e00 .event anyedge, v0x5b7aaa13dd50_0, v0x5b7aaa117dc0_0, v0x5b7aaa13dbc0_0;
    .scope S_0x5b7aaa128360;
T_0 ;
    %wait E_0x5b7aaa126e00;
    %load/vec4 v0x5b7aaa13dd50_0;
    %cmpi/e 0, 0, 1;
    %jmp/0xz  T_0.0, 4;
    %load/vec4 v0x5b7aaa117dc0_0;
    %load/vec4 v0x5b7aaa13dbc0_0;
    %concat/vec4; draw_concat_vec4
    %xor/r;
    %store/vec4 v0x5b7aaa13dc80_0, 0, 1;
    %jmp T_0.1;
T_0.0 ;
    %load/vec4 v0x5b7aaa117dc0_0;
    %load/vec4 v0x5b7aaa13dbc0_0;
    %concat/vec4; draw_concat_vec4
    %xnor/r;
    %store/vec4 v0x5b7aaa13dc80_0, 0, 1;
T_0.1 ;
    %jmp T_0;
    .thread T_0, $push;
    .scope S_0x5b7aaa1281d0;
T_1 ;
    %vpi_call 2 14 "$monitor", "$time=%0t|D=%b|P=%b|mode=%b|error=%b", $time, v0x5b7aaa13dec0_0, v0x5b7aaa13dfa0_0, v0x5b7aaa13e170_0, v0x5b7aaa13e070_0 {0 0 0};
    %vpi_call 2 15 "$dumpfile", "parity_checker.vcd" {0 0 0};
    %vpi_call 2 16 "$dumpvars", 32'sb00000000000000000000000000000000, S_0x5b7aaa1281d0 {0 0 0};
    %pushi/vec4 0, 0, 1;
    %store/vec4 v0x5b7aaa13e170_0, 0, 1;
    %pushi/vec4 11, 0, 4;
    %store/vec4 v0x5b7aaa13dec0_0, 0, 4;
    %pushi/vec4 1, 0, 1;
    %store/vec4 v0x5b7aaa13dfa0_0, 0, 1;
    %delay 10, 0;
    %pushi/vec4 12, 0, 4;
    %store/vec4 v0x5b7aaa13dec0_0, 0, 4;
    %pushi/vec4 0, 0, 1;
    %store/vec4 v0x5b7aaa13dfa0_0, 0, 1;
    %delay 10, 0;
    %pushi/vec4 11, 0, 4;
    %store/vec4 v0x5b7aaa13dec0_0, 0, 4;
    %pushi/vec4 0, 0, 1;
    %store/vec4 v0x5b7aaa13dfa0_0, 0, 1;
    %delay 10, 0;
    %pushi/vec4 12, 0, 4;
    %store/vec4 v0x5b7aaa13dec0_0, 0, 4;
    %pushi/vec4 1, 0, 1;
    %store/vec4 v0x5b7aaa13dfa0_0, 0, 1;
    %delay 10, 0;
    %pushi/vec4 1, 0, 1;
    %store/vec4 v0x5b7aaa13e170_0, 0, 1;
    %pushi/vec4 11, 0, 4;
    %store/vec4 v0x5b7aaa13dec0_0, 0, 4;
    %pushi/vec4 0, 0, 1;
    %store/vec4 v0x5b7aaa13dfa0_0, 0, 1;
    %delay 10, 0;
    %pushi/vec4 12, 0, 4;
    %store/vec4 v0x5b7aaa13dec0_0, 0, 4;
    %pushi/vec4 1, 0, 1;
    %store/vec4 v0x5b7aaa13dfa0_0, 0, 1;
    %delay 10, 0;
    %pushi/vec4 11, 0, 4;
    %store/vec4 v0x5b7aaa13dec0_0, 0, 4;
    %pushi/vec4 1, 0, 1;
    %store/vec4 v0x5b7aaa13dfa0_0, 0, 1;
    %delay 10, 0;
    %pushi/vec4 12, 0, 4;
    %store/vec4 v0x5b7aaa13dec0_0, 0, 4;
    %pushi/vec4 0, 0, 1;
    %store/vec4 v0x5b7aaa13dfa0_0, 0, 1;
    %delay 10, 0;
    %vpi_call 2 31 "$finish" {0 0 0};
    %end;
    .thread T_1;
# The file index is used to find the file name in the following table.
:file_names 4;
    "N/A";
    "<interactive>";
    "parity_checker_tb.v";
    "parity_checker.v";
