#! /usr/bin/vvp
:ivl_version "12.0 (stable)";
:ivl_delay_selection "TYPICAL";
:vpi_time_precision + 0;
:vpi_module "/usr/lib/x86_64-linux-gnu/ivl/system.vpi";
:vpi_module "/usr/lib/x86_64-linux-gnu/ivl/vhdl_sys.vpi";
:vpi_module "/usr/lib/x86_64-linux-gnu/ivl/vhdl_textio.vpi";
:vpi_module "/usr/lib/x86_64-linux-gnu/ivl/v2005_math.vpi";
:vpi_module "/usr/lib/x86_64-linux-gnu/ivl/va_math.vpi";
S_0x5c4bae1bfcf0 .scope module, "parity_generator_tb" "parity_generator_tb" 2 1;
 .timescale 0 0;
v0x5c4bae1d3cc0_0 .var "D", 3 0;
v0x5c4bae1d3db0_0 .net "P", 0 0, v0x5c4bae1d3ae0_0;  1 drivers
v0x5c4bae1d3e80_0 .var "mode", 0 0;
S_0x5c4bae1bfe80 .scope module, "dut" "parity_generator" 2 6, 3 1 0, S_0x5c4bae1bfcf0;
 .timescale 0 0;
    .port_info 0 /INPUT 4 "D";
    .port_info 1 /INPUT 1 "mode";
    .port_info 2 /OUTPUT 1 "P";
v0x5c4bae1c00d0_0 .net "D", 3 0, v0x5c4bae1d3cc0_0;  1 drivers
v0x5c4bae1d3ae0_0 .var "P", 0 0;
v0x5c4bae1d3ba0_0 .net "mode", 0 0, v0x5c4bae1d3e80_0;  1 drivers
E_0x5c4bae1bf0b0 .event anyedge, v0x5c4bae1d3ba0_0, v0x5c4bae1c00d0_0;
    .scope S_0x5c4bae1bfe80;
T_0 ;
    %wait E_0x5c4bae1bf0b0;
    %load/vec4 v0x5c4bae1d3ba0_0;
    %cmpi/e 0, 0, 1;
    %jmp/0xz  T_0.0, 4;
    %load/vec4 v0x5c4bae1c00d0_0;
    %xor/r;
    %store/vec4 v0x5c4bae1d3ae0_0, 0, 1;
    %jmp T_0.1;
T_0.0 ;
    %load/vec4 v0x5c4bae1c00d0_0;
    %xnor/r;
    %store/vec4 v0x5c4bae1d3ae0_0, 0, 1;
T_0.1 ;
    %jmp T_0;
    .thread T_0, $push;
    .scope S_0x5c4bae1bfcf0;
T_1 ;
    %vpi_call 2 12 "$monitor", "$time=%0t|D=%b|mode=%b|P=%b", $time, v0x5c4bae1d3cc0_0, v0x5c4bae1d3e80_0, v0x5c4bae1d3db0_0 {0 0 0};
    %vpi_call 2 13 "$dumpfile", "parity_generator.vcd" {0 0 0};
    %vpi_call 2 14 "$dumpvars", 32'sb00000000000000000000000000000000, S_0x5c4bae1bfcf0 {0 0 0};
    %pushi/vec4 0, 0, 1;
    %store/vec4 v0x5c4bae1d3e80_0, 0, 1;
    %pushi/vec4 0, 0, 4;
    %store/vec4 v0x5c4bae1d3cc0_0, 0, 4;
    %delay 10, 0;
    %pushi/vec4 1, 0, 4;
    %store/vec4 v0x5c4bae1d3cc0_0, 0, 4;
    %delay 10, 0;
    %pushi/vec4 11, 0, 4;
    %store/vec4 v0x5c4bae1d3cc0_0, 0, 4;
    %delay 10, 0;
    %pushi/vec4 15, 0, 4;
    %store/vec4 v0x5c4bae1d3cc0_0, 0, 4;
    %delay 10, 0;
    %pushi/vec4 1, 0, 1;
    %store/vec4 v0x5c4bae1d3e80_0, 0, 1;
    %pushi/vec4 0, 0, 4;
    %store/vec4 v0x5c4bae1d3cc0_0, 0, 4;
    %delay 10, 0;
    %pushi/vec4 1, 0, 4;
    %store/vec4 v0x5c4bae1d3cc0_0, 0, 4;
    %delay 10, 0;
    %pushi/vec4 11, 0, 4;
    %store/vec4 v0x5c4bae1d3cc0_0, 0, 4;
    %delay 10, 0;
    %pushi/vec4 15, 0, 4;
    %store/vec4 v0x5c4bae1d3cc0_0, 0, 4;
    %delay 10, 0;
    %vpi_call 2 29 "$finish" {0 0 0};
    %end;
    .thread T_1;
# The file index is used to find the file name in the following table.
:file_names 4;
    "N/A";
    "<interactive>";
    "parity_generator_tb.v";
    "parity_generator.v";
