#! /usr/bin/vvp
:ivl_version "12.0 (stable)";
:ivl_delay_selection "TYPICAL";
:vpi_time_precision + 0;
:vpi_module "/usr/lib/x86_64-linux-gnu/ivl/system.vpi";
:vpi_module "/usr/lib/x86_64-linux-gnu/ivl/vhdl_sys.vpi";
:vpi_module "/usr/lib/x86_64-linux-gnu/ivl/vhdl_textio.vpi";
:vpi_module "/usr/lib/x86_64-linux-gnu/ivl/v2005_math.vpi";
:vpi_module "/usr/lib/x86_64-linux-gnu/ivl/va_math.vpi";
S_0x59c575d416b0 .scope module, "demux1to8_tb" "demux1to8_tb" 2 1;
 .timescale 0 0;
v0x59c575d793e0_0 .var "D", 0 0;
v0x59c575d794a0_0 .var "S", 2 0;
v0x59c575d79540_0 .net "Y0", 0 0, L_0x59c575d7a110;  1 drivers
v0x59c575d795e0_0 .net "Y1", 0 0, L_0x59c575d7a890;  1 drivers
v0x59c575d79680_0 .net "Y2", 0 0, L_0x59c575d7af50;  1 drivers
v0x59c575d79720_0 .net "Y3", 0 0, L_0x59c575d7b600;  1 drivers
v0x59c575d797f0_0 .net "Y4", 0 0, L_0x59c575d7b9c0;  1 drivers
v0x59c575d798c0_0 .net "Y5", 0 0, L_0x59c575d7c0a0;  1 drivers
v0x59c575d79990_0 .net "Y6", 0 0, L_0x59c575d7c880;  1 drivers
v0x59c575d79a60_0 .net "Y7", 0 0, L_0x59c575d7ce30;  1 drivers
S_0x59c575d4bf40 .scope module, "DUT" "demux1to8" 2 6, 3 1 0, S_0x59c575d416b0;
 .timescale 0 0;
    .port_info 0 /INPUT 1 "D";
    .port_info 1 /INPUT 3 "S";
    .port_info 2 /OUTPUT 1 "Y0";
    .port_info 3 /OUTPUT 1 "Y1";
    .port_info 4 /OUTPUT 1 "Y2";
    .port_info 5 /OUTPUT 1 "Y3";
    .port_info 6 /OUTPUT 1 "Y4";
    .port_info 7 /OUTPUT 1 "Y5";
    .port_info 8 /OUTPUT 1 "Y6";
    .port_info 9 /OUTPUT 1 "Y7";
L_0x59c575d454e0 .functor NOT 1, L_0x59c575d79b30, C4<0>, C4<0>, C4<0>;
L_0x59c575d79c50 .functor AND 1, v0x59c575d793e0_0, L_0x59c575d454e0, C4<1>, C4<1>;
L_0x59c575d79e00 .functor NOT 1, L_0x59c575d79d60, C4<0>, C4<0>, C4<0>;
L_0x59c575d79ec0 .functor AND 1, L_0x59c575d79c50, L_0x59c575d79e00, C4<1>, C4<1>;
L_0x59c575d7a0a0 .functor NOT 1, L_0x59c575d7a000, C4<0>, C4<0>, C4<0>;
L_0x59c575d7a110 .functor AND 1, L_0x59c575d79ec0, L_0x59c575d7a0a0, C4<1>, C4<1>;
L_0x59c575d7a350 .functor NOT 1, L_0x59c575d7a2b0, C4<0>, C4<0>, C4<0>;
L_0x59c575d7a410 .functor AND 1, v0x59c575d793e0_0, L_0x59c575d7a350, C4<1>, C4<1>;
L_0x59c575d7a5c0 .functor NOT 1, L_0x59c575d7a520, C4<0>, C4<0>, C4<0>;
L_0x59c575d7a680 .functor AND 1, L_0x59c575d7a410, L_0x59c575d7a5c0, C4<1>, C4<1>;
L_0x59c575d7a890 .functor AND 1, L_0x59c575d7a680, L_0x59c575d7a7f0, C4<1>, C4<1>;
L_0x59c575d7aa40 .functor NOT 1, L_0x59c575d7a9a0, C4<0>, C4<0>, C4<0>;
L_0x59c575d7ab70 .functor AND 1, v0x59c575d793e0_0, L_0x59c575d7aa40, C4<1>, C4<1>;
L_0x59c575d7acd0 .functor AND 1, L_0x59c575d7ab70, L_0x59c575d7abe0, C4<1>, C4<1>;
L_0x59c575d7ab00 .functor NOT 1, L_0x59c575d7ae60, C4<0>, C4<0>, C4<0>;
L_0x59c575d7af50 .functor AND 1, L_0x59c575d7acd0, L_0x59c575d7ab00, C4<1>, C4<1>;
L_0x59c575d7b1e0 .functor NOT 1, L_0x59c575d7b140, C4<0>, C4<0>, C4<0>;
L_0x59c575d7b250 .functor AND 1, v0x59c575d793e0_0, L_0x59c575d7b1e0, C4<1>, C4<1>;
L_0x59c575d7b0b0 .functor AND 1, L_0x59c575d7b250, L_0x59c575d7b3b0, C4<1>, C4<1>;
L_0x59c575d7b600 .functor AND 1, L_0x59c575d7b0b0, L_0x59c575d7b4f0, C4<1>, C4<1>;
L_0x59c575d7b810 .functor AND 1, v0x59c575d793e0_0, L_0x59c575d7b310, C4<1>, C4<1>;
L_0x59c575d7b590 .functor NOT 1, L_0x59c575d7b8d0, C4<0>, C4<0>, C4<0>;
L_0x59c575d7b760 .functor AND 1, L_0x59c575d7b810, L_0x59c575d7b590, C4<1>, C4<1>;
L_0x59c575d7bdd0 .functor NOT 1, L_0x59c575d7bb20, C4<0>, C4<0>, C4<0>;
L_0x59c575d7b9c0 .functor AND 1, L_0x59c575d7b760, L_0x59c575d7bdd0, C4<1>, C4<1>;
L_0x59c575d7c130 .functor AND 1, v0x59c575d793e0_0, L_0x59c575d7c000, C4<1>, C4<1>;
L_0x59c575d7c2d0 .functor NOT 1, L_0x59c575d7be90, C4<0>, C4<0>, C4<0>;
L_0x59c575d7c390 .functor AND 1, L_0x59c575d7c130, L_0x59c575d7c2d0, C4<1>, C4<1>;
L_0x59c575d7c0a0 .functor AND 1, L_0x59c575d7c390, L_0x59c575d7c1f0, C4<1>, C4<1>;
L_0x59c575d7c7c0 .functor AND 1, v0x59c575d793e0_0, L_0x59c575d7c720, C4<1>, C4<1>;
L_0x59c575d7c540 .functor AND 1, L_0x59c575d7c7c0, L_0x59c575d7c4a0, C4<1>, C4<1>;
L_0x59c575d7cb20 .functor NOT 1, L_0x59c575d7ca80, C4<0>, C4<0>, C4<0>;
L_0x59c575d7c880 .functor AND 1, L_0x59c575d7c540, L_0x59c575d7cb20, C4<1>, C4<1>;
L_0x59c575d7c940 .functor AND 1, v0x59c575d793e0_0, L_0x59c575d7cd90, C4<1>, C4<1>;
L_0x59c575d7cc80 .functor AND 1, L_0x59c575d7c940, L_0x59c575d7cbe0, C4<1>, C4<1>;
L_0x59c575d7ce30 .functor AND 1, L_0x59c575d7cc80, L_0x59c575d7d0b0, C4<1>, C4<1>;
v0x59c575d4c220_0 .net "D", 0 0, v0x59c575d793e0_0;  1 drivers
v0x59c575d75db0_0 .net "S", 2 0, v0x59c575d794a0_0;  1 drivers
v0x59c575d75e90_0 .net "Y0", 0 0, L_0x59c575d7a110;  alias, 1 drivers
v0x59c575d75f30_0 .net "Y1", 0 0, L_0x59c575d7a890;  alias, 1 drivers
v0x59c575d75ff0_0 .net "Y2", 0 0, L_0x59c575d7af50;  alias, 1 drivers
v0x59c575d76100_0 .net "Y3", 0 0, L_0x59c575d7b600;  alias, 1 drivers
v0x59c575d761c0_0 .net "Y4", 0 0, L_0x59c575d7b9c0;  alias, 1 drivers
v0x59c575d76280_0 .net "Y5", 0 0, L_0x59c575d7c0a0;  alias, 1 drivers
v0x59c575d76340_0 .net "Y6", 0 0, L_0x59c575d7c880;  alias, 1 drivers
v0x59c575d76400_0 .net "Y7", 0 0, L_0x59c575d7ce30;  alias, 1 drivers
v0x59c575d764c0_0 .net *"_ivl_1", 0 0, L_0x59c575d79b30;  1 drivers
v0x59c575d765a0_0 .net *"_ivl_10", 0 0, L_0x59c575d79ec0;  1 drivers
v0x59c575d76680_0 .net *"_ivl_100", 0 0, L_0x59c575d7c540;  1 drivers
v0x59c575d76760_0 .net *"_ivl_103", 0 0, L_0x59c575d7ca80;  1 drivers
v0x59c575d76840_0 .net *"_ivl_104", 0 0, L_0x59c575d7cb20;  1 drivers
v0x59c575d76920_0 .net *"_ivl_109", 0 0, L_0x59c575d7cd90;  1 drivers
v0x59c575d76a00_0 .net *"_ivl_110", 0 0, L_0x59c575d7c940;  1 drivers
v0x59c575d76ae0_0 .net *"_ivl_113", 0 0, L_0x59c575d7cbe0;  1 drivers
v0x59c575d76bc0_0 .net *"_ivl_114", 0 0, L_0x59c575d7cc80;  1 drivers
v0x59c575d76ca0_0 .net *"_ivl_117", 0 0, L_0x59c575d7d0b0;  1 drivers
v0x59c575d76d80_0 .net *"_ivl_13", 0 0, L_0x59c575d7a000;  1 drivers
v0x59c575d76e60_0 .net *"_ivl_14", 0 0, L_0x59c575d7a0a0;  1 drivers
v0x59c575d76f40_0 .net *"_ivl_19", 0 0, L_0x59c575d7a2b0;  1 drivers
v0x59c575d77020_0 .net *"_ivl_2", 0 0, L_0x59c575d454e0;  1 drivers
v0x59c575d77100_0 .net *"_ivl_20", 0 0, L_0x59c575d7a350;  1 drivers
v0x59c575d771e0_0 .net *"_ivl_22", 0 0, L_0x59c575d7a410;  1 drivers
v0x59c575d772c0_0 .net *"_ivl_25", 0 0, L_0x59c575d7a520;  1 drivers
v0x59c575d773a0_0 .net *"_ivl_26", 0 0, L_0x59c575d7a5c0;  1 drivers
v0x59c575d77480_0 .net *"_ivl_28", 0 0, L_0x59c575d7a680;  1 drivers
v0x59c575d77560_0 .net *"_ivl_31", 0 0, L_0x59c575d7a7f0;  1 drivers
v0x59c575d77640_0 .net *"_ivl_35", 0 0, L_0x59c575d7a9a0;  1 drivers
v0x59c575d77720_0 .net *"_ivl_36", 0 0, L_0x59c575d7aa40;  1 drivers
v0x59c575d77800_0 .net *"_ivl_38", 0 0, L_0x59c575d7ab70;  1 drivers
v0x59c575d778e0_0 .net *"_ivl_4", 0 0, L_0x59c575d79c50;  1 drivers
v0x59c575d779c0_0 .net *"_ivl_41", 0 0, L_0x59c575d7abe0;  1 drivers
v0x59c575d77aa0_0 .net *"_ivl_42", 0 0, L_0x59c575d7acd0;  1 drivers
v0x59c575d77b80_0 .net *"_ivl_45", 0 0, L_0x59c575d7ae60;  1 drivers
v0x59c575d77c60_0 .net *"_ivl_46", 0 0, L_0x59c575d7ab00;  1 drivers
v0x59c575d77d40_0 .net *"_ivl_51", 0 0, L_0x59c575d7b140;  1 drivers
v0x59c575d77e20_0 .net *"_ivl_52", 0 0, L_0x59c575d7b1e0;  1 drivers
v0x59c575d77f00_0 .net *"_ivl_54", 0 0, L_0x59c575d7b250;  1 drivers
v0x59c575d77fe0_0 .net *"_ivl_57", 0 0, L_0x59c575d7b3b0;  1 drivers
v0x59c575d780c0_0 .net *"_ivl_58", 0 0, L_0x59c575d7b0b0;  1 drivers
v0x59c575d781a0_0 .net *"_ivl_61", 0 0, L_0x59c575d7b4f0;  1 drivers
v0x59c575d78280_0 .net *"_ivl_65", 0 0, L_0x59c575d7b310;  1 drivers
v0x59c575d78360_0 .net *"_ivl_66", 0 0, L_0x59c575d7b810;  1 drivers
v0x59c575d78440_0 .net *"_ivl_69", 0 0, L_0x59c575d7b8d0;  1 drivers
v0x59c575d78520_0 .net *"_ivl_7", 0 0, L_0x59c575d79d60;  1 drivers
v0x59c575d78600_0 .net *"_ivl_70", 0 0, L_0x59c575d7b590;  1 drivers
v0x59c575d786e0_0 .net *"_ivl_72", 0 0, L_0x59c575d7b760;  1 drivers
v0x59c575d787c0_0 .net *"_ivl_75", 0 0, L_0x59c575d7bb20;  1 drivers
v0x59c575d788a0_0 .net *"_ivl_76", 0 0, L_0x59c575d7bdd0;  1 drivers
v0x59c575d78980_0 .net *"_ivl_8", 0 0, L_0x59c575d79e00;  1 drivers
v0x59c575d78a60_0 .net *"_ivl_81", 0 0, L_0x59c575d7c000;  1 drivers
v0x59c575d78b40_0 .net *"_ivl_82", 0 0, L_0x59c575d7c130;  1 drivers
v0x59c575d78c20_0 .net *"_ivl_85", 0 0, L_0x59c575d7be90;  1 drivers
v0x59c575d78d00_0 .net *"_ivl_86", 0 0, L_0x59c575d7c2d0;  1 drivers
v0x59c575d78de0_0 .net *"_ivl_88", 0 0, L_0x59c575d7c390;  1 drivers
v0x59c575d78ec0_0 .net *"_ivl_91", 0 0, L_0x59c575d7c1f0;  1 drivers
v0x59c575d78fa0_0 .net *"_ivl_95", 0 0, L_0x59c575d7c720;  1 drivers
v0x59c575d79080_0 .net *"_ivl_96", 0 0, L_0x59c575d7c7c0;  1 drivers
v0x59c575d79160_0 .net *"_ivl_99", 0 0, L_0x59c575d7c4a0;  1 drivers
L_0x59c575d79b30 .part v0x59c575d794a0_0, 2, 1;
L_0x59c575d79d60 .part v0x59c575d794a0_0, 1, 1;
L_0x59c575d7a000 .part v0x59c575d794a0_0, 0, 1;
L_0x59c575d7a2b0 .part v0x59c575d794a0_0, 2, 1;
L_0x59c575d7a520 .part v0x59c575d794a0_0, 1, 1;
L_0x59c575d7a7f0 .part v0x59c575d794a0_0, 0, 1;
L_0x59c575d7a9a0 .part v0x59c575d794a0_0, 2, 1;
L_0x59c575d7abe0 .part v0x59c575d794a0_0, 1, 1;
L_0x59c575d7ae60 .part v0x59c575d794a0_0, 0, 1;
L_0x59c575d7b140 .part v0x59c575d794a0_0, 2, 1;
L_0x59c575d7b3b0 .part v0x59c575d794a0_0, 1, 1;
L_0x59c575d7b4f0 .part v0x59c575d794a0_0, 0, 1;
L_0x59c575d7b310 .part v0x59c575d794a0_0, 2, 1;
L_0x59c575d7b8d0 .part v0x59c575d794a0_0, 1, 1;
L_0x59c575d7bb20 .part v0x59c575d794a0_0, 0, 1;
L_0x59c575d7c000 .part v0x59c575d794a0_0, 2, 1;
L_0x59c575d7be90 .part v0x59c575d794a0_0, 1, 1;
L_0x59c575d7c1f0 .part v0x59c575d794a0_0, 0, 1;
L_0x59c575d7c720 .part v0x59c575d794a0_0, 2, 1;
L_0x59c575d7c4a0 .part v0x59c575d794a0_0, 1, 1;
L_0x59c575d7ca80 .part v0x59c575d794a0_0, 0, 1;
L_0x59c575d7cd90 .part v0x59c575d794a0_0, 2, 1;
L_0x59c575d7cbe0 .part v0x59c575d794a0_0, 1, 1;
L_0x59c575d7d0b0 .part v0x59c575d794a0_0, 0, 1;
    .scope S_0x59c575d416b0;
T_0 ;
    %vpi_call 2 13 "$monitor", "$time=%0t|D=%b|S=%b|Y0=%b|Y1=%b|Y2=%b|Y3=%b|Y4=%b|Y5=%b|Y6=%b|Y7=%b", $time, v0x59c575d793e0_0, v0x59c575d794a0_0, v0x59c575d79540_0, v0x59c575d795e0_0, v0x59c575d79680_0, v0x59c575d79720_0, v0x59c575d797f0_0, v0x59c575d798c0_0, v0x59c575d79990_0, v0x59c575d79a60_0 {0 0 0};
    %vpi_call 2 14 "$dumpfile", "demux1to8.vcd" {0 0 0};
    %vpi_call 2 15 "$dumpvars", 32'sb00000000000000000000000000000000, S_0x59c575d416b0 {0 0 0};
    %pushi/vec4 0, 0, 1;
    %store/vec4 v0x59c575d793e0_0, 0, 1;
    %pushi/vec4 0, 0, 3;
    %store/vec4 v0x59c575d794a0_0, 0, 3;
    %delay 10, 0;
    %pushi/vec4 1, 0, 1;
    %store/vec4 v0x59c575d793e0_0, 0, 1;
    %pushi/vec4 0, 0, 3;
    %store/vec4 v0x59c575d794a0_0, 0, 3;
    %delay 10, 0;
    %pushi/vec4 0, 0, 1;
    %store/vec4 v0x59c575d793e0_0, 0, 1;
    %pushi/vec4 1, 0, 3;
    %store/vec4 v0x59c575d794a0_0, 0, 3;
    %delay 10, 0;
    %pushi/vec4 1, 0, 1;
    %store/vec4 v0x59c575d793e0_0, 0, 1;
    %pushi/vec4 1, 0, 3;
    %store/vec4 v0x59c575d794a0_0, 0, 3;
    %delay 10, 0;
    %pushi/vec4 0, 0, 1;
    %store/vec4 v0x59c575d793e0_0, 0, 1;
    %pushi/vec4 2, 0, 3;
    %store/vec4 v0x59c575d794a0_0, 0, 3;
    %delay 10, 0;
    %pushi/vec4 1, 0, 1;
    %store/vec4 v0x59c575d793e0_0, 0, 1;
    %pushi/vec4 2, 0, 3;
    %store/vec4 v0x59c575d794a0_0, 0, 3;
    %delay 10, 0;
    %pushi/vec4 0, 0, 1;
    %store/vec4 v0x59c575d793e0_0, 0, 1;
    %pushi/vec4 3, 0, 3;
    %store/vec4 v0x59c575d794a0_0, 0, 3;
    %delay 10, 0;
    %pushi/vec4 1, 0, 1;
    %store/vec4 v0x59c575d793e0_0, 0, 1;
    %pushi/vec4 3, 0, 3;
    %store/vec4 v0x59c575d794a0_0, 0, 3;
    %delay 10, 0;
    %pushi/vec4 0, 0, 1;
    %store/vec4 v0x59c575d793e0_0, 0, 1;
    %pushi/vec4 4, 0, 3;
    %store/vec4 v0x59c575d794a0_0, 0, 3;
    %delay 10, 0;
    %pushi/vec4 1, 0, 1;
    %store/vec4 v0x59c575d793e0_0, 0, 1;
    %pushi/vec4 4, 0, 3;
    %store/vec4 v0x59c575d794a0_0, 0, 3;
    %delay 10, 0;
    %pushi/vec4 0, 0, 1;
    %store/vec4 v0x59c575d793e0_0, 0, 1;
    %pushi/vec4 5, 0, 3;
    %store/vec4 v0x59c575d794a0_0, 0, 3;
    %delay 10, 0;
    %pushi/vec4 1, 0, 1;
    %store/vec4 v0x59c575d793e0_0, 0, 1;
    %pushi/vec4 5, 0, 3;
    %store/vec4 v0x59c575d794a0_0, 0, 3;
    %delay 10, 0;
    %pushi/vec4 0, 0, 1;
    %store/vec4 v0x59c575d793e0_0, 0, 1;
    %pushi/vec4 6, 0, 3;
    %store/vec4 v0x59c575d794a0_0, 0, 3;
    %delay 10, 0;
    %pushi/vec4 1, 0, 1;
    %store/vec4 v0x59c575d793e0_0, 0, 1;
    %pushi/vec4 6, 0, 3;
    %store/vec4 v0x59c575d794a0_0, 0, 3;
    %delay 10, 0;
    %pushi/vec4 0, 0, 1;
    %store/vec4 v0x59c575d793e0_0, 0, 1;
    %pushi/vec4 7, 0, 3;
    %store/vec4 v0x59c575d794a0_0, 0, 3;
    %delay 10, 0;
    %pushi/vec4 1, 0, 1;
    %store/vec4 v0x59c575d793e0_0, 0, 1;
    %pushi/vec4 7, 0, 3;
    %store/vec4 v0x59c575d794a0_0, 0, 3;
    %delay 10, 0;
    %vpi_call 2 48 "$finish" {0 0 0};
    %end;
    .thread T_0;
# The file index is used to find the file name in the following table.
:file_names 4;
    "N/A";
    "<interactive>";
    "demux1to8_tb.v";
    "demux1to8.v";
