#! /usr/bin/vvp
:ivl_version "12.0 (stable)";
:ivl_delay_selection "TYPICAL";
:vpi_time_precision + 0;
:vpi_module "/usr/lib/x86_64-linux-gnu/ivl/system.vpi";
:vpi_module "/usr/lib/x86_64-linux-gnu/ivl/vhdl_sys.vpi";
:vpi_module "/usr/lib/x86_64-linux-gnu/ivl/vhdl_textio.vpi";
:vpi_module "/usr/lib/x86_64-linux-gnu/ivl/v2005_math.vpi";
:vpi_module "/usr/lib/x86_64-linux-gnu/ivl/va_math.vpi";
S_0x5da66c929c60 .scope module, "bcdto2421_tb" "bcdto2421_tb" 2 1;
 .timescale 0 0;
v0x5da66c93d670_0 .var "bcd", 3 0;
v0x5da66c93d730_0 .net "code2421", 3 0, v0x5da66c93d530_0;  1 drivers
S_0x5da66c929df0 .scope module, "dut" "bcd_to_2421" 2 4, 3 1 0, S_0x5da66c929c60;
 .timescale 0 0;
    .port_info 0 /INPUT 4 "bcd";
    .port_info 1 /OUTPUT 4 "code2421";
v0x5da66c929ff0_0 .net "bcd", 3 0, v0x5da66c93d670_0;  1 drivers
v0x5da66c93d530_0 .var "code2421", 3 0;
E_0x5da66c929270 .event anyedge, v0x5da66c929ff0_0;
    .scope S_0x5da66c929df0;
T_0 ;
    %wait E_0x5da66c929270;
    %load/vec4 v0x5da66c929ff0_0;
    %cmpi/u 5, 0, 4;
    %jmp/0xz  T_0.0, 5;
    %load/vec4 v0x5da66c929ff0_0;
    %store/vec4 v0x5da66c93d530_0, 0, 4;
    %jmp T_0.1;
T_0.0 ;
    %load/vec4 v0x5da66c929ff0_0;
    %addi 6, 0, 4;
    %store/vec4 v0x5da66c93d530_0, 0, 4;
T_0.1 ;
    %jmp T_0;
    .thread T_0, $push;
    .scope S_0x5da66c929c60;
T_1 ;
    %vpi_call 2 9 "$monitor", "Time=%0t | BCD=%b | 2421=%b", $time, v0x5da66c93d670_0, v0x5da66c93d730_0 {0 0 0};
    %vpi_call 2 10 "$dumpfile", "bcdto2421.vcd" {0 0 0};
    %vpi_call 2 11 "$dumpvars", 32'sb00000000000000000000000000000000, S_0x5da66c929c60 {0 0 0};
    %pushi/vec4 0, 0, 4;
    %store/vec4 v0x5da66c93d670_0, 0, 4;
    %delay 10, 0;
    %pushi/vec4 1, 0, 4;
    %store/vec4 v0x5da66c93d670_0, 0, 4;
    %delay 10, 0;
    %pushi/vec4 2, 0, 4;
    %store/vec4 v0x5da66c93d670_0, 0, 4;
    %delay 10, 0;
    %pushi/vec4 3, 0, 4;
    %store/vec4 v0x5da66c93d670_0, 0, 4;
    %delay 10, 0;
    %pushi/vec4 4, 0, 4;
    %store/vec4 v0x5da66c93d670_0, 0, 4;
    %delay 10, 0;
    %pushi/vec4 5, 0, 4;
    %store/vec4 v0x5da66c93d670_0, 0, 4;
    %delay 10, 0;
    %pushi/vec4 6, 0, 4;
    %store/vec4 v0x5da66c93d670_0, 0, 4;
    %delay 10, 0;
    %pushi/vec4 7, 0, 4;
    %store/vec4 v0x5da66c93d670_0, 0, 4;
    %delay 10, 0;
    %pushi/vec4 8, 0, 4;
    %store/vec4 v0x5da66c93d670_0, 0, 4;
    %delay 10, 0;
    %pushi/vec4 9, 0, 4;
    %store/vec4 v0x5da66c93d670_0, 0, 4;
    %delay 10, 0;
    %vpi_call 2 22 "$finish" {0 0 0};
    %end;
    .thread T_1;
# The file index is used to find the file name in the following table.
:file_names 4;
    "N/A";
    "<interactive>";
    "bcdto2421_tb.v";
    "bcdto2421.v";
