#! /usr/bin/vvp
:ivl_version "12.0 (stable)";
:ivl_delay_selection "TYPICAL";
:vpi_time_precision + 0;
:vpi_module "/usr/lib/x86_64-linux-gnu/ivl/system.vpi";
:vpi_module "/usr/lib/x86_64-linux-gnu/ivl/vhdl_sys.vpi";
:vpi_module "/usr/lib/x86_64-linux-gnu/ivl/vhdl_textio.vpi";
:vpi_module "/usr/lib/x86_64-linux-gnu/ivl/v2005_math.vpi";
:vpi_module "/usr/lib/x86_64-linux-gnu/ivl/va_math.vpi";
S_0x5c6c8d56dff0 .scope module, "netdatatypes_tb" "netdatatypes_tb" 2 1;
 .timescale 0 0;
v0x5c6c8d598ed0_0 .var "a", 0 0;
v0x5c6c8d598f90_0 .var "b", 0 0;
RS_0x78a165a661f8 .resolv triand, L_0x5c6c8d599830, L_0x5c6c8d599970;
v0x5c6c8d599030_0 .net8 "tri_and", 0 0, RS_0x78a165a661f8;  2 drivers
RS_0x78a165a66228 .resolv trior, L_0x5c6c8d599610, L_0x5c6c8d599700;
v0x5c6c8d5990d0_0 .net8 "tri_or", 0 0, RS_0x78a165a66228;  2 drivers
RS_0x78a165a66258 .resolv triand, L_0x5c6c8d5992e0, L_0x5c6c8d5993f0;
v0x5c6c8d599170_0 .net8 "w_and", 0 0, RS_0x78a165a66258;  2 drivers
RS_0x78a165a66288 .resolv trior, L_0x5c6c8d5994b0, L_0x5c6c8d599570;
v0x5c6c8d599210_0 .net8 "w_or", 0 0, RS_0x78a165a66288;  2 drivers
S_0x5c6c8d582000 .scope module, "dut" "netdatatypes" 2 6, 3 1 0, S_0x5c6c8d56dff0;
 .timescale 0 0;
    .port_info 0 /INPUT 1 "a";
    .port_info 1 /INPUT 1 "b";
    .port_info 2 /OUTPUT 1 "w_and";
    .port_info 3 /OUTPUT 1 "w_or";
    .port_info 4 /OUTPUT 1 "tri_or";
    .port_info 5 /OUTPUT 1 "tri_and";
L_0x5c6c8d5992e0 .functor BUFZ 1, v0x5c6c8d598ed0_0, C4<0>, C4<0>, C4<0>;
L_0x5c6c8d5993f0 .functor BUFZ 1, v0x5c6c8d598f90_0, C4<0>, C4<0>, C4<0>;
L_0x5c6c8d5994b0 .functor BUFZ 1, v0x5c6c8d598ed0_0, C4<0>, C4<0>, C4<0>;
L_0x5c6c8d599570 .functor BUFZ 1, v0x5c6c8d598f90_0, C4<0>, C4<0>, C4<0>;
o0x78a165a66018 .functor BUFZ 1, C4<z>; HiZ drive
; Elide local net with no drivers, v0x5c6c8d56fe90_0 name=_ivl_10
L_0x78a1657b7060 .functor BUFT 1, C4<1>, C4<0>, C4<0>, C4<0>;
v0x5c6c8d56f360_0 .net/2u *"_ivl_14", 0 0, L_0x78a1657b7060;  1 drivers
o0x78a165a66078 .functor BUFZ 1, C4<z>; HiZ drive
; Elide local net with no drivers, v0x5c6c8d56e7d0_0 name=_ivl_16
L_0x78a1657b70a8 .functor BUFT 1, C4<1>, C4<0>, C4<0>, C4<0>;
v0x5c6c8d5984e0_0 .net/2u *"_ivl_20", 0 0, L_0x78a1657b70a8;  1 drivers
o0x78a165a660d8 .functor BUFZ 1, C4<z>; HiZ drive
; Elide local net with no drivers, v0x5c6c8d5985c0_0 name=_ivl_22
L_0x78a1657b70f0 .functor BUFT 1, C4<1>, C4<0>, C4<0>, C4<0>;
v0x5c6c8d5986f0_0 .net/2u *"_ivl_26", 0 0, L_0x78a1657b70f0;  1 drivers
o0x78a165a66138 .functor BUFZ 1, C4<z>; HiZ drive
; Elide local net with no drivers, v0x5c6c8d5987d0_0 name=_ivl_28
L_0x78a1657b7018 .functor BUFT 1, C4<1>, C4<0>, C4<0>, C4<0>;
v0x5c6c8d5988b0_0 .net/2u *"_ivl_8", 0 0, L_0x78a1657b7018;  1 drivers
v0x5c6c8d598990_0 .net "a", 0 0, v0x5c6c8d598ed0_0;  1 drivers
v0x5c6c8d598a50_0 .net "b", 0 0, v0x5c6c8d598f90_0;  1 drivers
v0x5c6c8d598b10_0 .net8 "tri_and", 0 0, RS_0x78a165a661f8;  alias, 2 drivers
v0x5c6c8d598bd0_0 .net8 "tri_or", 0 0, RS_0x78a165a66228;  alias, 2 drivers
v0x5c6c8d598c90_0 .net8 "w_and", 0 0, RS_0x78a165a66258;  alias, 2 drivers
v0x5c6c8d598d50_0 .net8 "w_or", 0 0, RS_0x78a165a66288;  alias, 2 drivers
L_0x5c6c8d599610 .functor MUXZ 1, o0x78a165a66018, L_0x78a1657b7018, v0x5c6c8d598ed0_0, C4<>;
L_0x5c6c8d599700 .functor MUXZ 1, o0x78a165a66078, L_0x78a1657b7060, v0x5c6c8d598f90_0, C4<>;
L_0x5c6c8d599830 .functor MUXZ 1, o0x78a165a660d8, L_0x78a1657b70a8, v0x5c6c8d598ed0_0, C4<>;
L_0x5c6c8d599970 .functor MUXZ 1, o0x78a165a66138, L_0x78a1657b70f0, v0x5c6c8d598f90_0, C4<>;
    .scope S_0x5c6c8d56dff0;
T_0 ;
    %vpi_call 2 15 "$dumpfile", "netdatatypes.vcd" {0 0 0};
    %vpi_call 2 16 "$dumpvars", 32'sb00000000000000000000000000000000, S_0x5c6c8d56dff0 {0 0 0};
    %vpi_call 2 17 "$monitor", "$time=%0t |a=%b b=%b |w_and=%b w_or=%b tri_or=%b tri_and=%b", $time, v0x5c6c8d598ed0_0, v0x5c6c8d598f90_0, v0x5c6c8d599170_0, v0x5c6c8d599210_0, v0x5c6c8d5990d0_0, v0x5c6c8d599030_0 {0 0 0};
    %pushi/vec4 0, 0, 1;
    %store/vec4 v0x5c6c8d598ed0_0, 0, 1;
    %pushi/vec4 1, 0, 1;
    %store/vec4 v0x5c6c8d598f90_0, 0, 1;
    %delay 10, 0;
    %pushi/vec4 1, 0, 1;
    %store/vec4 v0x5c6c8d598ed0_0, 0, 1;
    %pushi/vec4 0, 0, 1;
    %store/vec4 v0x5c6c8d598f90_0, 0, 1;
    %delay 10, 0;
    %pushi/vec4 1, 0, 1;
    %store/vec4 v0x5c6c8d598ed0_0, 0, 1;
    %pushi/vec4 1, 0, 1;
    %store/vec4 v0x5c6c8d598f90_0, 0, 1;
    %delay 10, 0;
    %vpi_call 2 23 "$finish" {0 0 0};
    %end;
    .thread T_0;
# The file index is used to find the file name in the following table.
:file_names 4;
    "N/A";
    "<interactive>";
    "netdatatypes_tb.v";
    "netdatatypes.v";
