#! /usr/bin/vvp
:ivl_version "12.0 (stable)";
:ivl_delay_selection "TYPICAL";
:vpi_time_precision + 0;
:vpi_module "/usr/lib/x86_64-linux-gnu/ivl/system.vpi";
:vpi_module "/usr/lib/x86_64-linux-gnu/ivl/vhdl_sys.vpi";
:vpi_module "/usr/lib/x86_64-linux-gnu/ivl/vhdl_textio.vpi";
:vpi_module "/usr/lib/x86_64-linux-gnu/ivl/v2005_math.vpi";
:vpi_module "/usr/lib/x86_64-linux-gnu/ivl/va_math.vpi";
S_0x627af11ae700 .scope module, "partselect_tb" "partselect_tb" 2 1;
 .timescale 0 0;
v0x627af11bfb50_0 .var "a", 7 0;
v0x627af11bfc10_0 .net "low", 3 0, L_0x627af11bfce0;  1 drivers
S_0x627af11ae890 .scope module, "dut" "partselect" 2 5, 3 1 0, S_0x627af11ae700;
 .timescale 0 0;
    .port_info 0 /INPUT 8 "a";
    .port_info 1 /OUTPUT 4 "low";
v0x627af11aea70_0 .net "a", 7 0, v0x627af11bfb50_0;  1 drivers
v0x627af11bfa10_0 .net "low", 3 0, L_0x627af11bfce0;  alias, 1 drivers
L_0x627af11bfce0 .part v0x627af11bfb50_0, 0, 4;
    .scope S_0x627af11ae700;
T_0 ;
    %vpi_call 2 10 "$monitor", "$time=%0t | a=%b |low=%b", $time, v0x627af11bfb50_0, v0x627af11bfc10_0 {0 0 0};
    %vpi_call 2 11 "$dumpfile", "partselect.vcd" {0 0 0};
    %vpi_call 2 12 "$dumpvars", 32'sb00000000000000000000000000000000, S_0x627af11ae700 {0 0 0};
    %pushi/vec4 219, 0, 8;
    %store/vec4 v0x627af11bfb50_0, 0, 8;
    %delay 10, 0;
    %pushi/vec4 60, 0, 8;
    %store/vec4 v0x627af11bfb50_0, 0, 8;
    %delay 10, 0;
    %vpi_call 2 15 "$finish" {0 0 0};
    %end;
    .thread T_0;
# The file index is used to find the file name in the following table.
:file_names 4;
    "N/A";
    "<interactive>";
    "partselect_tb.v";
    "partselect.v";
