#! /usr/bin/vvp
:ivl_version "12.0 (stable)";
:ivl_delay_selection "TYPICAL";
:vpi_time_precision + 0;
:vpi_module "/usr/lib/x86_64-linux-gnu/ivl/system.vpi";
:vpi_module "/usr/lib/x86_64-linux-gnu/ivl/vhdl_sys.vpi";
:vpi_module "/usr/lib/x86_64-linux-gnu/ivl/vhdl_textio.vpi";
:vpi_module "/usr/lib/x86_64-linux-gnu/ivl/v2005_math.vpi";
:vpi_module "/usr/lib/x86_64-linux-gnu/ivl/va_math.vpi";
S_0x6178a59c7160 .scope module, "evenoddcounter_tb" "evenoddcounter_tb" 2 1;
 .timescale 0 0;
v0x6178a59db040_0 .var "clk", 0 0;
v0x6178a59db100_0 .net "count", 3 0, v0x6178a59dad20_0;  1 drivers
v0x6178a59db1d0_0 .var "mode", 0 0;
v0x6178a59db2d0_0 .var "rst", 0 0;
S_0x6178a59c72f0 .scope module, "dut" "oddevencounter" 2 4, 3 1 0, S_0x6178a59c7160;
 .timescale 0 0;
    .port_info 0 /INPUT 1 "clk";
    .port_info 1 /INPUT 1 "rst";
    .port_info 2 /INPUT 1 "mode";
    .port_info 3 /OUTPUT 4 "count";
v0x6178a59c7540_0 .net "clk", 0 0, v0x6178a59db040_0;  1 drivers
v0x6178a59dad20_0 .var "count", 3 0;
v0x6178a59dae00_0 .net "mode", 0 0, v0x6178a59db1d0_0;  1 drivers
v0x6178a59daed0_0 .net "rst", 0 0, v0x6178a59db2d0_0;  1 drivers
E_0x6178a59c7e10 .event posedge, v0x6178a59daed0_0, v0x6178a59c7540_0;
    .scope S_0x6178a59c72f0;
T_0 ;
    %wait E_0x6178a59c7e10;
    %load/vec4 v0x6178a59daed0_0;
    %flag_set/vec4 8;
    %jmp/0xz  T_0.0, 8;
    %load/vec4 v0x6178a59dae00_0;
    %flag_set/vec4 8;
    %jmp/0 T_0.2, 8;
    %pushi/vec4 1, 0, 4;
    %jmp/1 T_0.3, 8;
T_0.2 ; End of true expr.
    %pushi/vec4 0, 0, 4;
    %jmp/0 T_0.3, 8;
 ; End of false expr.
    %blend;
T_0.3;
    %assign/vec4 v0x6178a59dad20_0, 0;
    %jmp T_0.1;
T_0.0 ;
    %load/vec4 v0x6178a59dad20_0;
    %addi 2, 0, 4;
    %assign/vec4 v0x6178a59dad20_0, 0;
T_0.1 ;
    %jmp T_0;
    .thread T_0;
    .scope S_0x6178a59c7160;
T_1 ;
    %delay 5, 0;
    %load/vec4 v0x6178a59db040_0;
    %inv;
    %store/vec4 v0x6178a59db040_0, 0, 1;
    %jmp T_1;
    .thread T_1;
    .scope S_0x6178a59c7160;
T_2 ;
    %vpi_call 2 7 "$monitor", "$time=%0t | clk=%b| rst=%b| mode=%b| count=%b", $time, v0x6178a59db040_0, v0x6178a59db2d0_0, v0x6178a59db1d0_0, v0x6178a59db100_0 {0 0 0};
    %vpi_call 2 8 "$dumpfile", "evenoddcounter.vcd" {0 0 0};
    %vpi_call 2 9 "$dumpvars", 32'sb00000000000000000000000000000000, S_0x6178a59c7160 {0 0 0};
    %pushi/vec4 0, 0, 1;
    %store/vec4 v0x6178a59db040_0, 0, 1;
    %pushi/vec4 1, 0, 1;
    %store/vec4 v0x6178a59db2d0_0, 0, 1;
    %pushi/vec4 0, 0, 1;
    %store/vec4 v0x6178a59db1d0_0, 0, 1;
    %delay 10, 0;
    %pushi/vec4 0, 0, 1;
    %store/vec4 v0x6178a59db2d0_0, 0, 1;
    %delay 40, 0;
    %pushi/vec4 1, 0, 1;
    %store/vec4 v0x6178a59db1d0_0, 0, 1;
    %delay 10, 0;
    %pushi/vec4 1, 0, 1;
    %store/vec4 v0x6178a59db2d0_0, 0, 1;
    %delay 10, 0;
    %pushi/vec4 0, 0, 1;
    %store/vec4 v0x6178a59db2d0_0, 0, 1;
    %delay 40, 0;
    %vpi_call 2 15 "$finish" {0 0 0};
    %end;
    .thread T_2;
# The file index is used to find the file name in the following table.
:file_names 4;
    "N/A";
    "<interactive>";
    "evenoddcounter_tb.v";
    "evenoddcounter.v";
