#! /usr/bin/vvp
:ivl_version "12.0 (stable)";
:ivl_delay_selection "TYPICAL";
:vpi_time_precision + 0;
:vpi_module "/usr/lib/x86_64-linux-gnu/ivl/system.vpi";
:vpi_module "/usr/lib/x86_64-linux-gnu/ivl/vhdl_sys.vpi";
:vpi_module "/usr/lib/x86_64-linux-gnu/ivl/vhdl_textio.vpi";
:vpi_module "/usr/lib/x86_64-linux-gnu/ivl/v2005_math.vpi";
:vpi_module "/usr/lib/x86_64-linux-gnu/ivl/va_math.vpi";
S_0x64fc3209d9c0 .scope module, "concatenation_operator_tb" "concatenation_operator_tb" 2 1;
 .timescale 0 0;
v0x64fc320af820_0 .var "a", 3 0;
v0x64fc320af910_0 .var "b", 3 0;
v0x64fc320af9e0_0 .net "y", 7 0, L_0x64fc320afae0;  1 drivers
S_0x64fc3209db50 .scope module, "dut" "concatenation_operator" 2 5, 3 1 0, S_0x64fc3209d9c0;
 .timescale 0 0;
    .port_info 0 /INPUT 4 "a";
    .port_info 1 /INPUT 4 "b";
    .port_info 2 /OUTPUT 8 "y";
v0x64fc3209dd80_0 .net "a", 3 0, v0x64fc320af820_0;  1 drivers
v0x64fc320af600_0 .net "b", 3 0, v0x64fc320af910_0;  1 drivers
v0x64fc320af6e0_0 .net "y", 7 0, L_0x64fc320afae0;  alias, 1 drivers
L_0x64fc320afae0 .concat [ 4 4 0 0], v0x64fc320af910_0, v0x64fc320af820_0;
    .scope S_0x64fc3209d9c0;
T_0 ;
    %vpi_call 2 7 "$monitor", "$time=%0t | a=%b| b=%b| y=%b", $time, v0x64fc320af820_0, v0x64fc320af910_0, v0x64fc320af9e0_0 {0 0 0};
    %vpi_call 2 8 "$dumpfile", "concatenation_operator.vcd" {0 0 0};
    %vpi_call 2 9 "$dumpvars", 32'sb00000000000000000000000000000000, S_0x64fc3209d9c0 {0 0 0};
    %pushi/vec4 10, 0, 4;
    %store/vec4 v0x64fc320af820_0, 0, 4;
    %pushi/vec4 6, 0, 4;
    %store/vec4 v0x64fc320af910_0, 0, 4;
    %delay 10, 0;
    %vpi_call 2 11 "$finish" {0 0 0};
    %end;
    .thread T_0;
# The file index is used to find the file name in the following table.
:file_names 4;
    "N/A";
    "<interactive>";
    "concatenation_operator_tb.v";
    "concatenation_operator.v";
