#! /usr/bin/vvp
:ivl_version "12.0 (stable)";
:ivl_delay_selection "TYPICAL";
:vpi_time_precision + 0;
:vpi_module "/usr/lib/x86_64-linux-gnu/ivl/system.vpi";
:vpi_module "/usr/lib/x86_64-linux-gnu/ivl/vhdl_sys.vpi";
:vpi_module "/usr/lib/x86_64-linux-gnu/ivl/vhdl_textio.vpi";
:vpi_module "/usr/lib/x86_64-linux-gnu/ivl/v2005_math.vpi";
:vpi_module "/usr/lib/x86_64-linux-gnu/ivl/va_math.vpi";
S_0x60d706df5300 .scope module, "demux1to8using1toN_tb" "demux1to8using1toN_tb" 2 1;
 .timescale 0 0;
v0x60d706e09ee0_0 .var "D", 0 0;
v0x60d706e09fb0_0 .var "S", 2 0;
v0x60d706e0a080_0 .net "Y", 7 0, v0x60d706e09d70_0;  1 drivers
S_0x60d706df5490 .scope module, "dut" "demux1to8using1toN" 2 9, 3 1 0, S_0x60d706df5300;
 .timescale 0 0;
    .port_info 0 /INPUT 1 "D";
    .port_info 1 /INPUT 3 "S";
    .port_info 2 /OUTPUT 8 "Y";
P_0x60d706de0b70 .param/l "N" 0 3 2, +C4<00000000000000000000000000001000>;
P_0x60d706de0bb0 .param/l "SEL" 0 3 3, +C4<00000000000000000000000000000011>;
v0x60d706de4910_0 .net "D", 0 0, v0x60d706e09ee0_0;  1 drivers
v0x60d706e09c90_0 .net "S", 2 0, v0x60d706e09fb0_0;  1 drivers
v0x60d706e09d70_0 .var "Y", 7 0;
E_0x60d706df3d00 .event anyedge, v0x60d706de4910_0, v0x60d706e09c90_0;
    .scope S_0x60d706df5490;
T_0 ;
    %wait E_0x60d706df3d00;
    %pushi/vec4 0, 0, 8;
    %store/vec4 v0x60d706e09d70_0, 0, 8;
    %load/vec4 v0x60d706de4910_0;
    %ix/getv 4, v0x60d706e09c90_0;
    %store/vec4 v0x60d706e09d70_0, 4, 1;
    %jmp T_0;
    .thread T_0, $push;
    .scope S_0x60d706df5300;
T_1 ;
    %vpi_call 2 15 "$monitor", "$time=%0t|D=%b|S=%b|Y=%b|", $time, v0x60d706e09ee0_0, v0x60d706e09fb0_0, v0x60d706e0a080_0 {0 0 0};
    %vpi_call 2 16 "$dumpfile", "demux1to8using1toN.vcd" {0 0 0};
    %vpi_call 2 17 "$dumpvars", 32'sb00000000000000000000000000000000, S_0x60d706df5300 {0 0 0};
    %pushi/vec4 1, 0, 1;
    %store/vec4 v0x60d706e09ee0_0, 0, 1;
    %pushi/vec4 0, 0, 3;
    %store/vec4 v0x60d706e09fb0_0, 0, 3;
    %delay 10, 0;
    %pushi/vec4 1, 0, 3;
    %store/vec4 v0x60d706e09fb0_0, 0, 3;
    %delay 10, 0;
    %pushi/vec4 2, 0, 3;
    %store/vec4 v0x60d706e09fb0_0, 0, 3;
    %delay 10, 0;
    %pushi/vec4 3, 0, 3;
    %store/vec4 v0x60d706e09fb0_0, 0, 3;
    %delay 10, 0;
    %pushi/vec4 4, 0, 3;
    %store/vec4 v0x60d706e09fb0_0, 0, 3;
    %delay 10, 0;
    %pushi/vec4 5, 0, 3;
    %store/vec4 v0x60d706e09fb0_0, 0, 3;
    %delay 10, 0;
    %pushi/vec4 6, 0, 3;
    %store/vec4 v0x60d706e09fb0_0, 0, 3;
    %delay 10, 0;
    %pushi/vec4 7, 0, 3;
    %store/vec4 v0x60d706e09fb0_0, 0, 3;
    %delay 10, 0;
    %pushi/vec4 0, 0, 1;
    %store/vec4 v0x60d706e09ee0_0, 0, 1;
    %pushi/vec4 3, 0, 3;
    %store/vec4 v0x60d706e09fb0_0, 0, 3;
    %delay 10, 0;
    %vpi_call 2 30 "$finish" {0 0 0};
    %end;
    .thread T_1;
# The file index is used to find the file name in the following table.
:file_names 4;
    "N/A";
    "<interactive>";
    "demux1to8using1toN_tb.v";
    "demux1to8using1toN.v";
