#! /usr/bin/vvp
:ivl_version "12.0 (stable)";
:ivl_delay_selection "TYPICAL";
:vpi_time_precision + 0;
:vpi_module "/usr/lib/x86_64-linux-gnu/ivl/system.vpi";
:vpi_module "/usr/lib/x86_64-linux-gnu/ivl/vhdl_sys.vpi";
:vpi_module "/usr/lib/x86_64-linux-gnu/ivl/vhdl_textio.vpi";
:vpi_module "/usr/lib/x86_64-linux-gnu/ivl/v2005_math.vpi";
:vpi_module "/usr/lib/x86_64-linux-gnu/ivl/va_math.vpi";
S_0x6211b6b91da0 .scope module, "siso_tb" "siso_tb" 2 1;
 .timescale 0 0;
v0x6211b6ba5620_0 .var "clk", 0 0;
v0x6211b6ba56e0_0 .var "rst", 0 0;
v0x6211b6ba57b0_0 .var "serial_in", 0 0;
v0x6211b6ba58b0_0 .net "serial_out", 0 0, v0x6211b6ba54b0_0;  1 drivers
S_0x6211b6b91f30 .scope module, "dut" "siso" 2 4, 3 1 0, S_0x6211b6b91da0;
 .timescale 0 0;
    .port_info 0 /INPUT 1 "clk";
    .port_info 1 /INPUT 1 "rst";
    .port_info 2 /INPUT 1 "serial_in";
    .port_info 3 /OUTPUT 1 "serial_out";
v0x6211b6b92180_0 .net "clk", 0 0, v0x6211b6ba5620_0;  1 drivers
v0x6211b6ba5320_0 .net "rst", 0 0, v0x6211b6ba56e0_0;  1 drivers
v0x6211b6ba53e0_0 .net "serial_in", 0 0, v0x6211b6ba57b0_0;  1 drivers
v0x6211b6ba54b0_0 .var "serial_out", 0 0;
E_0x6211b6b90ed0 .event posedge, v0x6211b6ba5320_0, v0x6211b6b92180_0;
    .scope S_0x6211b6b91f30;
T_0 ;
    %wait E_0x6211b6b90ed0;
    %load/vec4 v0x6211b6ba5320_0;
    %flag_set/vec4 8;
    %jmp/0xz  T_0.0, 8;
    %pushi/vec4 0, 0, 1;
    %assign/vec4 v0x6211b6ba54b0_0, 0;
    %jmp T_0.1;
T_0.0 ;
    %load/vec4 v0x6211b6ba53e0_0;
    %assign/vec4 v0x6211b6ba54b0_0, 0;
T_0.1 ;
    %jmp T_0;
    .thread T_0;
    .scope S_0x6211b6b91da0;
T_1 ;
    %delay 5, 0;
    %load/vec4 v0x6211b6ba5620_0;
    %inv;
    %store/vec4 v0x6211b6ba5620_0, 0, 1;
    %jmp T_1;
    .thread T_1;
    .scope S_0x6211b6b91da0;
T_2 ;
    %vpi_call 2 7 "$monitor", "$time=%0t| clk=%b| rst=%b|serial_in=%b | serial_out=%b", $time, v0x6211b6ba5620_0, v0x6211b6ba56e0_0, v0x6211b6ba57b0_0, v0x6211b6ba58b0_0 {0 0 0};
    %vpi_call 2 8 "$dumpfile", "siso.vcd" {0 0 0};
    %vpi_call 2 9 "$dumpvars", 32'sb00000000000000000000000000000000, S_0x6211b6b91da0 {0 0 0};
    %pushi/vec4 0, 0, 1;
    %store/vec4 v0x6211b6ba5620_0, 0, 1;
    %pushi/vec4 1, 0, 1;
    %store/vec4 v0x6211b6ba56e0_0, 0, 1;
    %pushi/vec4 0, 0, 1;
    %store/vec4 v0x6211b6ba57b0_0, 0, 1;
    %delay 10, 0;
    %pushi/vec4 0, 0, 1;
    %store/vec4 v0x6211b6ba56e0_0, 0, 1;
    %delay 10, 0;
    %pushi/vec4 1, 0, 1;
    %store/vec4 v0x6211b6ba57b0_0, 0, 1;
    %delay 10, 0;
    %pushi/vec4 0, 0, 1;
    %store/vec4 v0x6211b6ba57b0_0, 0, 1;
    %delay 10, 0;
    %pushi/vec4 1, 0, 1;
    %store/vec4 v0x6211b6ba57b0_0, 0, 1;
    %delay 20, 0;
    %vpi_call 2 15 "$finish" {0 0 0};
    %end;
    .thread T_2;
# The file index is used to find the file name in the following table.
:file_names 4;
    "N/A";
    "<interactive>";
    "siso_tb.v";
    "siso.v";
