#! /usr/bin/vvp
:ivl_version "12.0 (stable)";
:ivl_delay_selection "TYPICAL";
:vpi_time_precision + 0;
:vpi_module "/usr/lib/x86_64-linux-gnu/ivl/system.vpi";
:vpi_module "/usr/lib/x86_64-linux-gnu/ivl/vhdl_sys.vpi";
:vpi_module "/usr/lib/x86_64-linux-gnu/ivl/vhdl_textio.vpi";
:vpi_module "/usr/lib/x86_64-linux-gnu/ivl/v2005_math.vpi";
:vpi_module "/usr/lib/x86_64-linux-gnu/ivl/va_math.vpi";
S_0x648fbd3b1250 .scope module, "relational_operator_tb" "relational_operator_tb" 2 1;
 .timescale 0 0;
v0x648fbd3c4790_0 .var "a", 3 0;
v0x648fbd3c4870_0 .var "b", 3 0;
v0x648fbd3c4910_0 .net "eq", 0 0, L_0x648fbd3c4e20;  1 drivers
v0x648fbd3c49e0_0 .net "gt", 0 0, L_0x648fbd3c4ba0;  1 drivers
v0x648fbd3c4ab0_0 .net "lt", 0 0, L_0x648fbd3c4d30;  1 drivers
S_0x648fbd3b13e0 .scope module, "dut" "relational_operator" 2 5, 3 1 0, S_0x648fbd3b1250;
 .timescale 0 0;
    .port_info 0 /INPUT 4 "a";
    .port_info 1 /INPUT 4 "b";
    .port_info 2 /OUTPUT 1 "gt";
    .port_info 3 /OUTPUT 1 "lt";
    .port_info 4 /OUTPUT 1 "eq";
v0x648fbd3b15c0_0 .net "a", 3 0, v0x648fbd3c4790_0;  1 drivers
v0x648fbd3c43a0_0 .net "b", 3 0, v0x648fbd3c4870_0;  1 drivers
v0x648fbd3c4480_0 .net "eq", 0 0, L_0x648fbd3c4e20;  alias, 1 drivers
v0x648fbd3c4520_0 .net "gt", 0 0, L_0x648fbd3c4ba0;  alias, 1 drivers
v0x648fbd3c45e0_0 .net "lt", 0 0, L_0x648fbd3c4d30;  alias, 1 drivers
L_0x648fbd3c4ba0 .cmp/gt 4, v0x648fbd3c4790_0, v0x648fbd3c4870_0;
L_0x648fbd3c4d30 .cmp/gt 4, v0x648fbd3c4870_0, v0x648fbd3c4790_0;
L_0x648fbd3c4e20 .cmp/eq 4, v0x648fbd3c4790_0, v0x648fbd3c4870_0;
    .scope S_0x648fbd3b1250;
T_0 ;
    %vpi_call 2 13 "$monitor", $time, " a=%d b=%d | gt=%b lt=%b eq=%b", v0x648fbd3c4790_0, v0x648fbd3c4870_0, v0x648fbd3c49e0_0, v0x648fbd3c4ab0_0, v0x648fbd3c4910_0 {0 0 0};
    %vpi_call 2 14 "$dumpfile", "relational_operator.vcd" {0 0 0};
    %vpi_call 2 15 "$dumpvars", 32'sb00000000000000000000000000000000, S_0x648fbd3b1250 {0 0 0};
    %pushi/vec4 5, 0, 4;
    %store/vec4 v0x648fbd3c4790_0, 0, 4;
    %pushi/vec4 3, 0, 4;
    %store/vec4 v0x648fbd3c4870_0, 0, 4;
    %delay 10, 0;
    %vpi_call 2 17 "$finish" {0 0 0};
    %end;
    .thread T_0;
# The file index is used to find the file name in the following table.
:file_names 4;
    "N/A";
    "<interactive>";
    "relational_operator_tb.v";
    "relational_operator.v";
