#! /usr/bin/vvp
:ivl_version "12.0 (stable)";
:ivl_delay_selection "TYPICAL";
:vpi_time_precision + 0;
:vpi_module "/usr/lib/x86_64-linux-gnu/ivl/system.vpi";
:vpi_module "/usr/lib/x86_64-linux-gnu/ivl/vhdl_sys.vpi";
:vpi_module "/usr/lib/x86_64-linux-gnu/ivl/vhdl_textio.vpi";
:vpi_module "/usr/lib/x86_64-linux-gnu/ivl/v2005_math.vpi";
:vpi_module "/usr/lib/x86_64-linux-gnu/ivl/va_math.vpi";
S_0x579ee5e6dd70 .scope module, "mux2to1_case_tb" "mux2to1_case_tb" 2 1;
 .timescale 0 0;
v0x579ee5e80c80_0 .var "a", 0 0;
v0x579ee5e80d40_0 .var "b", 0 0;
v0x579ee5e80e10_0 .var "s", 0 0;
v0x579ee5e80f10_0 .net "y", 0 0, v0x579ee5e80b10_0;  1 drivers
S_0x579ee5e6df00 .scope module, "dut" "mux2to1_case" 2 4, 3 1 0, S_0x579ee5e6dd70;
 .timescale 0 0;
    .port_info 0 /INPUT 1 "a";
    .port_info 1 /INPUT 1 "b";
    .port_info 2 /INPUT 1 "s";
    .port_info 3 /OUTPUT 1 "y";
v0x579ee5e6e150_0 .net "a", 0 0, v0x579ee5e80c80_0;  1 drivers
v0x579ee5e80980_0 .net "b", 0 0, v0x579ee5e80d40_0;  1 drivers
v0x579ee5e80a40_0 .net "s", 0 0, v0x579ee5e80e10_0;  1 drivers
v0x579ee5e80b10_0 .var "y", 0 0;
E_0x579ee5e6cc40 .event anyedge, v0x579ee5e80a40_0, v0x579ee5e6e150_0, v0x579ee5e80980_0;
    .scope S_0x579ee5e6df00;
T_0 ;
    %wait E_0x579ee5e6cc40;
    %load/vec4 v0x579ee5e80a40_0;
    %dup/vec4;
    %pushi/vec4 0, 0, 1;
    %cmp/u;
    %jmp/1 T_0.0, 6;
    %dup/vec4;
    %pushi/vec4 1, 0, 1;
    %cmp/u;
    %jmp/1 T_0.1, 6;
    %jmp T_0.2;
T_0.0 ;
    %load/vec4 v0x579ee5e6e150_0;
    %store/vec4 v0x579ee5e80b10_0, 0, 1;
    %jmp T_0.2;
T_0.1 ;
    %load/vec4 v0x579ee5e80980_0;
    %store/vec4 v0x579ee5e80b10_0, 0, 1;
    %jmp T_0.2;
T_0.2 ;
    %pop/vec4 1;
    %jmp T_0;
    .thread T_0, $push;
    .scope S_0x579ee5e6dd70;
T_1 ;
    %vpi_call 2 11 "$monitor", "$time=%0t,|a=%b| b=%b| s=%b| y=%b", $time, v0x579ee5e80c80_0, v0x579ee5e80d40_0, v0x579ee5e80e10_0, v0x579ee5e80f10_0 {0 0 0};
    %vpi_call 2 12 "$dumpfile", "mux2to1_case.vcd" {0 0 0};
    %vpi_call 2 13 "$dumpvars", 32'sb00000000000000000000000000000000, S_0x579ee5e6dd70 {0 0 0};
    %pushi/vec4 0, 0, 1;
    %store/vec4 v0x579ee5e80c80_0, 0, 1;
    %pushi/vec4 1, 0, 1;
    %store/vec4 v0x579ee5e80d40_0, 0, 1;
    %pushi/vec4 0, 0, 1;
    %store/vec4 v0x579ee5e80e10_0, 0, 1;
    %delay 10, 0;
    %pushi/vec4 1, 0, 1;
    %store/vec4 v0x579ee5e80c80_0, 0, 1;
    %pushi/vec4 0, 0, 1;
    %store/vec4 v0x579ee5e80d40_0, 0, 1;
    %pushi/vec4 1, 0, 1;
    %store/vec4 v0x579ee5e80e10_0, 0, 1;
    %delay 10, 0;
    %vpi_call 2 16 "$finish" {0 0 0};
    %end;
    .thread T_1;
# The file index is used to find the file name in the following table.
:file_names 4;
    "N/A";
    "<interactive>";
    "mux2to1_case_tb.v";
    "mux2to1_case.v";
