#! /usr/bin/vvp
:ivl_version "12.0 (stable)";
:ivl_delay_selection "TYPICAL";
:vpi_time_precision + 0;
:vpi_module "/usr/lib/x86_64-linux-gnu/ivl/system.vpi";
:vpi_module "/usr/lib/x86_64-linux-gnu/ivl/vhdl_sys.vpi";
:vpi_module "/usr/lib/x86_64-linux-gnu/ivl/vhdl_textio.vpi";
:vpi_module "/usr/lib/x86_64-linux-gnu/ivl/v2005_math.vpi";
:vpi_module "/usr/lib/x86_64-linux-gnu/ivl/va_math.vpi";
S_0x5685b1a7e710 .scope module, "binarytogray_tb" "binarytogray_tb" 2 1;
 .timescale 0 0;
v0x5685b1a91db0_0 .var "bin", 3 0;
v0x5685b1a91e70_0 .net "gray", 3 0, L_0x5685b1a921d0;  1 drivers
S_0x5685b1a7e8a0 .scope module, "dut" "binarytogray" 2 4, 3 1 0, S_0x5685b1a7e710;
 .timescale 0 0;
    .port_info 0 /INPUT 4 "bin";
    .port_info 1 /OUTPUT 4 "gray";
L_0x5685b1a921d0 .functor XOR 4, v0x5685b1a91db0_0, L_0x5685b1a92060, C4<0000>, C4<0000>;
v0x5685b1a7ea80_0 .net *"_ivl_0", 3 0, L_0x5685b1a92060;  1 drivers
v0x5685b1a919a0_0 .net *"_ivl_2", 2 0, L_0x5685b1a91f40;  1 drivers
L_0x77c3becaa018 .functor BUFT 1, C4<0>, C4<0>, C4<0>, C4<0>;
v0x5685b1a91a80_0 .net *"_ivl_4", 0 0, L_0x77c3becaa018;  1 drivers
v0x5685b1a91b40_0 .net "bin", 3 0, v0x5685b1a91db0_0;  1 drivers
v0x5685b1a91c20_0 .net "gray", 3 0, L_0x5685b1a921d0;  alias, 1 drivers
L_0x5685b1a91f40 .part v0x5685b1a91db0_0, 1, 3;
L_0x5685b1a92060 .concat [ 3 1 0 0], L_0x5685b1a91f40, L_0x77c3becaa018;
    .scope S_0x5685b1a7e710;
T_0 ;
    %vpi_call 2 9 "$monitor", "%0t | %b | %b", $time, v0x5685b1a91db0_0, v0x5685b1a91e70_0 {0 0 0};
    %vpi_call 2 10 "$dumpfile", "binarytogray.vcd" {0 0 0};
    %vpi_call 2 11 "$dumpvars", 32'sb00000000000000000000000000000000, S_0x5685b1a7e710 {0 0 0};
    %vpi_call 2 12 "$display", "Time  Binary  Gray" {0 0 0};
    %pushi/vec4 0, 0, 4;
    %store/vec4 v0x5685b1a91db0_0, 0, 4;
    %delay 10, 0;
    %pushi/vec4 1, 0, 4;
    %store/vec4 v0x5685b1a91db0_0, 0, 4;
    %delay 10, 0;
    %pushi/vec4 2, 0, 4;
    %store/vec4 v0x5685b1a91db0_0, 0, 4;
    %delay 10, 0;
    %pushi/vec4 3, 0, 4;
    %store/vec4 v0x5685b1a91db0_0, 0, 4;
    %delay 10, 0;
    %pushi/vec4 4, 0, 4;
    %store/vec4 v0x5685b1a91db0_0, 0, 4;
    %delay 10, 0;
    %pushi/vec4 11, 0, 4;
    %store/vec4 v0x5685b1a91db0_0, 0, 4;
    %delay 10, 0;
    %vpi_call 2 19 "$finish" {0 0 0};
    %end;
    .thread T_0;
# The file index is used to find the file name in the following table.
:file_names 4;
    "N/A";
    "<interactive>";
    "binarytogray_tb.v";
    "binarytogray.v";
