#! /usr/bin/vvp
:ivl_version "12.0 (stable)";
:ivl_delay_selection "TYPICAL";
:vpi_time_precision + 0;
:vpi_module "/usr/lib/x86_64-linux-gnu/ivl/system.vpi";
:vpi_module "/usr/lib/x86_64-linux-gnu/ivl/vhdl_sys.vpi";
:vpi_module "/usr/lib/x86_64-linux-gnu/ivl/vhdl_textio.vpi";
:vpi_module "/usr/lib/x86_64-linux-gnu/ivl/v2005_math.vpi";
:vpi_module "/usr/lib/x86_64-linux-gnu/ivl/va_math.vpi";
S_0x60ef8e6e42c0 .scope module, "nonoverlappingsequence101_tb" "nonoverlappingsequence101_tb" 2 1;
 .timescale 0 0;
v0x60ef8e6fb520_0 .var "clk", 0 0;
v0x60ef8e6fb5e0_0 .var "rst_n", 0 0;
v0x60ef8e6fb6b0_0 .var "x", 0 0;
v0x60ef8e6fb7b0_0 .net "z", 0 0, v0x60ef8e6fb3e0_0;  1 drivers
S_0x60ef8e6e4450 .scope module, "dut" "nonoverlappingsequence101" 2 6, 3 1 0, S_0x60ef8e6e42c0;
 .timescale 0 0;
    .port_info 0 /INPUT 1 "clk";
    .port_info 1 /INPUT 1 "rst_n";
    .port_info 2 /INPUT 1 "x";
    .port_info 3 /OUTPUT 1 "z";
P_0x60ef8e6e45e0 .param/l "A" 0 3 7, C4<00>;
P_0x60ef8e6e4620 .param/l "B" 0 3 8, C4<01>;
P_0x60ef8e6e4660 .param/l "C" 0 3 9, C4<10>;
v0x60ef8e6ceb70_0 .net "clk", 0 0, v0x60ef8e6fb520_0;  1 drivers
v0x60ef8e6fb040_0 .var "next_state", 1 0;
v0x60ef8e6fb120_0 .net "rst_n", 0 0, v0x60ef8e6fb5e0_0;  1 drivers
v0x60ef8e6fb1f0_0 .var "state", 1 0;
v0x60ef8e6fb2d0_0 .net "x", 0 0, v0x60ef8e6fb6b0_0;  1 drivers
v0x60ef8e6fb3e0_0 .var "z", 0 0;
E_0x60ef8e6e0c20 .event anyedge, v0x60ef8e6fb1f0_0, v0x60ef8e6fb2d0_0;
E_0x60ef8e6e0140/0 .event negedge, v0x60ef8e6fb120_0;
E_0x60ef8e6e0140/1 .event posedge, v0x60ef8e6ceb70_0;
E_0x60ef8e6e0140 .event/or E_0x60ef8e6e0140/0, E_0x60ef8e6e0140/1;
    .scope S_0x60ef8e6e4450;
T_0 ;
    %wait E_0x60ef8e6e0140;
    %load/vec4 v0x60ef8e6fb120_0;
    %nor/r;
    %flag_set/vec4 8;
    %jmp/0xz  T_0.0, 8;
    %pushi/vec4 0, 0, 2;
    %assign/vec4 v0x60ef8e6fb1f0_0, 0;
    %jmp T_0.1;
T_0.0 ;
    %load/vec4 v0x60ef8e6fb040_0;
    %assign/vec4 v0x60ef8e6fb1f0_0, 0;
T_0.1 ;
    %jmp T_0;
    .thread T_0;
    .scope S_0x60ef8e6e4450;
T_1 ;
    %wait E_0x60ef8e6e0c20;
    %load/vec4 v0x60ef8e6fb1f0_0;
    %dup/vec4;
    %pushi/vec4 0, 0, 2;
    %cmp/u;
    %jmp/1 T_1.0, 6;
    %dup/vec4;
    %pushi/vec4 1, 0, 2;
    %cmp/u;
    %jmp/1 T_1.1, 6;
    %dup/vec4;
    %pushi/vec4 2, 0, 2;
    %cmp/u;
    %jmp/1 T_1.2, 6;
    %pushi/vec4 0, 0, 2;
    %store/vec4 v0x60ef8e6fb040_0, 0, 2;
    %jmp T_1.4;
T_1.0 ;
    %load/vec4 v0x60ef8e6fb2d0_0;
    %flag_set/vec4 8;
    %jmp/0xz  T_1.5, 8;
    %pushi/vec4 1, 0, 2;
    %store/vec4 v0x60ef8e6fb040_0, 0, 2;
    %jmp T_1.6;
T_1.5 ;
    %pushi/vec4 0, 0, 2;
    %store/vec4 v0x60ef8e6fb040_0, 0, 2;
T_1.6 ;
    %jmp T_1.4;
T_1.1 ;
    %load/vec4 v0x60ef8e6fb2d0_0;
    %nor/r;
    %flag_set/vec4 8;
    %jmp/0xz  T_1.7, 8;
    %pushi/vec4 2, 0, 2;
    %store/vec4 v0x60ef8e6fb040_0, 0, 2;
    %jmp T_1.8;
T_1.7 ;
    %pushi/vec4 1, 0, 2;
    %store/vec4 v0x60ef8e6fb040_0, 0, 2;
T_1.8 ;
    %jmp T_1.4;
T_1.2 ;
    %load/vec4 v0x60ef8e6fb2d0_0;
    %flag_set/vec4 8;
    %jmp/0xz  T_1.9, 8;
    %pushi/vec4 0, 0, 2;
    %store/vec4 v0x60ef8e6fb040_0, 0, 2;
    %jmp T_1.10;
T_1.9 ;
    %pushi/vec4 0, 0, 2;
    %store/vec4 v0x60ef8e6fb040_0, 0, 2;
T_1.10 ;
    %jmp T_1.4;
T_1.4 ;
    %pop/vec4 1;
    %jmp T_1;
    .thread T_1, $push;
    .scope S_0x60ef8e6e4450;
T_2 ;
    %wait E_0x60ef8e6e0c20;
    %load/vec4 v0x60ef8e6fb1f0_0;
    %cmpi/e 2, 0, 2;
    %flag_get/vec4 4;
    %jmp/0 T_2.2, 4;
    %load/vec4 v0x60ef8e6fb2d0_0;
    %and;
T_2.2;
    %flag_set/vec4 8;
    %jmp/0xz  T_2.0, 8;
    %pushi/vec4 1, 0, 1;
    %store/vec4 v0x60ef8e6fb3e0_0, 0, 1;
    %jmp T_2.1;
T_2.0 ;
    %pushi/vec4 0, 0, 1;
    %store/vec4 v0x60ef8e6fb3e0_0, 0, 1;
T_2.1 ;
    %jmp T_2;
    .thread T_2, $push;
    .scope S_0x60ef8e6e42c0;
T_3 ;
    %delay 5, 0;
    %load/vec4 v0x60ef8e6fb520_0;
    %inv;
    %store/vec4 v0x60ef8e6fb520_0, 0, 1;
    %jmp T_3;
    .thread T_3;
    .scope S_0x60ef8e6e42c0;
T_4 ;
    %vpi_call 2 14 "$monitor", "$time=%0t | x=%b | z=%b", $time, v0x60ef8e6fb6b0_0, v0x60ef8e6fb7b0_0 {0 0 0};
    %vpi_call 2 15 "$dumpfile", "nonoverlappingsequence101.vcd" {0 0 0};
    %vpi_call 2 16 "$dumpvars", 32'sb00000000000000000000000000000000, S_0x60ef8e6e42c0 {0 0 0};
    %pushi/vec4 0, 0, 1;
    %store/vec4 v0x60ef8e6fb520_0, 0, 1;
    %pushi/vec4 0, 0, 1;
    %store/vec4 v0x60ef8e6fb5e0_0, 0, 1;
    %pushi/vec4 0, 0, 1;
    %store/vec4 v0x60ef8e6fb6b0_0, 0, 1;
    %delay 12, 0;
    %pushi/vec4 1, 0, 1;
    %store/vec4 v0x60ef8e6fb5e0_0, 0, 1;
    %delay 10, 0;
    %pushi/vec4 1, 0, 1;
    %store/vec4 v0x60ef8e6fb6b0_0, 0, 1;
    %delay 10, 0;
    %pushi/vec4 0, 0, 1;
    %store/vec4 v0x60ef8e6fb6b0_0, 0, 1;
    %delay 10, 0;
    %pushi/vec4 1, 0, 1;
    %store/vec4 v0x60ef8e6fb6b0_0, 0, 1;
    %delay 10, 0;
    %pushi/vec4 0, 0, 1;
    %store/vec4 v0x60ef8e6fb6b0_0, 0, 1;
    %delay 10, 0;
    %pushi/vec4 1, 0, 1;
    %store/vec4 v0x60ef8e6fb6b0_0, 0, 1;
    %delay 10, 0;
    %pushi/vec4 1, 0, 1;
    %store/vec4 v0x60ef8e6fb6b0_0, 0, 1;
    %delay 10, 0;
    %pushi/vec4 0, 0, 1;
    %store/vec4 v0x60ef8e6fb6b0_0, 0, 1;
    %delay 10, 0;
    %pushi/vec4 1, 0, 1;
    %store/vec4 v0x60ef8e6fb6b0_0, 0, 1;
    %delay 20, 0;
    %vpi_call 2 30 "$finish" {0 0 0};
    %end;
    .thread T_4;
# The file index is used to find the file name in the following table.
:file_names 4;
    "N/A";
    "<interactive>";
    "nonoverlappingsequence101_tb.v";
    "nonoverlappingsequence101.v";
