#! /usr/bin/vvp
:ivl_version "12.0 (stable)";
:ivl_delay_selection "TYPICAL";
:vpi_time_precision + 0;
:vpi_module "/usr/lib/x86_64-linux-gnu/ivl/system.vpi";
:vpi_module "/usr/lib/x86_64-linux-gnu/ivl/vhdl_sys.vpi";
:vpi_module "/usr/lib/x86_64-linux-gnu/ivl/vhdl_textio.vpi";
:vpi_module "/usr/lib/x86_64-linux-gnu/ivl/v2005_math.vpi";
:vpi_module "/usr/lib/x86_64-linux-gnu/ivl/va_math.vpi";
S_0x591c8881bb80 .scope module, "clkdivideby2_tb" "clkdivideby2_tb" 2 1;
 .timescale 0 0;
v0x591c8882df40_0 .var "clk", 0 0;
v0x591c8882e010_0 .net "clk_out", 0 0, v0x591c8882dd60_0;  1 drivers
v0x591c8882e0e0_0 .var "rst", 0 0;
S_0x591c8881bd10 .scope module, "dut" "clkdivideby2" 2 4, 3 1 0, S_0x591c8881bb80;
 .timescale 0 0;
    .port_info 0 /INPUT 1 "clk";
    .port_info 1 /INPUT 1 "rst";
    .port_info 2 /OUTPUT 1 "clk_out";
v0x591c8881bf40_0 .net "clk", 0 0, v0x591c8882df40_0;  1 drivers
v0x591c8882dd60_0 .var "clk_out", 0 0;
v0x591c8882de20_0 .net "rst", 0 0, v0x591c8882e0e0_0;  1 drivers
E_0x591c8881ac40 .event posedge, v0x591c8882de20_0, v0x591c8881bf40_0;
    .scope S_0x591c8881bd10;
T_0 ;
    %wait E_0x591c8881ac40;
    %load/vec4 v0x591c8882de20_0;
    %flag_set/vec4 8;
    %jmp/0xz  T_0.0, 8;
    %pushi/vec4 0, 0, 1;
    %assign/vec4 v0x591c8882dd60_0, 0;
    %jmp T_0.1;
T_0.0 ;
    %load/vec4 v0x591c8882dd60_0;
    %inv;
    %assign/vec4 v0x591c8882dd60_0, 0;
T_0.1 ;
    %jmp T_0;
    .thread T_0;
    .scope S_0x591c8881bb80;
T_1 ;
    %delay 5, 0;
    %load/vec4 v0x591c8882df40_0;
    %inv;
    %store/vec4 v0x591c8882df40_0, 0, 1;
    %jmp T_1;
    .thread T_1;
    .scope S_0x591c8881bb80;
T_2 ;
    %vpi_call 2 11 "$monitor", "$time=%0t|clk=%b|rst=%b|clk_out=%b", $time, v0x591c8882df40_0, v0x591c8882e0e0_0, v0x591c8882e010_0 {0 0 0};
    %vpi_call 2 12 "$dumpfile", "clkdivideby2.vcd" {0 0 0};
    %vpi_call 2 13 "$dumpvars", 32'sb00000000000000000000000000000000, S_0x591c8881bb80 {0 0 0};
    %pushi/vec4 0, 0, 1;
    %store/vec4 v0x591c8882df40_0, 0, 1;
    %pushi/vec4 1, 0, 1;
    %store/vec4 v0x591c8882e0e0_0, 0, 1;
    %delay 10, 0;
    %pushi/vec4 0, 0, 1;
    %store/vec4 v0x591c8882e0e0_0, 0, 1;
    %delay 100, 0;
    %vpi_call 2 16 "$finish" {0 0 0};
    %end;
    .thread T_2;
# The file index is used to find the file name in the following table.
:file_names 4;
    "N/A";
    "<interactive>";
    "clkdivideby2_tb.v";
    "clkdivideby2.v";
