#! /usr/bin/vvp
:ivl_version "12.0 (stable)";
:ivl_delay_selection "TYPICAL";
:vpi_time_precision + 0;
:vpi_module "/usr/lib/x86_64-linux-gnu/ivl/system.vpi";
:vpi_module "/usr/lib/x86_64-linux-gnu/ivl/vhdl_sys.vpi";
:vpi_module "/usr/lib/x86_64-linux-gnu/ivl/vhdl_textio.vpi";
:vpi_module "/usr/lib/x86_64-linux-gnu/ivl/v2005_math.vpi";
:vpi_module "/usr/lib/x86_64-linux-gnu/ivl/va_math.vpi";
S_0x632b269bd6a0 .scope module, "mux2to1_bitselect_tb" "mux2to1_bitselect_tb" 2 1;
 .timescale 0 0;
v0x632b269d02d0_0 .var "in", 1 0;
v0x632b269d03c0_0 .net "out", 0 0, L_0x632b269d0590;  1 drivers
v0x632b269d0490_0 .var "sel", 0 0;
S_0x632b269bd830 .scope module, "uut" "mux2to1_bitselect" 2 6, 3 1 0, S_0x632b269bd6a0;
 .timescale 0 0;
    .port_info 0 /INPUT 2 "in";
    .port_info 1 /INPUT 1 "sel";
    .port_info 2 /OUTPUT 1 "out";
v0x632b269bda60_0 .net "in", 1 0, v0x632b269d02d0_0;  1 drivers
v0x632b269d00f0_0 .net "out", 0 0, L_0x632b269d0590;  alias, 1 drivers
v0x632b269d01b0_0 .net "sel", 0 0, v0x632b269d0490_0;  1 drivers
L_0x632b269d0590 .part/v v0x632b269d02d0_0, v0x632b269d0490_0, 1;
    .scope S_0x632b269bd6a0;
T_0 ;
    %vpi_call 2 12 "$monitor", "$time=%0t| in=%b| sel=%b| out=%b", $time, v0x632b269d02d0_0, v0x632b269d0490_0, v0x632b269d03c0_0 {0 0 0};
    %vpi_call 2 13 "$dumpfile", "mux2to1_bitselect.vcd" {0 0 0};
    %vpi_call 2 14 "$dumpvars", 32'sb00000000000000000000000000000000, S_0x632b269bd6a0 {0 0 0};
    %pushi/vec4 1, 0, 2;
    %store/vec4 v0x632b269d02d0_0, 0, 2;
    %pushi/vec4 0, 0, 1;
    %store/vec4 v0x632b269d0490_0, 0, 1;
    %delay 10, 0;
    %pushi/vec4 1, 0, 1;
    %store/vec4 v0x632b269d0490_0, 0, 1;
    %delay 10, 0;
    %pushi/vec4 2, 0, 2;
    %store/vec4 v0x632b269d02d0_0, 0, 2;
    %pushi/vec4 0, 0, 1;
    %store/vec4 v0x632b269d0490_0, 0, 1;
    %delay 10, 0;
    %pushi/vec4 1, 0, 1;
    %store/vec4 v0x632b269d0490_0, 0, 1;
    %delay 10, 0;
    %vpi_call 2 19 "$finish" {0 0 0};
    %end;
    .thread T_0;
# The file index is used to find the file name in the following table.
:file_names 4;
    "N/A";
    "<interactive>";
    "mux2to1_bitselect_tb.v";
    "mux2to1_bitselect.v";
