#! /usr/bin/vvp
:ivl_version "12.0 (stable)";
:ivl_delay_selection "TYPICAL";
:vpi_time_precision + 0;
:vpi_module "/usr/lib/x86_64-linux-gnu/ivl/system.vpi";
:vpi_module "/usr/lib/x86_64-linux-gnu/ivl/vhdl_sys.vpi";
:vpi_module "/usr/lib/x86_64-linux-gnu/ivl/vhdl_textio.vpi";
:vpi_module "/usr/lib/x86_64-linux-gnu/ivl/v2005_math.vpi";
:vpi_module "/usr/lib/x86_64-linux-gnu/ivl/va_math.vpi";
S_0x58faf75c10e0 .scope module, "unsized_no_tb" "unsized_no_tb" 2 1;
 .timescale 0 0;
v0x58faf75d43b0_0 .var "bi_input", 7 0;
v0x58faf75d4490_0 .net "bi_output", 7 0, L_0x58faf75d4730;  1 drivers
v0x58faf75d4560_0 .var "hex_input", 15 0;
v0x58faf75d4660_0 .net "hex_output", 15 0, L_0x58faf75d4840;  1 drivers
S_0x58faf75c1270 .scope module, "dut" "unsized_no" 2 7, 3 1 0, S_0x58faf75c10e0;
 .timescale 0 0;
    .port_info 0 /INPUT 8 "bi_input";
    .port_info 1 /INPUT 16 "hex_input";
    .port_info 2 /OUTPUT 8 "bi_output";
    .port_info 3 /OUTPUT 16 "hex_output";
L_0x58faf75d4730 .functor BUFZ 8, v0x58faf75d43b0_0, C4<00000000>, C4<00000000>, C4<00000000>;
L_0x58faf75d4840 .functor BUFZ 16, v0x58faf75d4560_0, C4<0000000000000000>, C4<0000000000000000>, C4<0000000000000000>;
v0x58faf75c14c0_0 .net "bi_input", 7 0, v0x58faf75d43b0_0;  1 drivers
v0x58faf75d4050_0 .net "bi_output", 7 0, L_0x58faf75d4730;  alias, 1 drivers
v0x58faf75d4130_0 .net "hex_input", 15 0, v0x58faf75d4560_0;  1 drivers
v0x58faf75d4220_0 .net "hex_output", 15 0, L_0x58faf75d4840;  alias, 1 drivers
    .scope S_0x58faf75c10e0;
T_0 ;
    %vpi_call 2 14 "$dumpfile", "unsized_no.vcd" {0 0 0};
    %vpi_call 2 15 "$dumpvars", 32'sb00000000000000000000000000000000, S_0x58faf75c10e0 {0 0 0};
    %vpi_call 2 16 "$monitor", "$time=%0t | bi_input=%b | hex_input=%b | bi_output=%b | hex_output=%b", $time, v0x58faf75d43b0_0, v0x58faf75d4560_0, v0x58faf75d4490_0, v0x58faf75d4660_0 {0 0 0};
    %pushi/vec4 9, 0, 8;
    %store/vec4 v0x58faf75d43b0_0, 0, 8;
    %pushi/vec4 2677, 0, 16;
    %store/vec4 v0x58faf75d4560_0, 0, 16;
    %delay 10, 0;
    %pushi/vec4 10, 0, 8;
    %store/vec4 v0x58faf75d43b0_0, 0, 8;
    %pushi/vec4 2839, 0, 16;
    %store/vec4 v0x58faf75d4560_0, 0, 16;
    %delay 10, 0;
    %vpi_call 2 23 "$finish" {0 0 0};
    %end;
    .thread T_0;
# The file index is used to find the file name in the following table.
:file_names 4;
    "N/A";
    "<interactive>";
    "unsized_no_tb.v";
    "unsized_no.v";
