#! /usr/bin/vvp
:ivl_version "12.0 (stable)";
:ivl_delay_selection "TYPICAL";
:vpi_time_precision + 0;
:vpi_module "/usr/lib/x86_64-linux-gnu/ivl/system.vpi";
:vpi_module "/usr/lib/x86_64-linux-gnu/ivl/vhdl_sys.vpi";
:vpi_module "/usr/lib/x86_64-linux-gnu/ivl/vhdl_textio.vpi";
:vpi_module "/usr/lib/x86_64-linux-gnu/ivl/v2005_math.vpi";
:vpi_module "/usr/lib/x86_64-linux-gnu/ivl/va_math.vpi";
S_0x58123df7d930 .scope module, "counter0to99_tb" "counter0to99_tb" 2 1;
 .timescale 0 0;
v0x58123df913d0_0 .var "clk", 0 0;
v0x58123df91490_0 .net "ones", 3 0, v0x58123df91090_0;  1 drivers
v0x58123df91560_0 .var "rst", 0 0;
v0x58123df91660_0 .net "tens", 3 0, v0x58123df91240_0;  1 drivers
S_0x58123df7dac0 .scope module, "dut" "counter0to99" 2 6, 3 1 0, S_0x58123df7d930;
 .timescale 0 0;
    .port_info 0 /INPUT 1 "clk";
    .port_info 1 /INPUT 1 "rst";
    .port_info 2 /OUTPUT 4 "ones";
    .port_info 3 /OUTPUT 4 "tens";
v0x58123df7dd10_0 .net "clk", 0 0, v0x58123df913d0_0;  1 drivers
v0x58123df91090_0 .var "ones", 3 0;
v0x58123df91170_0 .net "rst", 0 0, v0x58123df91560_0;  1 drivers
v0x58123df91240_0 .var "tens", 3 0;
E_0x58123df7b2e0 .event posedge, v0x58123df91170_0, v0x58123df7dd10_0;
    .scope S_0x58123df7dac0;
T_0 ;
    %wait E_0x58123df7b2e0;
    %load/vec4 v0x58123df91170_0;
    %flag_set/vec4 8;
    %jmp/0xz  T_0.0, 8;
    %pushi/vec4 0, 0, 4;
    %assign/vec4 v0x58123df91090_0, 0;
    %pushi/vec4 0, 0, 4;
    %assign/vec4 v0x58123df91240_0, 0;
    %jmp T_0.1;
T_0.0 ;
    %load/vec4 v0x58123df91090_0;
    %cmpi/e 9, 0, 4;
    %jmp/0xz  T_0.2, 4;
    %pushi/vec4 0, 0, 4;
    %assign/vec4 v0x58123df91090_0, 0;
    %load/vec4 v0x58123df91240_0;
    %cmpi/e 9, 0, 4;
    %jmp/0xz  T_0.4, 4;
    %pushi/vec4 0, 0, 4;
    %assign/vec4 v0x58123df91240_0, 0;
    %jmp T_0.5;
T_0.4 ;
    %load/vec4 v0x58123df91240_0;
    %addi 1, 0, 4;
    %assign/vec4 v0x58123df91240_0, 0;
T_0.5 ;
    %jmp T_0.3;
T_0.2 ;
    %load/vec4 v0x58123df91090_0;
    %addi 1, 0, 4;
    %assign/vec4 v0x58123df91090_0, 0;
T_0.3 ;
T_0.1 ;
    %jmp T_0;
    .thread T_0;
    .scope S_0x58123df7d930;
T_1 ;
    %delay 5, 0;
    %load/vec4 v0x58123df913d0_0;
    %inv;
    %store/vec4 v0x58123df913d0_0, 0, 1;
    %jmp T_1;
    .thread T_1;
    .scope S_0x58123df7d930;
T_2 ;
    %vpi_call 2 14 "$monitor", "$time=%0t|clk=%b|rst=%b|ones=%b|tens=%b", $time, v0x58123df913d0_0, v0x58123df91560_0, v0x58123df91490_0, v0x58123df91660_0 {0 0 0};
    %vpi_call 2 15 "$dumpfile", "counter0to99.vcd" {0 0 0};
    %vpi_call 2 16 "$dumpvars", 32'sb00000000000000000000000000000000, S_0x58123df7d930 {0 0 0};
    %pushi/vec4 0, 0, 1;
    %store/vec4 v0x58123df913d0_0, 0, 1;
    %pushi/vec4 1, 0, 1;
    %store/vec4 v0x58123df91560_0, 0, 1;
    %delay 10, 0;
    %pushi/vec4 0, 0, 1;
    %store/vec4 v0x58123df91560_0, 0, 1;
    %delay 50, 0;
    %vpi_call 2 21 "$finish" {0 0 0};
    %end;
    .thread T_2;
# The file index is used to find the file name in the following table.
:file_names 4;
    "N/A";
    "<interactive>";
    "counter0to99_tb.v";
    "counter0to99.v";
