#! /usr/bin/vvp
:ivl_version "12.0 (stable)";
:ivl_delay_selection "TYPICAL";
:vpi_time_precision + 0;
:vpi_module "/usr/lib/x86_64-linux-gnu/ivl/system.vpi";
:vpi_module "/usr/lib/x86_64-linux-gnu/ivl/vhdl_sys.vpi";
:vpi_module "/usr/lib/x86_64-linux-gnu/ivl/vhdl_textio.vpi";
:vpi_module "/usr/lib/x86_64-linux-gnu/ivl/v2005_math.vpi";
:vpi_module "/usr/lib/x86_64-linux-gnu/ivl/va_math.vpi";
S_0x6101d09d4c90 .scope module, "mux2to1_ifelse_tb" "mux2to1_ifelse_tb" 2 1;
 .timescale 0 0;
v0x6101d09e8d70_0 .var "a", 0 0;
v0x6101d09e8e30_0 .var "b", 0 0;
v0x6101d09e8f00_0 .var "s", 0 0;
v0x6101d09e9000_0 .net "y", 0 0, v0x6101d09e8c00_0;  1 drivers
S_0x6101d09d4e20 .scope module, "uut" "mux2_if" 2 4, 3 1 0, S_0x6101d09d4c90;
 .timescale 0 0;
    .port_info 0 /INPUT 1 "a";
    .port_info 1 /INPUT 1 "b";
    .port_info 2 /INPUT 1 "s";
    .port_info 3 /OUTPUT 1 "y";
v0x6101d09d5070_0 .net "a", 0 0, v0x6101d09e8d70_0;  1 drivers
v0x6101d09e8a70_0 .net "b", 0 0, v0x6101d09e8e30_0;  1 drivers
v0x6101d09e8b30_0 .net "s", 0 0, v0x6101d09e8f00_0;  1 drivers
v0x6101d09e8c00_0 .var "y", 0 0;
E_0x6101d09d3c40 .event anyedge, v0x6101d09e8b30_0, v0x6101d09d5070_0, v0x6101d09e8a70_0;
    .scope S_0x6101d09d4e20;
T_0 ;
    %wait E_0x6101d09d3c40;
    %load/vec4 v0x6101d09e8b30_0;
    %pad/u 32;
    %cmpi/e 0, 0, 32;
    %jmp/0xz  T_0.0, 4;
    %load/vec4 v0x6101d09d5070_0;
    %store/vec4 v0x6101d09e8c00_0, 0, 1;
    %jmp T_0.1;
T_0.0 ;
    %load/vec4 v0x6101d09e8a70_0;
    %store/vec4 v0x6101d09e8c00_0, 0, 1;
T_0.1 ;
    %jmp T_0;
    .thread T_0, $push;
    .scope S_0x6101d09d4c90;
T_1 ;
    %vpi_call 2 6 "$monitor", "$time=%0t |a=%b| b=%b| s=%b |y=%b", $time, v0x6101d09e8d70_0, v0x6101d09e8e30_0, v0x6101d09e8f00_0, v0x6101d09e9000_0 {0 0 0};
    %vpi_call 2 7 "$dumpfile", "mux2to1_ifelse.vcd" {0 0 0};
    %vpi_call 2 8 "$dumpvars", 32'sb00000000000000000000000000000000, S_0x6101d09d4c90 {0 0 0};
    %pushi/vec4 0, 0, 1;
    %store/vec4 v0x6101d09e8d70_0, 0, 1;
    %pushi/vec4 0, 0, 1;
    %store/vec4 v0x6101d09e8e30_0, 0, 1;
    %pushi/vec4 0, 0, 1;
    %store/vec4 v0x6101d09e8f00_0, 0, 1;
    %delay 10, 0;
    %pushi/vec4 1, 0, 1;
    %store/vec4 v0x6101d09e8d70_0, 0, 1;
    %pushi/vec4 0, 0, 1;
    %store/vec4 v0x6101d09e8e30_0, 0, 1;
    %pushi/vec4 0, 0, 1;
    %store/vec4 v0x6101d09e8f00_0, 0, 1;
    %delay 10, 0;
    %pushi/vec4 0, 0, 1;
    %store/vec4 v0x6101d09e8d70_0, 0, 1;
    %pushi/vec4 1, 0, 1;
    %store/vec4 v0x6101d09e8e30_0, 0, 1;
    %pushi/vec4 1, 0, 1;
    %store/vec4 v0x6101d09e8f00_0, 0, 1;
    %delay 10, 0;
    %pushi/vec4 1, 0, 1;
    %store/vec4 v0x6101d09e8d70_0, 0, 1;
    %pushi/vec4 1, 0, 1;
    %store/vec4 v0x6101d09e8e30_0, 0, 1;
    %pushi/vec4 1, 0, 1;
    %store/vec4 v0x6101d09e8f00_0, 0, 1;
    %delay 10, 0;
    %vpi_call 2 13 "$finish" {0 0 0};
    %end;
    .thread T_1;
# The file index is used to find the file name in the following table.
:file_names 4;
    "N/A";
    "<interactive>";
    "mux2to1_ifelse_tb.v";
    "mux2to1_ifelse.v";
