#! /usr/bin/vvp
:ivl_version "12.0 (stable)";
:ivl_delay_selection "TYPICAL";
:vpi_time_precision + 0;
:vpi_module "/usr/lib/x86_64-linux-gnu/ivl/system.vpi";
:vpi_module "/usr/lib/x86_64-linux-gnu/ivl/vhdl_sys.vpi";
:vpi_module "/usr/lib/x86_64-linux-gnu/ivl/vhdl_textio.vpi";
:vpi_module "/usr/lib/x86_64-linux-gnu/ivl/v2005_math.vpi";
:vpi_module "/usr/lib/x86_64-linux-gnu/ivl/va_math.vpi";
S_0x6122a4cfa320 .scope module, "decoder2to4_tb" "decoder2to4_tb" 2 1;
 .timescale 0 0;
v0x6122a4d0d840_0 .var "A", 0 0;
v0x6122a4d0d910_0 .var "B", 0 0;
v0x6122a4d0d9e0_0 .net "Y", 3 0, v0x6122a4d0d700_0;  1 drivers
S_0x6122a4cfa4b0 .scope module, "dut" "decoder2to4" 2 5, 3 1 0, S_0x6122a4cfa320;
 .timescale 0 0;
    .port_info 0 /INPUT 1 "A";
    .port_info 1 /INPUT 1 "B";
    .port_info 2 /OUTPUT 4 "Y";
v0x6122a4cfa6e0_0 .net "A", 0 0, v0x6122a4d0d840_0;  1 drivers
v0x6122a4d0d640_0 .net "B", 0 0, v0x6122a4d0d910_0;  1 drivers
v0x6122a4d0d700_0 .var "Y", 3 0;
E_0x6122a4cf92a0 .event anyedge, v0x6122a4cfa6e0_0, v0x6122a4d0d640_0;
    .scope S_0x6122a4cfa4b0;
T_0 ;
    %wait E_0x6122a4cf92a0;
    %load/vec4 v0x6122a4cfa6e0_0;
    %load/vec4 v0x6122a4d0d640_0;
    %concat/vec4; draw_concat_vec4
    %dup/vec4;
    %pushi/vec4 0, 0, 2;
    %cmp/u;
    %jmp/1 T_0.0, 6;
    %dup/vec4;
    %pushi/vec4 1, 0, 2;
    %cmp/u;
    %jmp/1 T_0.1, 6;
    %dup/vec4;
    %pushi/vec4 2, 0, 2;
    %cmp/u;
    %jmp/1 T_0.2, 6;
    %dup/vec4;
    %pushi/vec4 3, 0, 2;
    %cmp/u;
    %jmp/1 T_0.3, 6;
    %jmp T_0.4;
T_0.0 ;
    %pushi/vec4 1, 0, 4;
    %store/vec4 v0x6122a4d0d700_0, 0, 4;
    %jmp T_0.4;
T_0.1 ;
    %pushi/vec4 2, 0, 4;
    %store/vec4 v0x6122a4d0d700_0, 0, 4;
    %jmp T_0.4;
T_0.2 ;
    %pushi/vec4 4, 0, 4;
    %store/vec4 v0x6122a4d0d700_0, 0, 4;
    %jmp T_0.4;
T_0.3 ;
    %pushi/vec4 8, 0, 4;
    %store/vec4 v0x6122a4d0d700_0, 0, 4;
    %jmp T_0.4;
T_0.4 ;
    %pop/vec4 1;
    %jmp T_0;
    .thread T_0, $push;
    .scope S_0x6122a4cfa320;
T_1 ;
    %vpi_call 2 11 "$monitor", "Time=%0t | A=%b B=%b | Y=%b", $time, v0x6122a4d0d840_0, v0x6122a4d0d910_0, v0x6122a4d0d9e0_0 {0 0 0};
    %vpi_call 2 12 "$dumpfile", "decoder2to4.vcd" {0 0 0};
    %vpi_call 2 13 "$dumpvars", 32'sb00000000000000000000000000000000, S_0x6122a4cfa320 {0 0 0};
    %pushi/vec4 0, 0, 1;
    %store/vec4 v0x6122a4d0d840_0, 0, 1;
    %pushi/vec4 0, 0, 1;
    %store/vec4 v0x6122a4d0d910_0, 0, 1;
    %delay 10, 0;
    %pushi/vec4 0, 0, 1;
    %store/vec4 v0x6122a4d0d840_0, 0, 1;
    %pushi/vec4 1, 0, 1;
    %store/vec4 v0x6122a4d0d910_0, 0, 1;
    %delay 10, 0;
    %pushi/vec4 1, 0, 1;
    %store/vec4 v0x6122a4d0d840_0, 0, 1;
    %pushi/vec4 0, 0, 1;
    %store/vec4 v0x6122a4d0d910_0, 0, 1;
    %delay 10, 0;
    %pushi/vec4 1, 0, 1;
    %store/vec4 v0x6122a4d0d840_0, 0, 1;
    %pushi/vec4 1, 0, 1;
    %store/vec4 v0x6122a4d0d910_0, 0, 1;
    %delay 10, 0;
    %vpi_call 2 18 "$finish" {0 0 0};
    %end;
    .thread T_1;
# The file index is used to find the file name in the following table.
:file_names 4;
    "N/A";
    "<interactive>";
    "decoder2to4_tb.v";
    "decoder2to4.v";
