#! /usr/bin/vvp
:ivl_version "12.0 (stable)";
:ivl_delay_selection "TYPICAL";
:vpi_time_precision + 0;
:vpi_module "/usr/lib/x86_64-linux-gnu/ivl/system.vpi";
:vpi_module "/usr/lib/x86_64-linux-gnu/ivl/vhdl_sys.vpi";
:vpi_module "/usr/lib/x86_64-linux-gnu/ivl/vhdl_textio.vpi";
:vpi_module "/usr/lib/x86_64-linux-gnu/ivl/v2005_math.vpi";
:vpi_module "/usr/lib/x86_64-linux-gnu/ivl/va_math.vpi";
S_0x58c0a5396240 .scope module, "dualportsynchronousram_tb" "dualportsynchronousram_tb" 2 1;
 .timescale 0 0;
v0x58c0a53afa90_0 .var "addr_a", 3 0;
v0x58c0a53afb70_0 .var "addr_b", 3 0;
v0x58c0a53afc40_0 .var "clk", 0 0;
v0x58c0a53afd40_0 .var "din_a", 7 0;
v0x58c0a53afe10_0 .var "din_b", 7 0;
v0x58c0a53afeb0_0 .net "dout_a", 7 0, v0x58c0a53af570_0;  1 drivers
v0x58c0a53aff80_0 .net "dout_b", 7 0, v0x58c0a53af650_0;  1 drivers
v0x58c0a53b0050_0 .var "we_a", 0 0;
v0x58c0a53b0120_0 .var "we_b", 0 0;
S_0x58c0a53963d0 .scope module, "dut" "dualportsynchronousram" 2 7, 3 1 0, S_0x58c0a5396240;
 .timescale 0 0;
    .port_info 0 /INPUT 1 "clk";
    .port_info 1 /INPUT 1 "we_a";
    .port_info 2 /INPUT 1 "we_b";
    .port_info 3 /INPUT 4 "addr_a";
    .port_info 4 /INPUT 4 "addr_b";
    .port_info 5 /INPUT 8 "din_a";
    .port_info 6 /INPUT 8 "din_b";
    .port_info 7 /OUTPUT 8 "dout_a";
    .port_info 8 /OUTPUT 8 "dout_b";
v0x58c0a5386540_0 .net "addr_a", 3 0, v0x58c0a53afa90_0;  1 drivers
v0x58c0a53af1e0_0 .net "addr_b", 3 0, v0x58c0a53afb70_0;  1 drivers
v0x58c0a53af2c0_0 .net "clk", 0 0, v0x58c0a53afc40_0;  1 drivers
v0x58c0a53af360_0 .net "din_a", 7 0, v0x58c0a53afd40_0;  1 drivers
v0x58c0a53af440_0 .net "din_b", 7 0, v0x58c0a53afe10_0;  1 drivers
v0x58c0a53af570_0 .var "dout_a", 7 0;
v0x58c0a53af650_0 .var "dout_b", 7 0;
v0x58c0a53af730 .array "mem", 15 0, 7 0;
v0x58c0a53af7f0_0 .net "we_a", 0 0, v0x58c0a53b0050_0;  1 drivers
v0x58c0a53af8b0_0 .net "we_b", 0 0, v0x58c0a53b0120_0;  1 drivers
E_0x58c0a5394bb0 .event posedge, v0x58c0a53af2c0_0;
    .scope S_0x58c0a53963d0;
T_0 ;
    %wait E_0x58c0a5394bb0;
    %load/vec4 v0x58c0a53af7f0_0;
    %flag_set/vec4 8;
    %jmp/0xz  T_0.0, 8;
    %load/vec4 v0x58c0a53af360_0;
    %load/vec4 v0x58c0a5386540_0;
    %pad/u 6;
    %ix/vec4 3;
    %ix/load 4, 0, 0; Constant delay
    %assign/vec4/a/d v0x58c0a53af730, 0, 4;
T_0.0 ;
    %load/vec4 v0x58c0a5386540_0;
    %pad/u 6;
    %ix/vec4 4;
    %load/vec4a v0x58c0a53af730, 4;
    %assign/vec4 v0x58c0a53af570_0, 0;
    %load/vec4 v0x58c0a53af8b0_0;
    %flag_set/vec4 8;
    %jmp/0xz  T_0.2, 8;
    %load/vec4 v0x58c0a53af440_0;
    %load/vec4 v0x58c0a53af1e0_0;
    %pad/u 6;
    %ix/vec4 3;
    %ix/load 4, 0, 0; Constant delay
    %assign/vec4/a/d v0x58c0a53af730, 0, 4;
T_0.2 ;
    %load/vec4 v0x58c0a53af1e0_0;
    %pad/u 6;
    %ix/vec4 4;
    %load/vec4a v0x58c0a53af730, 4;
    %assign/vec4 v0x58c0a53af650_0, 0;
    %jmp T_0;
    .thread T_0;
    .scope S_0x58c0a5396240;
T_1 ;
    %delay 5, 0;
    %load/vec4 v0x58c0a53afc40_0;
    %inv;
    %store/vec4 v0x58c0a53afc40_0, 0, 1;
    %jmp T_1;
    .thread T_1;
    .scope S_0x58c0a5396240;
T_2 ;
    %vpi_call 2 20 "$monitor", "$time=%0t|clk=%b|we_a=%b|we_b=%b|addr_a=%b|addr_b=%b|din_a=%b|din_b=%b|dout_a=%b| dout_b=%b", $time, v0x58c0a53afc40_0, v0x58c0a53b0050_0, v0x58c0a53b0120_0, v0x58c0a53afa90_0, v0x58c0a53afb70_0, v0x58c0a53afd40_0, v0x58c0a53afe10_0, v0x58c0a53afeb0_0, v0x58c0a53aff80_0 {0 0 0};
    %vpi_call 2 21 "$dumpfile", "dualportsynchronousram.vcd" {0 0 0};
    %vpi_call 2 22 "$dumpvars", 32'sb00000000000000000000000000000000, S_0x58c0a5396240 {0 0 0};
    %pushi/vec4 0, 0, 1;
    %store/vec4 v0x58c0a53afc40_0, 0, 1;
    %pushi/vec4 0, 0, 1;
    %store/vec4 v0x58c0a53b0050_0, 0, 1;
    %pushi/vec4 0, 0, 1;
    %store/vec4 v0x58c0a53b0120_0, 0, 1;
    %pushi/vec4 0, 0, 4;
    %store/vec4 v0x58c0a53afa90_0, 0, 4;
    %pushi/vec4 0, 0, 4;
    %store/vec4 v0x58c0a53afb70_0, 0, 4;
    %pushi/vec4 0, 0, 8;
    %store/vec4 v0x58c0a53afd40_0, 0, 8;
    %pushi/vec4 0, 0, 8;
    %store/vec4 v0x58c0a53afe10_0, 0, 8;
    %delay 10, 0;
    %pushi/vec4 1, 0, 1;
    %store/vec4 v0x58c0a53b0050_0, 0, 1;
    %pushi/vec4 3, 0, 4;
    %store/vec4 v0x58c0a53afa90_0, 0, 4;
    %pushi/vec4 165, 0, 8;
    %store/vec4 v0x58c0a53afd40_0, 0, 8;
    %delay 10, 0;
    %pushi/vec4 0, 0, 1;
    %store/vec4 v0x58c0a53b0050_0, 0, 1;
    %delay 10, 0;
    %pushi/vec4 1, 0, 1;
    %store/vec4 v0x58c0a53b0120_0, 0, 1;
    %pushi/vec4 7, 0, 4;
    %store/vec4 v0x58c0a53afb70_0, 0, 4;
    %pushi/vec4 90, 0, 8;
    %store/vec4 v0x58c0a53afe10_0, 0, 8;
    %delay 10, 0;
    %pushi/vec4 0, 0, 1;
    %store/vec4 v0x58c0a53b0120_0, 0, 1;
    %delay 10, 0;
    %pushi/vec4 3, 0, 4;
    %store/vec4 v0x58c0a53afa90_0, 0, 4;
    %pushi/vec4 7, 0, 4;
    %store/vec4 v0x58c0a53afb70_0, 0, 4;
    %delay 20, 0;
    %vpi_call 2 37 "$finish" {0 0 0};
    %end;
    .thread T_2;
# The file index is used to find the file name in the following table.
:file_names 4;
    "N/A";
    "<interactive>";
    "dualportsynchronousram_tb.v";
    "dualportsynchronousram.v";
