#! /usr/bin/vvp
:ivl_version "12.0 (stable)";
:ivl_delay_selection "TYPICAL";
:vpi_time_precision + 0;
:vpi_module "/usr/lib/x86_64-linux-gnu/ivl/system.vpi";
:vpi_module "/usr/lib/x86_64-linux-gnu/ivl/vhdl_sys.vpi";
:vpi_module "/usr/lib/x86_64-linux-gnu/ivl/vhdl_textio.vpi";
:vpi_module "/usr/lib/x86_64-linux-gnu/ivl/v2005_math.vpi";
:vpi_module "/usr/lib/x86_64-linux-gnu/ivl/va_math.vpi";
S_0x6160c0e3f3b0 .scope module, "synchronousupdowncounter_tb" "synchronousupdowncounter_tb" 2 1;
 .timescale 0 0;
v0x6160c0e530b0_0 .var "clk", 0 0;
v0x6160c0e53170_0 .var "dir", 0 0;
v0x6160c0e53240_0 .net "q", 3 0, v0x6160c0e52e50_0;  1 drivers
v0x6160c0e53340_0 .var "rst", 0 0;
S_0x6160c0e3f540 .scope module, "dut" "synchronousupdowncounter" 2 4, 3 1 0, S_0x6160c0e3f3b0;
 .timescale 0 0;
    .port_info 0 /INPUT 1 "clk";
    .port_info 1 /INPUT 1 "rst";
    .port_info 2 /INPUT 1 "dir";
    .port_info 3 /OUTPUT 4 "q";
v0x6160c0e3f790_0 .net "clk", 0 0, v0x6160c0e530b0_0;  1 drivers
v0x6160c0e52d90_0 .net "dir", 0 0, v0x6160c0e53170_0;  1 drivers
v0x6160c0e52e50_0 .var "q", 3 0;
v0x6160c0e52f40_0 .net "rst", 0 0, v0x6160c0e53340_0;  1 drivers
E_0x6160c0e3e140 .event posedge, v0x6160c0e52f40_0, v0x6160c0e3f790_0;
    .scope S_0x6160c0e3f540;
T_0 ;
    %wait E_0x6160c0e3e140;
    %load/vec4 v0x6160c0e52f40_0;
    %flag_set/vec4 8;
    %jmp/0xz  T_0.0, 8;
    %pushi/vec4 0, 0, 4;
    %assign/vec4 v0x6160c0e52e50_0, 0;
    %jmp T_0.1;
T_0.0 ;
    %load/vec4 v0x6160c0e52d90_0;
    %flag_set/vec4 8;
    %jmp/0xz  T_0.2, 8;
    %load/vec4 v0x6160c0e52e50_0;
    %addi 1, 0, 4;
    %assign/vec4 v0x6160c0e52e50_0, 0;
    %jmp T_0.3;
T_0.2 ;
    %load/vec4 v0x6160c0e52e50_0;
    %subi 1, 0, 4;
    %assign/vec4 v0x6160c0e52e50_0, 0;
T_0.3 ;
T_0.1 ;
    %jmp T_0;
    .thread T_0;
    .scope S_0x6160c0e3f3b0;
T_1 ;
    %delay 5, 0;
    %load/vec4 v0x6160c0e530b0_0;
    %inv;
    %store/vec4 v0x6160c0e530b0_0, 0, 1;
    %jmp T_1;
    .thread T_1;
    .scope S_0x6160c0e3f3b0;
T_2 ;
    %vpi_call 2 12 "$monitor", "time=%0t dir=%b q=%b", $time, v0x6160c0e53170_0, v0x6160c0e53240_0 {0 0 0};
    %vpi_call 2 13 "$dumpfile", "synchronousupdowncounter.vcd" {0 0 0};
    %vpi_call 2 14 "$dumpvars", 32'sb00000000000000000000000000000000, S_0x6160c0e3f3b0 {0 0 0};
    %pushi/vec4 0, 0, 1;
    %store/vec4 v0x6160c0e530b0_0, 0, 1;
    %pushi/vec4 1, 0, 1;
    %store/vec4 v0x6160c0e53340_0, 0, 1;
    %pushi/vec4 1, 0, 1;
    %store/vec4 v0x6160c0e53170_0, 0, 1;
    %delay 10, 0;
    %pushi/vec4 0, 0, 1;
    %store/vec4 v0x6160c0e53340_0, 0, 1;
    %delay 40, 0;
    %pushi/vec4 0, 0, 1;
    %store/vec4 v0x6160c0e53170_0, 0, 1;
    %delay 40, 0;
    %pushi/vec4 1, 0, 1;
    %store/vec4 v0x6160c0e53170_0, 0, 1;
    %delay 100, 0;
    %vpi_call 2 21 "$finish" {0 0 0};
    %end;
    .thread T_2;
# The file index is used to find the file name in the following table.
:file_names 4;
    "N/A";
    "<interactive>";
    "synchronousupdowncounter_tb.v";
    "synchronousupdowncounter.v";
