#! /usr/bin/vvp
:ivl_version "12.0 (stable)";
:ivl_delay_selection "TYPICAL";
:vpi_time_precision + 0;
:vpi_module "/usr/lib/x86_64-linux-gnu/ivl/system.vpi";
:vpi_module "/usr/lib/x86_64-linux-gnu/ivl/vhdl_sys.vpi";
:vpi_module "/usr/lib/x86_64-linux-gnu/ivl/vhdl_textio.vpi";
:vpi_module "/usr/lib/x86_64-linux-gnu/ivl/v2005_math.vpi";
:vpi_module "/usr/lib/x86_64-linux-gnu/ivl/va_math.vpi";
S_0x5ef3d3ce1e50 .scope module, "mux16to1using4to1_tb" "mux16to1using4to1_tb" 2 1;
 .timescale 0 0;
v0x5ef3d3d116e0_0 .var "i0", 0 0;
v0x5ef3d3d117f0_0 .var "i1", 0 0;
v0x5ef3d3d11900_0 .var "i10", 0 0;
v0x5ef3d3d119f0_0 .var "i11", 0 0;
v0x5ef3d3d11ae0_0 .var "i12", 0 0;
v0x5ef3d3d11c20_0 .var "i13", 0 0;
v0x5ef3d3d11d10_0 .var "i14", 0 0;
v0x5ef3d3d11e00_0 .var "i15", 0 0;
v0x5ef3d3d11ef0_0 .var "i2", 0 0;
v0x5ef3d3d12020_0 .var "i3", 0 0;
v0x5ef3d3d12110_0 .var "i4", 0 0;
v0x5ef3d3d12200_0 .var "i5", 0 0;
v0x5ef3d3d122f0_0 .var "i6", 0 0;
v0x5ef3d3d123e0_0 .var "i7", 0 0;
v0x5ef3d3d124d0_0 .var "i8", 0 0;
v0x5ef3d3d125c0_0 .var "i9", 0 0;
v0x5ef3d3d126b0_0 .var "s0", 0 0;
v0x5ef3d3d12750_0 .var "s1", 0 0;
v0x5ef3d3d127f0_0 .var "s2", 0 0;
v0x5ef3d3d128e0_0 .var "s3", 0 0;
v0x5ef3d3d129d0_0 .net "y", 0 0, L_0x5ef3d3d13a20;  1 drivers
S_0x5ef3d3ce1fe0 .scope module, "dut" "mux16to1using4to1" 2 9, 3 9 0, S_0x5ef3d3ce1e50;
 .timescale 0 0;
    .port_info 0 /INPUT 1 "i0";
    .port_info 1 /INPUT 1 "i1";
    .port_info 2 /INPUT 1 "i2";
    .port_info 3 /INPUT 1 "i3";
    .port_info 4 /INPUT 1 "i4";
    .port_info 5 /INPUT 1 "i5";
    .port_info 6 /INPUT 1 "i6";
    .port_info 7 /INPUT 1 "i7";
    .port_info 8 /INPUT 1 "i8";
    .port_info 9 /INPUT 1 "i9";
    .port_info 10 /INPUT 1 "i10";
    .port_info 11 /INPUT 1 "i11";
    .port_info 12 /INPUT 1 "i12";
    .port_info 13 /INPUT 1 "i13";
    .port_info 14 /INPUT 1 "i14";
    .port_info 15 /INPUT 1 "i15";
    .port_info 16 /INPUT 1 "s0";
    .port_info 17 /INPUT 1 "s1";
    .port_info 18 /INPUT 1 "s2";
    .port_info 19 /INPUT 1 "s3";
    .port_info 20 /OUTPUT 1 "y";
v0x5ef3d3d101b0_0 .net "i0", 0 0, v0x5ef3d3d116e0_0;  1 drivers
v0x5ef3d3d10270_0 .net "i1", 0 0, v0x5ef3d3d117f0_0;  1 drivers
v0x5ef3d3d10340_0 .net "i10", 0 0, v0x5ef3d3d11900_0;  1 drivers
v0x5ef3d3d10440_0 .net "i11", 0 0, v0x5ef3d3d119f0_0;  1 drivers
v0x5ef3d3d10510_0 .net "i12", 0 0, v0x5ef3d3d11ae0_0;  1 drivers
v0x5ef3d3d105b0_0 .net "i13", 0 0, v0x5ef3d3d11c20_0;  1 drivers
v0x5ef3d3d10680_0 .net "i14", 0 0, v0x5ef3d3d11d10_0;  1 drivers
v0x5ef3d3d10750_0 .net "i15", 0 0, v0x5ef3d3d11e00_0;  1 drivers
v0x5ef3d3d10820_0 .net "i2", 0 0, v0x5ef3d3d11ef0_0;  1 drivers
v0x5ef3d3d10980_0 .net "i3", 0 0, v0x5ef3d3d12020_0;  1 drivers
v0x5ef3d3d10a50_0 .net "i4", 0 0, v0x5ef3d3d12110_0;  1 drivers
v0x5ef3d3d10b20_0 .net "i5", 0 0, v0x5ef3d3d12200_0;  1 drivers
v0x5ef3d3d10bf0_0 .net "i6", 0 0, v0x5ef3d3d122f0_0;  1 drivers
v0x5ef3d3d10cc0_0 .net "i7", 0 0, v0x5ef3d3d123e0_0;  1 drivers
v0x5ef3d3d10d90_0 .net "i8", 0 0, v0x5ef3d3d124d0_0;  1 drivers
v0x5ef3d3d10e60_0 .net "i9", 0 0, v0x5ef3d3d125c0_0;  1 drivers
v0x5ef3d3d10f30_0 .net "s0", 0 0, v0x5ef3d3d126b0_0;  1 drivers
v0x5ef3d3d10fd0_0 .net "s1", 0 0, v0x5ef3d3d12750_0;  1 drivers
v0x5ef3d3d11100_0 .net "s2", 0 0, v0x5ef3d3d127f0_0;  1 drivers
v0x5ef3d3d111d0_0 .net "s3", 0 0, v0x5ef3d3d128e0_0;  1 drivers
v0x5ef3d3d112a0_0 .net "w0", 0 0, L_0x5ef3d3d12c00;  1 drivers
v0x5ef3d3d11340_0 .net "w1", 0 0, L_0x5ef3d3d12fb0;  1 drivers
v0x5ef3d3d113e0_0 .net "w2", 0 0, L_0x5ef3d3d13270;  1 drivers
v0x5ef3d3d11480_0 .net "w3", 0 0, L_0x5ef3d3d13640;  1 drivers
v0x5ef3d3d11570_0 .net "y", 0 0, L_0x5ef3d3d13a20;  alias, 1 drivers
S_0x5ef3d3cda840 .scope module, "m0" "mux4to1" 3 19, 3 1 0, S_0x5ef3d3ce1fe0;
 .timescale 0 0;
    .port_info 0 /INPUT 1 "i0";
    .port_info 1 /INPUT 1 "i1";
    .port_info 2 /INPUT 1 "i2";
    .port_info 3 /INPUT 1 "i3";
    .port_info 4 /INPUT 1 "s0";
    .port_info 5 /INPUT 1 "s1";
    .port_info 6 /OUTPUT 1 "y";
v0x5ef3d3cdaa20_0 .net *"_ivl_0", 0 0, L_0x5ef3d3d12ac0;  1 drivers
v0x5ef3d3d0d040_0 .net *"_ivl_2", 0 0, L_0x5ef3d3d12b60;  1 drivers
v0x5ef3d3d0d120_0 .net "i0", 0 0, v0x5ef3d3d116e0_0;  alias, 1 drivers
v0x5ef3d3d0d1c0_0 .net "i1", 0 0, v0x5ef3d3d117f0_0;  alias, 1 drivers
v0x5ef3d3d0d280_0 .net "i2", 0 0, v0x5ef3d3d11ef0_0;  alias, 1 drivers
v0x5ef3d3d0d390_0 .net "i3", 0 0, v0x5ef3d3d12020_0;  alias, 1 drivers
v0x5ef3d3d0d450_0 .net "s0", 0 0, v0x5ef3d3d126b0_0;  alias, 1 drivers
v0x5ef3d3d0d510_0 .net "s1", 0 0, v0x5ef3d3d12750_0;  alias, 1 drivers
v0x5ef3d3d0d5d0_0 .net "y", 0 0, L_0x5ef3d3d12c00;  alias, 1 drivers
L_0x5ef3d3d12ac0 .functor MUXZ 1, v0x5ef3d3d11ef0_0, v0x5ef3d3d12020_0, v0x5ef3d3d126b0_0, C4<>;
L_0x5ef3d3d12b60 .functor MUXZ 1, v0x5ef3d3d116e0_0, v0x5ef3d3d117f0_0, v0x5ef3d3d126b0_0, C4<>;
L_0x5ef3d3d12c00 .functor MUXZ 1, L_0x5ef3d3d12b60, L_0x5ef3d3d12ac0, v0x5ef3d3d12750_0, C4<>;
S_0x5ef3d3d0d770 .scope module, "m1" "mux4to1" 3 20, 3 1 0, S_0x5ef3d3ce1fe0;
 .timescale 0 0;
    .port_info 0 /INPUT 1 "i0";
    .port_info 1 /INPUT 1 "i1";
    .port_info 2 /INPUT 1 "i2";
    .port_info 3 /INPUT 1 "i3";
    .port_info 4 /INPUT 1 "s0";
    .port_info 5 /INPUT 1 "s1";
    .port_info 6 /OUTPUT 1 "y";
v0x5ef3d3d0d9d0_0 .net *"_ivl_0", 0 0, L_0x5ef3d3d12d40;  1 drivers
v0x5ef3d3d0dab0_0 .net *"_ivl_2", 0 0, L_0x5ef3d3d12f10;  1 drivers
v0x5ef3d3d0db90_0 .net "i0", 0 0, v0x5ef3d3d12110_0;  alias, 1 drivers
v0x5ef3d3d0dc30_0 .net "i1", 0 0, v0x5ef3d3d12200_0;  alias, 1 drivers
v0x5ef3d3d0dcf0_0 .net "i2", 0 0, v0x5ef3d3d122f0_0;  alias, 1 drivers
v0x5ef3d3d0de00_0 .net "i3", 0 0, v0x5ef3d3d123e0_0;  alias, 1 drivers
v0x5ef3d3d0dec0_0 .net "s0", 0 0, v0x5ef3d3d126b0_0;  alias, 1 drivers
v0x5ef3d3d0df60_0 .net "s1", 0 0, v0x5ef3d3d12750_0;  alias, 1 drivers
v0x5ef3d3d0e000_0 .net "y", 0 0, L_0x5ef3d3d12fb0;  alias, 1 drivers
L_0x5ef3d3d12d40 .functor MUXZ 1, v0x5ef3d3d122f0_0, v0x5ef3d3d123e0_0, v0x5ef3d3d126b0_0, C4<>;
L_0x5ef3d3d12f10 .functor MUXZ 1, v0x5ef3d3d12110_0, v0x5ef3d3d12200_0, v0x5ef3d3d126b0_0, C4<>;
L_0x5ef3d3d12fb0 .functor MUXZ 1, L_0x5ef3d3d12f10, L_0x5ef3d3d12d40, v0x5ef3d3d12750_0, C4<>;
S_0x5ef3d3d0e160 .scope module, "m2" "mux4to1" 3 21, 3 1 0, S_0x5ef3d3ce1fe0;
 .timescale 0 0;
    .port_info 0 /INPUT 1 "i0";
    .port_info 1 /INPUT 1 "i1";
    .port_info 2 /INPUT 1 "i2";
    .port_info 3 /INPUT 1 "i3";
    .port_info 4 /INPUT 1 "s0";
    .port_info 5 /INPUT 1 "s1";
    .port_info 6 /OUTPUT 1 "y";
v0x5ef3d3d0e3a0_0 .net *"_ivl_0", 0 0, L_0x5ef3d3d13110;  1 drivers
v0x5ef3d3d0e480_0 .net *"_ivl_2", 0 0, L_0x5ef3d3d131d0;  1 drivers
v0x5ef3d3d0e560_0 .net "i0", 0 0, v0x5ef3d3d124d0_0;  alias, 1 drivers
v0x5ef3d3d0e600_0 .net "i1", 0 0, v0x5ef3d3d125c0_0;  alias, 1 drivers
v0x5ef3d3d0e6c0_0 .net "i2", 0 0, v0x5ef3d3d11900_0;  alias, 1 drivers
v0x5ef3d3d0e7d0_0 .net "i3", 0 0, v0x5ef3d3d119f0_0;  alias, 1 drivers
v0x5ef3d3d0e890_0 .net "s0", 0 0, v0x5ef3d3d126b0_0;  alias, 1 drivers
v0x5ef3d3d0e980_0 .net "s1", 0 0, v0x5ef3d3d12750_0;  alias, 1 drivers
v0x5ef3d3d0ea70_0 .net "y", 0 0, L_0x5ef3d3d13270;  alias, 1 drivers
L_0x5ef3d3d13110 .functor MUXZ 1, v0x5ef3d3d11900_0, v0x5ef3d3d119f0_0, v0x5ef3d3d126b0_0, C4<>;
L_0x5ef3d3d131d0 .functor MUXZ 1, v0x5ef3d3d124d0_0, v0x5ef3d3d125c0_0, v0x5ef3d3d126b0_0, C4<>;
L_0x5ef3d3d13270 .functor MUXZ 1, L_0x5ef3d3d131d0, L_0x5ef3d3d13110, v0x5ef3d3d12750_0, C4<>;
S_0x5ef3d3d0eca0 .scope module, "m3" "mux4to1" 3 22, 3 1 0, S_0x5ef3d3ce1fe0;
 .timescale 0 0;
    .port_info 0 /INPUT 1 "i0";
    .port_info 1 /INPUT 1 "i1";
    .port_info 2 /INPUT 1 "i2";
    .port_info 3 /INPUT 1 "i3";
    .port_info 4 /INPUT 1 "s0";
    .port_info 5 /INPUT 1 "s1";
    .port_info 6 /OUTPUT 1 "y";
v0x5ef3d3d0eee0_0 .net *"_ivl_0", 0 0, L_0x5ef3d3d134e0;  1 drivers
v0x5ef3d3d0efe0_0 .net *"_ivl_2", 0 0, L_0x5ef3d3d135a0;  1 drivers
v0x5ef3d3d0f0c0_0 .net "i0", 0 0, v0x5ef3d3d11ae0_0;  alias, 1 drivers
v0x5ef3d3d0f160_0 .net "i1", 0 0, v0x5ef3d3d11c20_0;  alias, 1 drivers
v0x5ef3d3d0f220_0 .net "i2", 0 0, v0x5ef3d3d11d10_0;  alias, 1 drivers
v0x5ef3d3d0f330_0 .net "i3", 0 0, v0x5ef3d3d11e00_0;  alias, 1 drivers
v0x5ef3d3d0f3f0_0 .net "s0", 0 0, v0x5ef3d3d126b0_0;  alias, 1 drivers
v0x5ef3d3d0f490_0 .net "s1", 0 0, v0x5ef3d3d12750_0;  alias, 1 drivers
v0x5ef3d3d0f530_0 .net "y", 0 0, L_0x5ef3d3d13640;  alias, 1 drivers
L_0x5ef3d3d134e0 .functor MUXZ 1, v0x5ef3d3d11d10_0, v0x5ef3d3d11e00_0, v0x5ef3d3d126b0_0, C4<>;
L_0x5ef3d3d135a0 .functor MUXZ 1, v0x5ef3d3d11ae0_0, v0x5ef3d3d11c20_0, v0x5ef3d3d126b0_0, C4<>;
L_0x5ef3d3d13640 .functor MUXZ 1, L_0x5ef3d3d135a0, L_0x5ef3d3d134e0, v0x5ef3d3d12750_0, C4<>;
S_0x5ef3d3d0f760 .scope module, "m4" "mux4to1" 3 24, 3 1 0, S_0x5ef3d3ce1fe0;
 .timescale 0 0;
    .port_info 0 /INPUT 1 "i0";
    .port_info 1 /INPUT 1 "i1";
    .port_info 2 /INPUT 1 "i2";
    .port_info 3 /INPUT 1 "i3";
    .port_info 4 /INPUT 1 "s0";
    .port_info 5 /INPUT 1 "s1";
    .port_info 6 /OUTPUT 1 "y";
v0x5ef3d3d0f9f0_0 .net *"_ivl_0", 0 0, L_0x5ef3d3d137a0;  1 drivers
v0x5ef3d3d0faf0_0 .net *"_ivl_2", 0 0, L_0x5ef3d3d13860;  1 drivers
v0x5ef3d3d0fbd0_0 .net "i0", 0 0, L_0x5ef3d3d12c00;  alias, 1 drivers
v0x5ef3d3d0fc70_0 .net "i1", 0 0, L_0x5ef3d3d12fb0;  alias, 1 drivers
v0x5ef3d3d0fd10_0 .net "i2", 0 0, L_0x5ef3d3d13270;  alias, 1 drivers
v0x5ef3d3d0fe00_0 .net "i3", 0 0, L_0x5ef3d3d13640;  alias, 1 drivers
v0x5ef3d3d0fea0_0 .net "s0", 0 0, v0x5ef3d3d127f0_0;  alias, 1 drivers
v0x5ef3d3d0ff40_0 .net "s1", 0 0, v0x5ef3d3d128e0_0;  alias, 1 drivers
v0x5ef3d3d0ffe0_0 .net "y", 0 0, L_0x5ef3d3d13a20;  alias, 1 drivers
L_0x5ef3d3d137a0 .functor MUXZ 1, L_0x5ef3d3d13270, L_0x5ef3d3d13640, v0x5ef3d3d127f0_0, C4<>;
L_0x5ef3d3d13860 .functor MUXZ 1, L_0x5ef3d3d12c00, L_0x5ef3d3d12fb0, v0x5ef3d3d127f0_0, C4<>;
L_0x5ef3d3d13a20 .functor MUXZ 1, L_0x5ef3d3d13860, L_0x5ef3d3d137a0, v0x5ef3d3d128e0_0, C4<>;
    .scope S_0x5ef3d3ce1e50;
T_0 ;
    %vpi_call 2 18 "$monitor", "t=%0t | s3s2s1s0=%b%b%b%b | y=%b", $time, v0x5ef3d3d128e0_0, v0x5ef3d3d127f0_0, v0x5ef3d3d12750_0, v0x5ef3d3d126b0_0, v0x5ef3d3d129d0_0 {0 0 0};
    %vpi_call 2 19 "$dumpfile", "mux16to1using4to1.vcd" {0 0 0};
    %vpi_call 2 20 "$dumpvars", 32'sb00000000000000000000000000000000, S_0x5ef3d3ce1e50 {0 0 0};
    %pushi/vec4 0, 0, 1;
    %store/vec4 v0x5ef3d3d116e0_0, 0, 1;
    %pushi/vec4 1, 0, 1;
    %store/vec4 v0x5ef3d3d117f0_0, 0, 1;
    %pushi/vec4 0, 0, 1;
    %store/vec4 v0x5ef3d3d11ef0_0, 0, 1;
    %pushi/vec4 1, 0, 1;
    %store/vec4 v0x5ef3d3d12020_0, 0, 1;
    %pushi/vec4 1, 0, 1;
    %store/vec4 v0x5ef3d3d12110_0, 0, 1;
    %pushi/vec4 0, 0, 1;
    %store/vec4 v0x5ef3d3d12200_0, 0, 1;
    %pushi/vec4 1, 0, 1;
    %store/vec4 v0x5ef3d3d122f0_0, 0, 1;
    %pushi/vec4 0, 0, 1;
    %store/vec4 v0x5ef3d3d123e0_0, 0, 1;
    %pushi/vec4 0, 0, 1;
    %store/vec4 v0x5ef3d3d124d0_0, 0, 1;
    %pushi/vec4 1, 0, 1;
    %store/vec4 v0x5ef3d3d125c0_0, 0, 1;
    %pushi/vec4 0, 0, 1;
    %store/vec4 v0x5ef3d3d11900_0, 0, 1;
    %pushi/vec4 1, 0, 1;
    %store/vec4 v0x5ef3d3d119f0_0, 0, 1;
    %pushi/vec4 1, 0, 1;
    %store/vec4 v0x5ef3d3d11ae0_0, 0, 1;
    %pushi/vec4 0, 0, 1;
    %store/vec4 v0x5ef3d3d11c20_0, 0, 1;
    %pushi/vec4 1, 0, 1;
    %store/vec4 v0x5ef3d3d11d10_0, 0, 1;
    %pushi/vec4 0, 0, 1;
    %store/vec4 v0x5ef3d3d11e00_0, 0, 1;
    %pushi/vec4 0, 0, 4;
    %split/vec4 1;
    %store/vec4 v0x5ef3d3d126b0_0, 0, 1;
    %split/vec4 1;
    %store/vec4 v0x5ef3d3d12750_0, 0, 1;
    %split/vec4 1;
    %store/vec4 v0x5ef3d3d127f0_0, 0, 1;
    %store/vec4 v0x5ef3d3d128e0_0, 0, 1;
    %delay 10, 0;
    %pushi/vec4 1, 0, 4;
    %split/vec4 1;
    %store/vec4 v0x5ef3d3d126b0_0, 0, 1;
    %split/vec4 1;
    %store/vec4 v0x5ef3d3d12750_0, 0, 1;
    %split/vec4 1;
    %store/vec4 v0x5ef3d3d127f0_0, 0, 1;
    %store/vec4 v0x5ef3d3d128e0_0, 0, 1;
    %delay 10, 0;
    %pushi/vec4 2, 0, 4;
    %split/vec4 1;
    %store/vec4 v0x5ef3d3d126b0_0, 0, 1;
    %split/vec4 1;
    %store/vec4 v0x5ef3d3d12750_0, 0, 1;
    %split/vec4 1;
    %store/vec4 v0x5ef3d3d127f0_0, 0, 1;
    %store/vec4 v0x5ef3d3d128e0_0, 0, 1;
    %delay 10, 0;
    %pushi/vec4 3, 0, 4;
    %split/vec4 1;
    %store/vec4 v0x5ef3d3d126b0_0, 0, 1;
    %split/vec4 1;
    %store/vec4 v0x5ef3d3d12750_0, 0, 1;
    %split/vec4 1;
    %store/vec4 v0x5ef3d3d127f0_0, 0, 1;
    %store/vec4 v0x5ef3d3d128e0_0, 0, 1;
    %delay 10, 0;
    %pushi/vec4 4, 0, 4;
    %split/vec4 1;
    %store/vec4 v0x5ef3d3d126b0_0, 0, 1;
    %split/vec4 1;
    %store/vec4 v0x5ef3d3d12750_0, 0, 1;
    %split/vec4 1;
    %store/vec4 v0x5ef3d3d127f0_0, 0, 1;
    %store/vec4 v0x5ef3d3d128e0_0, 0, 1;
    %delay 10, 0;
    %pushi/vec4 5, 0, 4;
    %split/vec4 1;
    %store/vec4 v0x5ef3d3d126b0_0, 0, 1;
    %split/vec4 1;
    %store/vec4 v0x5ef3d3d12750_0, 0, 1;
    %split/vec4 1;
    %store/vec4 v0x5ef3d3d127f0_0, 0, 1;
    %store/vec4 v0x5ef3d3d128e0_0, 0, 1;
    %delay 10, 0;
    %pushi/vec4 6, 0, 4;
    %split/vec4 1;
    %store/vec4 v0x5ef3d3d126b0_0, 0, 1;
    %split/vec4 1;
    %store/vec4 v0x5ef3d3d12750_0, 0, 1;
    %split/vec4 1;
    %store/vec4 v0x5ef3d3d127f0_0, 0, 1;
    %store/vec4 v0x5ef3d3d128e0_0, 0, 1;
    %delay 10, 0;
    %pushi/vec4 7, 0, 4;
    %split/vec4 1;
    %store/vec4 v0x5ef3d3d126b0_0, 0, 1;
    %split/vec4 1;
    %store/vec4 v0x5ef3d3d12750_0, 0, 1;
    %split/vec4 1;
    %store/vec4 v0x5ef3d3d127f0_0, 0, 1;
    %store/vec4 v0x5ef3d3d128e0_0, 0, 1;
    %delay 10, 0;
    %pushi/vec4 8, 0, 4;
    %split/vec4 1;
    %store/vec4 v0x5ef3d3d126b0_0, 0, 1;
    %split/vec4 1;
    %store/vec4 v0x5ef3d3d12750_0, 0, 1;
    %split/vec4 1;
    %store/vec4 v0x5ef3d3d127f0_0, 0, 1;
    %store/vec4 v0x5ef3d3d128e0_0, 0, 1;
    %delay 10, 0;
    %pushi/vec4 9, 0, 4;
    %split/vec4 1;
    %store/vec4 v0x5ef3d3d126b0_0, 0, 1;
    %split/vec4 1;
    %store/vec4 v0x5ef3d3d12750_0, 0, 1;
    %split/vec4 1;
    %store/vec4 v0x5ef3d3d127f0_0, 0, 1;
    %store/vec4 v0x5ef3d3d128e0_0, 0, 1;
    %delay 10, 0;
    %pushi/vec4 10, 0, 4;
    %split/vec4 1;
    %store/vec4 v0x5ef3d3d126b0_0, 0, 1;
    %split/vec4 1;
    %store/vec4 v0x5ef3d3d12750_0, 0, 1;
    %split/vec4 1;
    %store/vec4 v0x5ef3d3d127f0_0, 0, 1;
    %store/vec4 v0x5ef3d3d128e0_0, 0, 1;
    %delay 10, 0;
    %pushi/vec4 11, 0, 4;
    %split/vec4 1;
    %store/vec4 v0x5ef3d3d126b0_0, 0, 1;
    %split/vec4 1;
    %store/vec4 v0x5ef3d3d12750_0, 0, 1;
    %split/vec4 1;
    %store/vec4 v0x5ef3d3d127f0_0, 0, 1;
    %store/vec4 v0x5ef3d3d128e0_0, 0, 1;
    %delay 10, 0;
    %pushi/vec4 12, 0, 4;
    %split/vec4 1;
    %store/vec4 v0x5ef3d3d126b0_0, 0, 1;
    %split/vec4 1;
    %store/vec4 v0x5ef3d3d12750_0, 0, 1;
    %split/vec4 1;
    %store/vec4 v0x5ef3d3d127f0_0, 0, 1;
    %store/vec4 v0x5ef3d3d128e0_0, 0, 1;
    %delay 10, 0;
    %pushi/vec4 13, 0, 4;
    %split/vec4 1;
    %store/vec4 v0x5ef3d3d126b0_0, 0, 1;
    %split/vec4 1;
    %store/vec4 v0x5ef3d3d12750_0, 0, 1;
    %split/vec4 1;
    %store/vec4 v0x5ef3d3d127f0_0, 0, 1;
    %store/vec4 v0x5ef3d3d128e0_0, 0, 1;
    %delay 10, 0;
    %pushi/vec4 14, 0, 4;
    %split/vec4 1;
    %store/vec4 v0x5ef3d3d126b0_0, 0, 1;
    %split/vec4 1;
    %store/vec4 v0x5ef3d3d12750_0, 0, 1;
    %split/vec4 1;
    %store/vec4 v0x5ef3d3d127f0_0, 0, 1;
    %store/vec4 v0x5ef3d3d128e0_0, 0, 1;
    %delay 10, 0;
    %pushi/vec4 15, 0, 4;
    %split/vec4 1;
    %store/vec4 v0x5ef3d3d126b0_0, 0, 1;
    %split/vec4 1;
    %store/vec4 v0x5ef3d3d12750_0, 0, 1;
    %split/vec4 1;
    %store/vec4 v0x5ef3d3d127f0_0, 0, 1;
    %store/vec4 v0x5ef3d3d128e0_0, 0, 1;
    %delay 10, 0;
    %vpi_call 2 47 "$finish" {0 0 0};
    %end;
    .thread T_0;
# The file index is used to find the file name in the following table.
:file_names 4;
    "N/A";
    "<interactive>";
    "mux16to1using4to1_tb.v";
    "mux16to1using4to1.v";
