#! /usr/bin/vvp
:ivl_version "12.0 (stable)";
:ivl_delay_selection "TYPICAL";
:vpi_time_precision + 0;
:vpi_module "/usr/lib/x86_64-linux-gnu/ivl/system.vpi";
:vpi_module "/usr/lib/x86_64-linux-gnu/ivl/vhdl_sys.vpi";
:vpi_module "/usr/lib/x86_64-linux-gnu/ivl/vhdl_textio.vpi";
:vpi_module "/usr/lib/x86_64-linux-gnu/ivl/v2005_math.vpi";
:vpi_module "/usr/lib/x86_64-linux-gnu/ivl/va_math.vpi";
S_0x5b64a6992710 .scope module, "twoscomplement_signmagnitude_tb" "twoscomplement_signmagnitude_tb" 2 1;
 .timescale 0 0;
v0x5b64a69a64b0_0 .var "a", 7 0;
v0x5b64a69a65a0_0 .net "mag", 6 0, v0x5b64a69a61d0_0;  1 drivers
v0x5b64a69a6670_0 .net "sign", 0 0, v0x5b64a69a62b0_0;  1 drivers
S_0x5b64a69928a0 .scope module, "dut" "twoscomplement_signmagnitude" 2 6, 3 1 0, S_0x5b64a6992710;
 .timescale 0 0;
    .port_info 0 /INPUT 8 "a";
    .port_info 1 /OUTPUT 1 "sign";
    .port_info 2 /OUTPUT 7 "mag";
v0x5b64a6992ad0_0 .net "a", 7 0, v0x5b64a69a64b0_0;  1 drivers
v0x5b64a69a61d0_0 .var "mag", 6 0;
v0x5b64a69a62b0_0 .var "sign", 0 0;
v0x5b64a69a6350_0 .var "temp", 7 0;
E_0x5b64a6993640 .event anyedge, v0x5b64a6992ad0_0, v0x5b64a69a6350_0;
    .scope S_0x5b64a69928a0;
T_0 ;
    %wait E_0x5b64a6993640;
    %load/vec4 v0x5b64a6992ad0_0;
    %parti/s 1, 7, 4;
    %store/vec4 v0x5b64a69a62b0_0, 0, 1;
    %load/vec4 v0x5b64a6992ad0_0;
    %parti/s 1, 7, 4;
    %cmpi/e 0, 0, 1;
    %jmp/0xz  T_0.0, 4;
    %load/vec4 v0x5b64a6992ad0_0;
    %parti/s 7, 0, 2;
    %store/vec4 v0x5b64a69a61d0_0, 0, 7;
    %jmp T_0.1;
T_0.0 ;
    %load/vec4 v0x5b64a6992ad0_0;
    %inv;
    %addi 1, 0, 8;
    %store/vec4 v0x5b64a69a6350_0, 0, 8;
    %load/vec4 v0x5b64a69a6350_0;
    %parti/s 7, 0, 2;
    %store/vec4 v0x5b64a69a61d0_0, 0, 7;
T_0.1 ;
    %jmp T_0;
    .thread T_0, $push;
    .scope S_0x5b64a6992710;
T_1 ;
    %vpi_call 2 12 "$dumpfile", "twoscomplement_signmagnitude.vcd" {0 0 0};
    %vpi_call 2 13 "$dumpvars", 32'sb00000000000000000000000000000000, S_0x5b64a6992710 {0 0 0};
    %pushi/vec4 5, 0, 8;
    %store/vec4 v0x5b64a69a64b0_0, 0, 8;
    %delay 10, 0;
    %pushi/vec4 10, 0, 8;
    %store/vec4 v0x5b64a69a64b0_0, 0, 8;
    %delay 10, 0;
    %pushi/vec4 251, 0, 8;
    %store/vec4 v0x5b64a69a64b0_0, 0, 8;
    %delay 10, 0;
    %pushi/vec4 246, 0, 8;
    %store/vec4 v0x5b64a69a64b0_0, 0, 8;
    %delay 10, 0;
    %pushi/vec4 129, 0, 8;
    %store/vec4 v0x5b64a69a64b0_0, 0, 8;
    %delay 10, 0;
    %pushi/vec4 127, 0, 8;
    %store/vec4 v0x5b64a69a64b0_0, 0, 8;
    %delay 10, 0;
    %vpi_call 2 20 "$finish" {0 0 0};
    %end;
    .thread T_1;
    .scope S_0x5b64a6992710;
T_2 ;
    %vpi_call 2 23 "$monitor", "time=%0t | a=%b | sign=%b | magnitude=%b", $time, v0x5b64a69a64b0_0, v0x5b64a69a6670_0, v0x5b64a69a65a0_0 {0 0 0};
    %end;
    .thread T_2;
# The file index is used to find the file name in the following table.
:file_names 4;
    "N/A";
    "<interactive>";
    "twoscomplement_signedmagnitude.v";
    "twoscomplement_signedmagnitude_tb.v";
