#! /usr/bin/vvp
:ivl_version "12.0 (stable)";
:ivl_delay_selection "TYPICAL";
:vpi_time_precision + 0;
:vpi_module "/usr/lib/x86_64-linux-gnu/ivl/system.vpi";
:vpi_module "/usr/lib/x86_64-linux-gnu/ivl/vhdl_sys.vpi";
:vpi_module "/usr/lib/x86_64-linux-gnu/ivl/vhdl_textio.vpi";
:vpi_module "/usr/lib/x86_64-linux-gnu/ivl/v2005_math.vpi";
:vpi_module "/usr/lib/x86_64-linux-gnu/ivl/va_math.vpi";
S_0x57f64e3cf010 .scope module, "switchlevel_nand_tb" "switchlevel_nand_tb" 2 1;
 .timescale 0 0;
v0x57f64e3e2ab0_0 .var "a", 0 0;
v0x57f64e3e2b50_0 .var "b", 0 0;
RS_0x7c5685c93138 .resolv tri, L_0x57f64e3e2d20, L_0x57f64e3e2e80, L_0x57f64e3e3050;
v0x57f64e3e2c20_0 .net8 "y", 0 0, RS_0x7c5685c93138;  3 drivers, strength-aware
S_0x57f64e3cf1a0 .scope module, "dut" "switchlevel_nand" 2 5, 3 1 0, S_0x57f64e3cf010;
 .timescale 0 0;
    .port_info 0 /INPUT 1 "a";
    .port_info 1 /INPUT 1 "b";
    .port_info 2 /OUTPUT 1 "y";
L_0x7c5685c4a018 .functor BUFT 1, C4<1>, C4<0>, C4<0>, C4<0>;
L_0x57f64e3e2d20 .functor PMOS 1, L_0x7c5685c4a018, v0x57f64e3e2ab0_0, C4<0>, C4<0>;
L_0x7c5685c4a060 .functor BUFT 1, C4<1>, C4<0>, C4<0>, C4<0>;
L_0x57f64e3e2e80 .functor PMOS 1, L_0x7c5685c4a060, v0x57f64e3e2b50_0, C4<0>, C4<0>;
L_0x7c5685c4a0a8 .functor BUFT 1, C4<0>, C4<0>, C4<0>, C4<0>;
L_0x57f64e3e2f90 .functor NMOS 1, L_0x7c5685c4a0a8, v0x57f64e3e2ab0_0, C4<0>, C4<0>;
L_0x57f64e3e3050 .functor NMOS 1, L_0x57f64e3e2f90, v0x57f64e3e2b50_0, C4<0>, C4<0>;
v0x57f64e3cf3d0_0 .net/2u *"_ivl_0", 0 0, L_0x7c5685c4a018;  1 drivers
v0x57f64e3e2540_0 .net/2u *"_ivl_2", 0 0, L_0x7c5685c4a060;  1 drivers
v0x57f64e3e2620_0 .net/2u *"_ivl_4", 0 0, L_0x7c5685c4a0a8;  1 drivers
v0x57f64e3e26e0_0 .net "a", 0 0, v0x57f64e3e2ab0_0;  1 drivers
v0x57f64e3e27a0_0 .net "b", 0 0, v0x57f64e3e2b50_0;  1 drivers
v0x57f64e3e28b0_0 .net8 "mid", 0 0, L_0x57f64e3e2f90;  1 drivers, strength-aware
v0x57f64e3e2970_0 .net8 "y", 0 0, RS_0x7c5685c93138;  alias, 3 drivers, strength-aware
    .scope S_0x57f64e3cf010;
T_0 ;
    %vpi_call 2 11 "$dumpfile", "switchlevel_nand.vcd" {0 0 0};
    %vpi_call 2 12 "$dumpvars", 32'sb00000000000000000000000000000000, S_0x57f64e3cf010 {0 0 0};
    %vpi_call 2 13 "$monitor", "$time=%0t | a=%b | b=%b | y=%b", $time, v0x57f64e3e2ab0_0, v0x57f64e3e2b50_0, v0x57f64e3e2c20_0 {0 0 0};
    %pushi/vec4 0, 0, 1;
    %store/vec4 v0x57f64e3e2ab0_0, 0, 1;
    %pushi/vec4 0, 0, 1;
    %store/vec4 v0x57f64e3e2b50_0, 0, 1;
    %delay 10, 0;
    %pushi/vec4 0, 0, 1;
    %store/vec4 v0x57f64e3e2ab0_0, 0, 1;
    %pushi/vec4 1, 0, 1;
    %store/vec4 v0x57f64e3e2b50_0, 0, 1;
    %delay 10, 0;
    %pushi/vec4 1, 0, 1;
    %store/vec4 v0x57f64e3e2ab0_0, 0, 1;
    %pushi/vec4 0, 0, 1;
    %store/vec4 v0x57f64e3e2b50_0, 0, 1;
    %delay 10, 0;
    %pushi/vec4 1, 0, 1;
    %store/vec4 v0x57f64e3e2ab0_0, 0, 1;
    %pushi/vec4 1, 0, 1;
    %store/vec4 v0x57f64e3e2b50_0, 0, 1;
    %delay 10, 0;
    %vpi_call 2 18 "$finish" {0 0 0};
    %end;
    .thread T_0;
# The file index is used to find the file name in the following table.
:file_names 4;
    "N/A";
    "<interactive>";
    "switchlevel_nand_tb.v";
    "switchlevel_nand.v";
