#! /usr/bin/vvp
:ivl_version "12.0 (stable)";
:ivl_delay_selection "TYPICAL";
:vpi_time_precision + 0;
:vpi_module "/usr/lib/x86_64-linux-gnu/ivl/system.vpi";
:vpi_module "/usr/lib/x86_64-linux-gnu/ivl/vhdl_sys.vpi";
:vpi_module "/usr/lib/x86_64-linux-gnu/ivl/vhdl_textio.vpi";
:vpi_module "/usr/lib/x86_64-linux-gnu/ivl/v2005_math.vpi";
:vpi_module "/usr/lib/x86_64-linux-gnu/ivl/va_math.vpi";
S_0x60be638dc820 .scope module, "sized_no_tb" "sized_no_tb" 2 1;
 .timescale 0 0;
v0x60be639030e0_0 .var "bi_input", 7 0;
v0x60be639031c0_0 .net "bi_output", 7 0, L_0x60be63903460;  1 drivers
v0x60be63903290_0 .var "hex_input", 15 0;
v0x60be63903390_0 .net "hex_output", 15 0, L_0x60be63903570;  1 drivers
S_0x60be638f00e0 .scope module, "dut" "sized_no" 2 7, 3 1 0, S_0x60be638dc820;
 .timescale 0 0;
    .port_info 0 /INPUT 8 "bi_input";
    .port_info 1 /INPUT 16 "hex_input";
    .port_info 2 /OUTPUT 8 "bi_output";
    .port_info 3 /OUTPUT 16 "hex_output";
L_0x60be63903460 .functor BUFZ 8, v0x60be639030e0_0, C4<00000000>, C4<00000000>, C4<00000000>;
L_0x60be63903570 .functor BUFZ 16, v0x60be63903290_0, C4<0000000000000000>, C4<0000000000000000>, C4<0000000000000000>;
v0x60be638f0330_0 .net "bi_input", 7 0, v0x60be639030e0_0;  1 drivers
v0x60be63902d80_0 .net "bi_output", 7 0, L_0x60be63903460;  alias, 1 drivers
v0x60be63902e60_0 .net "hex_input", 15 0, v0x60be63903290_0;  1 drivers
v0x60be63902f50_0 .net "hex_output", 15 0, L_0x60be63903570;  alias, 1 drivers
    .scope S_0x60be638dc820;
T_0 ;
    %vpi_call 2 14 "$dumpfile", "sized_no.vcd" {0 0 0};
    %vpi_call 2 15 "$dumpvars", 32'sb00000000000000000000000000000000, S_0x60be638dc820 {0 0 0};
    %vpi_call 2 16 "$monitor", "$time=%0t,bi_input=%b,hex_input=%b, bi_output=%b,hex_output=%b", $time, v0x60be639030e0_0, v0x60be63903290_0, v0x60be639031c0_0, v0x60be63903390_0 {0 0 0};
    %pushi/vec4 9, 0, 8;
    %store/vec4 v0x60be639030e0_0, 0, 8;
    %pushi/vec4 2677, 0, 16;
    %store/vec4 v0x60be63903290_0, 0, 16;
    %delay 10, 0;
    %pushi/vec4 10, 0, 8;
    %store/vec4 v0x60be639030e0_0, 0, 8;
    %pushi/vec4 2839, 0, 16;
    %store/vec4 v0x60be63903290_0, 0, 16;
    %delay 10, 0;
    %vpi_call 2 24 "$finish" {0 0 0};
    %end;
    .thread T_0;
# The file index is used to find the file name in the following table.
:file_names 4;
    "N/A";
    "<interactive>";
    "sized_no_tb.v";
    "sized_no.v";
