#! /usr/bin/vvp
:ivl_version "12.0 (stable)";
:ivl_delay_selection "TYPICAL";
:vpi_time_precision + 0;
:vpi_module "/usr/lib/x86_64-linux-gnu/ivl/system.vpi";
:vpi_module "/usr/lib/x86_64-linux-gnu/ivl/vhdl_sys.vpi";
:vpi_module "/usr/lib/x86_64-linux-gnu/ivl/vhdl_textio.vpi";
:vpi_module "/usr/lib/x86_64-linux-gnu/ivl/v2005_math.vpi";
:vpi_module "/usr/lib/x86_64-linux-gnu/ivl/va_math.vpi";
S_0x5c7df3a89240 .scope module, "sr_flipflop_tb" "sr_flipflop_tb" 2 1;
 .timescale 0 0;
v0x5c7df3a9e240_0 .net "Q", 0 0, v0x5c7df3a780d0_0;  1 drivers
v0x5c7df3a9e300_0 .net "Qbar", 0 0, L_0x5c7df3a9e690;  1 drivers
v0x5c7df3a9e3d0_0 .var "R", 0 0;
v0x5c7df3a9e4d0_0 .var "S", 0 0;
v0x5c7df3a9e5a0_0 .var "clk", 0 0;
S_0x5c7df3a893d0 .scope module, "dut" "sr_flipflop" 2 4, 3 1 0, S_0x5c7df3a89240;
 .timescale 0 0;
    .port_info 0 /INPUT 1 "S";
    .port_info 1 /INPUT 1 "R";
    .port_info 2 /INPUT 1 "clk";
    .port_info 3 /INPUT 1 "rst";
    .port_info 4 /OUTPUT 1 "Q";
    .port_info 5 /OUTPUT 1 "Qbar";
L_0x5c7df3a9e690 .functor NOT 1, v0x5c7df3a780d0_0, C4<0>, C4<0>, C4<0>;
v0x5c7df3a780d0_0 .var "Q", 0 0;
v0x5c7df3a9dd90_0 .net "Qbar", 0 0, L_0x5c7df3a9e690;  alias, 1 drivers
v0x5c7df3a9de50_0 .net "R", 0 0, v0x5c7df3a9e3d0_0;  1 drivers
v0x5c7df3a9def0_0 .net "S", 0 0, v0x5c7df3a9e4d0_0;  1 drivers
v0x5c7df3a9dfb0_0 .net "clk", 0 0, v0x5c7df3a9e5a0_0;  1 drivers
o0x752146bcf108 .functor BUFZ 1, C4<z>; HiZ drive
v0x5c7df3a9e0c0_0 .net "rst", 0 0, o0x752146bcf108;  0 drivers
E_0x5c7df3a87120 .event posedge, v0x5c7df3a9e0c0_0, v0x5c7df3a9dfb0_0;
    .scope S_0x5c7df3a893d0;
T_0 ;
    %wait E_0x5c7df3a87120;
    %load/vec4 v0x5c7df3a9e0c0_0;
    %flag_set/vec4 8;
    %jmp/0xz  T_0.0, 8;
    %pushi/vec4 0, 0, 1;
    %assign/vec4 v0x5c7df3a780d0_0, 0;
    %jmp T_0.1;
T_0.0 ;
    %load/vec4 v0x5c7df3a9def0_0;
    %load/vec4 v0x5c7df3a9de50_0;
    %concat/vec4; draw_concat_vec4
    %dup/vec4;
    %pushi/vec4 0, 0, 2;
    %cmp/u;
    %jmp/1 T_0.2, 6;
    %dup/vec4;
    %pushi/vec4 1, 0, 2;
    %cmp/u;
    %jmp/1 T_0.3, 6;
    %dup/vec4;
    %pushi/vec4 2, 0, 2;
    %cmp/u;
    %jmp/1 T_0.4, 6;
    %dup/vec4;
    %pushi/vec4 3, 0, 2;
    %cmp/u;
    %jmp/1 T_0.5, 6;
    %jmp T_0.6;
T_0.2 ;
    %load/vec4 v0x5c7df3a780d0_0;
    %assign/vec4 v0x5c7df3a780d0_0, 0;
    %jmp T_0.6;
T_0.3 ;
    %pushi/vec4 0, 0, 1;
    %assign/vec4 v0x5c7df3a780d0_0, 0;
    %jmp T_0.6;
T_0.4 ;
    %pushi/vec4 1, 0, 1;
    %assign/vec4 v0x5c7df3a780d0_0, 0;
    %jmp T_0.6;
T_0.5 ;
    %load/vec4 v0x5c7df3a780d0_0;
    %assign/vec4 v0x5c7df3a780d0_0, 0;
    %jmp T_0.6;
T_0.6 ;
    %pop/vec4 1;
T_0.1 ;
    %jmp T_0;
    .thread T_0;
    .scope S_0x5c7df3a89240;
T_1 ;
    %delay 10, 0;
    %load/vec4 v0x5c7df3a9e5a0_0;
    %inv;
    %store/vec4 v0x5c7df3a9e5a0_0, 0, 1;
    %jmp T_1;
    .thread T_1;
    .scope S_0x5c7df3a89240;
T_2 ;
    %vpi_call 2 13 "$monitor", "Time=%0t | S=%b R=%b | Q=%b Qbar=%b", $time, v0x5c7df3a9e4d0_0, v0x5c7df3a9e3d0_0, v0x5c7df3a9e240_0, v0x5c7df3a9e300_0 {0 0 0};
    %vpi_call 2 14 "$dumpfile", "sr_flipflop.vcd" {0 0 0};
    %vpi_call 2 15 "$dumpvars", 32'sb00000000000000000000000000000000, S_0x5c7df3a89240 {0 0 0};
    %pushi/vec4 0, 0, 1;
    %store/vec4 v0x5c7df3a9e5a0_0, 0, 1;
    %pushi/vec4 0, 0, 1;
    %store/vec4 v0x5c7df3a9e4d0_0, 0, 1;
    %pushi/vec4 0, 0, 1;
    %store/vec4 v0x5c7df3a9e3d0_0, 0, 1;
    %delay 10, 0;
    %pushi/vec4 0, 0, 1;
    %store/vec4 v0x5c7df3a9e4d0_0, 0, 1;
    %pushi/vec4 1, 0, 1;
    %store/vec4 v0x5c7df3a9e3d0_0, 0, 1;
    %delay 10, 0;
    %pushi/vec4 1, 0, 1;
    %store/vec4 v0x5c7df3a9e4d0_0, 0, 1;
    %pushi/vec4 0, 0, 1;
    %store/vec4 v0x5c7df3a9e3d0_0, 0, 1;
    %delay 10, 0;
    %pushi/vec4 1, 0, 1;
    %store/vec4 v0x5c7df3a9e4d0_0, 0, 1;
    %pushi/vec4 1, 0, 1;
    %store/vec4 v0x5c7df3a9e3d0_0, 0, 1;
    %delay 10, 0;
    %vpi_call 2 21 "$finish" {0 0 0};
    %end;
    .thread T_2;
# The file index is used to find the file name in the following table.
:file_names 4;
    "N/A";
    "<interactive>";
    "sr_flipflop_tb.v";
    "sr_flipflop.v";
