#! /usr/bin/vvp
:ivl_version "12.0 (stable)";
:ivl_delay_selection "TYPICAL";
:vpi_time_precision + 0;
:vpi_module "/usr/lib/x86_64-linux-gnu/ivl/system.vpi";
:vpi_module "/usr/lib/x86_64-linux-gnu/ivl/vhdl_sys.vpi";
:vpi_module "/usr/lib/x86_64-linux-gnu/ivl/vhdl_textio.vpi";
:vpi_module "/usr/lib/x86_64-linux-gnu/ivl/v2005_math.vpi";
:vpi_module "/usr/lib/x86_64-linux-gnu/ivl/va_math.vpi";
S_0x640fb835da00 .scope module, "traffic_light_controller_tb" "traffic_light_controller_tb" 2 1;
 .timescale 0 0;
v0x640fb8372960_0 .var "clk", 0 0;
v0x640fb8372a20_0 .net "ew", 2 0, v0x640fb8372470_0;  1 drivers
v0x640fb8372af0_0 .net "ns", 2 0, v0x640fb8372610_0;  1 drivers
v0x640fb8372bf0_0 .var "rst", 0 0;
S_0x640fb835db90 .scope module, "dut" "traffic_light_controller" 2 4, 3 1 0, S_0x640fb835da00;
 .timescale 0 0;
    .port_info 0 /INPUT 1 "clk";
    .port_info 1 /INPUT 1 "rst";
    .port_info 2 /OUTPUT 3 "ns";
    .port_info 3 /OUTPUT 3 "ew";
v0x640fb83473e0_0 .net "clk", 0 0, v0x640fb8372960_0;  1 drivers
v0x640fb8372470_0 .var "ew", 2 0;
v0x640fb8372550_0 .var "next_state", 1 0;
v0x640fb8372610_0 .var "ns", 2 0;
v0x640fb83726f0_0 .net "rst", 0 0, v0x640fb8372bf0_0;  1 drivers
v0x640fb8372800_0 .var "state", 1 0;
E_0x640fb8359300 .event anyedge, v0x640fb8372800_0;
E_0x640fb8358ef0 .event posedge, v0x640fb83726f0_0, v0x640fb83473e0_0;
    .scope S_0x640fb835db90;
T_0 ;
    %wait E_0x640fb8358ef0;
    %load/vec4 v0x640fb83726f0_0;
    %flag_set/vec4 8;
    %jmp/0xz  T_0.0, 8;
    %pushi/vec4 0, 0, 2;
    %assign/vec4 v0x640fb8372800_0, 0;
    %jmp T_0.1;
T_0.0 ;
    %load/vec4 v0x640fb8372550_0;
    %assign/vec4 v0x640fb8372800_0, 0;
T_0.1 ;
    %jmp T_0;
    .thread T_0;
    .scope S_0x640fb835db90;
T_1 ;
    %wait E_0x640fb8359300;
    %load/vec4 v0x640fb8372800_0;
    %cmpi/e 0, 0, 2;
    %jmp/0xz  T_1.0, 4;
    %pushi/vec4 1, 0, 2;
    %store/vec4 v0x640fb8372550_0, 0, 2;
    %jmp T_1.1;
T_1.0 ;
    %load/vec4 v0x640fb8372800_0;
    %cmpi/e 1, 0, 2;
    %jmp/0xz  T_1.2, 4;
    %pushi/vec4 2, 0, 2;
    %store/vec4 v0x640fb8372550_0, 0, 2;
    %jmp T_1.3;
T_1.2 ;
    %load/vec4 v0x640fb8372800_0;
    %cmpi/e 2, 0, 2;
    %jmp/0xz  T_1.4, 4;
    %pushi/vec4 3, 0, 2;
    %store/vec4 v0x640fb8372550_0, 0, 2;
    %jmp T_1.5;
T_1.4 ;
    %pushi/vec4 0, 0, 2;
    %store/vec4 v0x640fb8372550_0, 0, 2;
T_1.5 ;
T_1.3 ;
T_1.1 ;
    %jmp T_1;
    .thread T_1, $push;
    .scope S_0x640fb835db90;
T_2 ;
    %wait E_0x640fb8359300;
    %load/vec4 v0x640fb8372800_0;
    %cmpi/e 0, 0, 2;
    %jmp/0xz  T_2.0, 4;
    %pushi/vec4 4, 0, 3;
    %store/vec4 v0x640fb8372610_0, 0, 3;
    %pushi/vec4 1, 0, 3;
    %store/vec4 v0x640fb8372470_0, 0, 3;
    %jmp T_2.1;
T_2.0 ;
    %load/vec4 v0x640fb8372800_0;
    %cmpi/e 1, 0, 2;
    %jmp/0xz  T_2.2, 4;
    %pushi/vec4 2, 0, 3;
    %store/vec4 v0x640fb8372610_0, 0, 3;
    %pushi/vec4 1, 0, 3;
    %store/vec4 v0x640fb8372470_0, 0, 3;
    %jmp T_2.3;
T_2.2 ;
    %load/vec4 v0x640fb8372800_0;
    %cmpi/e 2, 0, 2;
    %jmp/0xz  T_2.4, 4;
    %pushi/vec4 1, 0, 3;
    %store/vec4 v0x640fb8372610_0, 0, 3;
    %pushi/vec4 4, 0, 3;
    %store/vec4 v0x640fb8372470_0, 0, 3;
    %jmp T_2.5;
T_2.4 ;
    %pushi/vec4 1, 0, 3;
    %store/vec4 v0x640fb8372610_0, 0, 3;
    %pushi/vec4 2, 0, 3;
    %store/vec4 v0x640fb8372470_0, 0, 3;
T_2.5 ;
T_2.3 ;
T_2.1 ;
    %jmp T_2;
    .thread T_2, $push;
    .scope S_0x640fb835da00;
T_3 ;
    %delay 5, 0;
    %load/vec4 v0x640fb8372960_0;
    %inv;
    %store/vec4 v0x640fb8372960_0, 0, 1;
    %jmp T_3;
    .thread T_3;
    .scope S_0x640fb835da00;
T_4 ;
    %vpi_call 2 7 "$monitor", "$time=%0t|clk=%b|rst=%b|ns=%b|ew=%b", $time, v0x640fb8372960_0, v0x640fb8372bf0_0, v0x640fb8372af0_0, v0x640fb8372a20_0 {0 0 0};
    %vpi_call 2 8 "$dumpfile", "traffic_light_controller.vcd" {0 0 0};
    %vpi_call 2 9 "$dumpvars", 32'sb00000000000000000000000000000000, S_0x640fb835da00 {0 0 0};
    %pushi/vec4 0, 0, 1;
    %store/vec4 v0x640fb8372960_0, 0, 1;
    %pushi/vec4 1, 0, 1;
    %store/vec4 v0x640fb8372bf0_0, 0, 1;
    %delay 10, 0;
    %pushi/vec4 0, 0, 1;
    %store/vec4 v0x640fb8372bf0_0, 0, 1;
    %delay 80, 0;
    %vpi_call 2 13 "$finish" {0 0 0};
    %end;
    .thread T_4;
# The file index is used to find the file name in the following table.
:file_names 4;
    "N/A";
    "<interactive>";
    "traffic_light_controller_tb.v";
    "traffic_light_controller.v";
