#! /usr/bin/vvp
:ivl_version "12.0 (stable)";
:ivl_delay_selection "TYPICAL";
:vpi_time_precision + 0;
:vpi_module "/usr/lib/x86_64-linux-gnu/ivl/system.vpi";
:vpi_module "/usr/lib/x86_64-linux-gnu/ivl/vhdl_sys.vpi";
:vpi_module "/usr/lib/x86_64-linux-gnu/ivl/vhdl_textio.vpi";
:vpi_module "/usr/lib/x86_64-linux-gnu/ivl/v2005_math.vpi";
:vpi_module "/usr/lib/x86_64-linux-gnu/ivl/va_math.vpi";
S_0x6201dce797c0 .scope module, "mux2to1_conditionalop_tb" "mux2to1_conditionalop_tb" 2 1;
 .timescale 0 0;
v0x6201dce8c4d0_0 .var "a", 0 0;
v0x6201dce8c590_0 .var "b", 0 0;
v0x6201dce8c660_0 .var "s", 0 0;
v0x6201dce8c760_0 .net "y", 0 0, L_0x6201dce8c830;  1 drivers
S_0x6201dce79950 .scope module, "uut" "mux2to1_conditionalop" 2 4, 3 1 0, S_0x6201dce797c0;
 .timescale 0 0;
    .port_info 0 /INPUT 1 "a";
    .port_info 1 /INPUT 1 "b";
    .port_info 2 /INPUT 1 "s";
    .port_info 3 /OUTPUT 1 "y";
v0x6201dce79ba0_0 .net "a", 0 0, v0x6201dce8c4d0_0;  1 drivers
v0x6201dce8c200_0 .net "b", 0 0, v0x6201dce8c590_0;  1 drivers
v0x6201dce8c2c0_0 .net "s", 0 0, v0x6201dce8c660_0;  1 drivers
v0x6201dce8c360_0 .net "y", 0 0, L_0x6201dce8c830;  alias, 1 drivers
L_0x6201dce8c830 .functor MUXZ 1, v0x6201dce8c4d0_0, v0x6201dce8c590_0, v0x6201dce8c660_0, C4<>;
    .scope S_0x6201dce797c0;
T_0 ;
    %vpi_call 2 6 "$monitor", "$time=%0t|a=%b|b=%b|s=%b|y=%b", $time, v0x6201dce8c4d0_0, v0x6201dce8c590_0, v0x6201dce8c660_0, v0x6201dce8c760_0 {0 0 0};
    %vpi_call 2 7 "$dumpfile", "mux2to1_conditionalop.vcd" {0 0 0};
    %vpi_call 2 8 "$dumpvars", 32'sb00000000000000000000000000000000, S_0x6201dce797c0 {0 0 0};
    %pushi/vec4 0, 0, 1;
    %store/vec4 v0x6201dce8c4d0_0, 0, 1;
    %pushi/vec4 1, 0, 1;
    %store/vec4 v0x6201dce8c590_0, 0, 1;
    %pushi/vec4 0, 0, 1;
    %store/vec4 v0x6201dce8c660_0, 0, 1;
    %delay 10, 0;
    %pushi/vec4 1, 0, 1;
    %store/vec4 v0x6201dce8c4d0_0, 0, 1;
    %pushi/vec4 0, 0, 1;
    %store/vec4 v0x6201dce8c590_0, 0, 1;
    %pushi/vec4 1, 0, 1;
    %store/vec4 v0x6201dce8c660_0, 0, 1;
    %delay 10, 0;
    %vpi_call 2 11 "$finish" {0 0 0};
    %end;
    .thread T_0;
# The file index is used to find the file name in the following table.
:file_names 4;
    "N/A";
    "<interactive>";
    "mux2to1_conditionalop_tb.v";
    "mux2to1_conditionalop.v";
