#! /usr/bin/vvp
:ivl_version "12.0 (stable)";
:ivl_delay_selection "TYPICAL";
:vpi_time_precision + 0;
:vpi_module "/usr/lib/x86_64-linux-gnu/ivl/system.vpi";
:vpi_module "/usr/lib/x86_64-linux-gnu/ivl/vhdl_sys.vpi";
:vpi_module "/usr/lib/x86_64-linux-gnu/ivl/vhdl_textio.vpi";
:vpi_module "/usr/lib/x86_64-linux-gnu/ivl/v2005_math.vpi";
:vpi_module "/usr/lib/x86_64-linux-gnu/ivl/va_math.vpi";
S_0x56b7c449fa00 .scope module, "d_latch_tb" "d_latch_tb" 2 1;
 .timescale 0 0;
v0x56b7c44b3200_0 .var "D", 0 0;
v0x56b7c44b32d0_0 .var "EN", 0 0;
v0x56b7c44b33a0_0 .net "Q", 0 0, v0x56b7c44b30b0_0;  1 drivers
S_0x56b7c449fb90 .scope module, "dut" "d_latch" 2 4, 3 1 0, S_0x56b7c449fa00;
 .timescale 0 0;
    .port_info 0 /INPUT 1 "D";
    .port_info 1 /INPUT 1 "EN";
    .port_info 2 /OUTPUT 1 "Q";
v0x56b7c449fdc0_0 .net "D", 0 0, v0x56b7c44b3200_0;  1 drivers
v0x56b7c44b2ff0_0 .net "EN", 0 0, v0x56b7c44b32d0_0;  1 drivers
v0x56b7c44b30b0_0 .var "Q", 0 0;
E_0x56b7c449ec00 .event anyedge, v0x56b7c44b2ff0_0, v0x56b7c449fdc0_0;
    .scope S_0x56b7c449fb90;
T_0 ;
    %wait E_0x56b7c449ec00;
    %load/vec4 v0x56b7c44b2ff0_0;
    %flag_set/vec4 8;
    %jmp/0xz  T_0.0, 8;
    %load/vec4 v0x56b7c449fdc0_0;
    %store/vec4 v0x56b7c44b30b0_0, 0, 1;
T_0.0 ;
    %jmp T_0;
    .thread T_0, $push;
    .scope S_0x56b7c449fa00;
T_1 ;
    %vpi_call 2 10 "$monitor", "%0t   %b   %b  %b", $time, v0x56b7c44b32d0_0, v0x56b7c44b3200_0, v0x56b7c44b33a0_0 {0 0 0};
    %vpi_call 2 11 "$dumpfile", "d_latch.vcd" {0 0 0};
    %vpi_call 2 12 "$dumpvars", 32'sb00000000000000000000000000000000, S_0x56b7c449fa00 {0 0 0};
    %vpi_call 2 13 "$display", "Time  EN  D  Q" {0 0 0};
    %pushi/vec4 0, 0, 1;
    %store/vec4 v0x56b7c44b32d0_0, 0, 1;
    %pushi/vec4 0, 0, 1;
    %store/vec4 v0x56b7c44b3200_0, 0, 1;
    %delay 10, 0;
    %pushi/vec4 0, 0, 1;
    %store/vec4 v0x56b7c44b32d0_0, 0, 1;
    %pushi/vec4 1, 0, 1;
    %store/vec4 v0x56b7c44b3200_0, 0, 1;
    %delay 10, 0;
    %pushi/vec4 1, 0, 1;
    %store/vec4 v0x56b7c44b32d0_0, 0, 1;
    %pushi/vec4 1, 0, 1;
    %store/vec4 v0x56b7c44b3200_0, 0, 1;
    %delay 10, 0;
    %pushi/vec4 1, 0, 1;
    %store/vec4 v0x56b7c44b32d0_0, 0, 1;
    %pushi/vec4 0, 0, 1;
    %store/vec4 v0x56b7c44b3200_0, 0, 1;
    %delay 10, 0;
    %pushi/vec4 0, 0, 1;
    %store/vec4 v0x56b7c44b32d0_0, 0, 1;
    %pushi/vec4 1, 0, 1;
    %store/vec4 v0x56b7c44b3200_0, 0, 1;
    %delay 10, 0;
    %vpi_call 2 19 "$finish" {0 0 0};
    %end;
    .thread T_1;
# The file index is used to find the file name in the following table.
:file_names 4;
    "N/A";
    "<interactive>";
    "d_latch_tb.v";
    "d_latch.v";
