#! /usr/bin/vvp
:ivl_version "12.0 (stable)";
:ivl_delay_selection "TYPICAL";
:vpi_time_precision + 0;
:vpi_module "/usr/lib/x86_64-linux-gnu/ivl/system.vpi";
:vpi_module "/usr/lib/x86_64-linux-gnu/ivl/vhdl_sys.vpi";
:vpi_module "/usr/lib/x86_64-linux-gnu/ivl/vhdl_textio.vpi";
:vpi_module "/usr/lib/x86_64-linux-gnu/ivl/v2005_math.vpi";
:vpi_module "/usr/lib/x86_64-linux-gnu/ivl/va_math.vpi";
S_0x5bee096d9040 .scope module, "johnsoncounter_tb" "johnsoncounter_tb" 2 1;
 .timescale 0 0;
v0x5bee096eb630_0 .var "clk", 0 0;
v0x5bee096eb700_0 .net "q", 3 0, v0x5bee096eb400_0;  1 drivers
v0x5bee096eb7d0_0 .var "rst", 0 0;
S_0x5bee096d91d0 .scope module, "dut" "johnson_counter" 2 4, 3 1 0, S_0x5bee096d9040;
 .timescale 0 0;
    .port_info 0 /INPUT 1 "clk";
    .port_info 1 /INPUT 1 "rst";
    .port_info 2 /OUTPUT 4 "q";
v0x5bee096d9400_0 .net "clk", 0 0, v0x5bee096eb630_0;  1 drivers
v0x5bee096eb400_0 .var "q", 3 0;
v0x5bee096eb4e0_0 .net "rst", 0 0, v0x5bee096eb7d0_0;  1 drivers
E_0x5bee096d7c00 .event posedge, v0x5bee096eb4e0_0, v0x5bee096d9400_0;
    .scope S_0x5bee096d91d0;
T_0 ;
    %wait E_0x5bee096d7c00;
    %load/vec4 v0x5bee096eb4e0_0;
    %flag_set/vec4 8;
    %jmp/0xz  T_0.0, 8;
    %pushi/vec4 0, 0, 4;
    %assign/vec4 v0x5bee096eb400_0, 0;
    %jmp T_0.1;
T_0.0 ;
    %load/vec4 v0x5bee096eb400_0;
    %parti/s 3, 0, 2;
    %load/vec4 v0x5bee096eb400_0;
    %parti/s 1, 3, 3;
    %inv;
    %concat/vec4; draw_concat_vec4
    %assign/vec4 v0x5bee096eb400_0, 0;
T_0.1 ;
    %jmp T_0;
    .thread T_0;
    .scope S_0x5bee096d9040;
T_1 ;
    %delay 5, 0;
    %load/vec4 v0x5bee096eb630_0;
    %inv;
    %store/vec4 v0x5bee096eb630_0, 0, 1;
    %jmp T_1;
    .thread T_1;
    .scope S_0x5bee096d9040;
T_2 ;
    %vpi_call 2 11 "$monitor", "t=%0t q=%b", $time, v0x5bee096eb700_0 {0 0 0};
    %vpi_call 2 12 "$dumpfile", "johnsoncounter.vcd" {0 0 0};
    %vpi_call 2 13 "$dumpvars", 32'sb00000000000000000000000000000000, S_0x5bee096d9040 {0 0 0};
    %pushi/vec4 0, 0, 1;
    %store/vec4 v0x5bee096eb630_0, 0, 1;
    %pushi/vec4 1, 0, 1;
    %store/vec4 v0x5bee096eb7d0_0, 0, 1;
    %delay 10, 0;
    %pushi/vec4 0, 0, 1;
    %store/vec4 v0x5bee096eb7d0_0, 0, 1;
    %delay 100, 0;
    %vpi_call 2 17 "$finish" {0 0 0};
    %end;
    .thread T_2;
# The file index is used to find the file name in the following table.
:file_names 4;
    "N/A";
    "<interactive>";
    "johnsoncounter_tb.v";
    "johnsoncounter.v";
