#! /usr/bin/vvp
:ivl_version "12.0 (stable)";
:ivl_delay_selection "TYPICAL";
:vpi_time_precision + 0;
:vpi_module "/usr/lib/x86_64-linux-gnu/ivl/system.vpi";
:vpi_module "/usr/lib/x86_64-linux-gnu/ivl/vhdl_sys.vpi";
:vpi_module "/usr/lib/x86_64-linux-gnu/ivl/vhdl_textio.vpi";
:vpi_module "/usr/lib/x86_64-linux-gnu/ivl/v2005_math.vpi";
:vpi_module "/usr/lib/x86_64-linux-gnu/ivl/va_math.vpi";
S_0x62f52d2fa710 .scope module, "graytobinary_tb" "graytobinary_tb" 2 1;
 .timescale 0 0;
v0x62f52d30e2b0_0 .net "bin", 3 0, v0x62f52d2faa80_0;  1 drivers
v0x62f52d30e3a0_0 .var "gray", 3 0;
S_0x62f52d2fa8a0 .scope module, "dut" "graytobinary" 2 4, 3 1 0, S_0x62f52d2fa710;
 .timescale 0 0;
    .port_info 0 /INPUT 4 "gray";
    .port_info 1 /OUTPUT 4 "bin";
v0x62f52d2faa80_0 .var "bin", 3 0;
v0x62f52d30e0b0_0 .net "gray", 3 0, v0x62f52d30e3a0_0;  1 drivers
v0x62f52d30e190_0 .var/i "i", 31 0;
E_0x62f52d2f92b0 .event anyedge, v0x62f52d30e0b0_0, v0x62f52d2faa80_0;
    .scope S_0x62f52d2fa8a0;
T_0 ;
    %wait E_0x62f52d2f92b0;
    %load/vec4 v0x62f52d30e0b0_0;
    %parti/s 1, 3, 3;
    %ix/load 4, 3, 0;
    %flag_set/imm 4, 0;
    %store/vec4 v0x62f52d2faa80_0, 4, 1;
    %pushi/vec4 2, 0, 32;
    %store/vec4 v0x62f52d30e190_0, 0, 32;
T_0.0 ;
    %load/vec4 v0x62f52d30e190_0;
    %cmpi/s 0, 0, 32;
    %flag_inv 5; GE is !LT
    %jmp/0xz T_0.1, 5;
    %load/vec4 v0x62f52d2faa80_0;
    %load/vec4 v0x62f52d30e190_0;
    %addi 1, 0, 32;
    %part/s 1;
    %load/vec4 v0x62f52d30e0b0_0;
    %load/vec4 v0x62f52d30e190_0;
    %part/s 1;
    %xor;
    %ix/getv/s 4, v0x62f52d30e190_0;
    %store/vec4 v0x62f52d2faa80_0, 4, 1;
    %load/vec4 v0x62f52d30e190_0;
    %subi 1, 0, 32;
    %store/vec4 v0x62f52d30e190_0, 0, 32;
    %jmp T_0.0;
T_0.1 ;
    %jmp T_0;
    .thread T_0, $push;
    .scope S_0x62f52d2fa710;
T_1 ;
    %vpi_call 2 9 "$monitor", "%0t   %b   %b", $time, v0x62f52d30e3a0_0, v0x62f52d30e2b0_0 {0 0 0};
    %vpi_call 2 10 "$dumpfile", "graytobinary.vcd" {0 0 0};
    %vpi_call 2 11 "$dumpvars", 32'sb00000000000000000000000000000000, S_0x62f52d2fa710 {0 0 0};
    %vpi_call 2 12 "$display", "Time  Gray   Binary" {0 0 0};
    %pushi/vec4 0, 0, 4;
    %store/vec4 v0x62f52d30e3a0_0, 0, 4;
    %delay 10, 0;
    %pushi/vec4 1, 0, 4;
    %store/vec4 v0x62f52d30e3a0_0, 0, 4;
    %delay 10, 0;
    %pushi/vec4 3, 0, 4;
    %store/vec4 v0x62f52d30e3a0_0, 0, 4;
    %delay 10, 0;
    %pushi/vec4 2, 0, 4;
    %store/vec4 v0x62f52d30e3a0_0, 0, 4;
    %delay 10, 0;
    %pushi/vec4 6, 0, 4;
    %store/vec4 v0x62f52d30e3a0_0, 0, 4;
    %delay 10, 0;
    %pushi/vec4 14, 0, 4;
    %store/vec4 v0x62f52d30e3a0_0, 0, 4;
    %delay 10, 0;
    %vpi_call 2 19 "$finish" {0 0 0};
    %end;
    .thread T_1;
# The file index is used to find the file name in the following table.
:file_names 4;
    "N/A";
    "<interactive>";
    "graytobinary_tb.v";
    "graytobinary.v";
