#! /usr/bin/vvp
:ivl_version "12.0 (stable)";
:ivl_delay_selection "TYPICAL";
:vpi_time_precision + 0;
:vpi_module "/usr/lib/x86_64-linux-gnu/ivl/system.vpi";
:vpi_module "/usr/lib/x86_64-linux-gnu/ivl/vhdl_sys.vpi";
:vpi_module "/usr/lib/x86_64-linux-gnu/ivl/vhdl_textio.vpi";
:vpi_module "/usr/lib/x86_64-linux-gnu/ivl/v2005_math.vpi";
:vpi_module "/usr/lib/x86_64-linux-gnu/ivl/va_math.vpi";
S_0x646054a1fc10 .scope module, "mux8to1_tb" "mux8to1_tb" 2 1;
 .timescale 0 0;
v0x646054a4b190_0 .var "I", 7 0;
v0x646054a4b250_0 .var "S", 2 0;
v0x646054a4b320_0 .net "Y", 0 0, L_0x646054a4f3c0;  1 drivers
S_0x646054a1fda0 .scope module, "DUT" "mux8to1" 2 6, 3 1 0, S_0x646054a1fc10;
 .timescale 0 0;
    .port_info 0 /INPUT 8 "I";
    .port_info 1 /INPUT 3 "S";
    .port_info 2 /OUTPUT 1 "Y";
L_0x646054a4b4f0 .functor NOT 1, L_0x646054a4b420, C4<0>, C4<0>, C4<0>;
L_0x646054a4b650 .functor NOT 1, L_0x646054a4b5b0, C4<0>, C4<0>, C4<0>;
L_0x646054a4b740 .functor AND 1, L_0x646054a4b4f0, L_0x646054a4b650, C4<1>, C4<1>;
L_0x646054a4b8f0 .functor NOT 1, L_0x646054a4b850, C4<0>, C4<0>, C4<0>;
L_0x646054a4b990 .functor AND 1, L_0x646054a4b740, L_0x646054a4b8f0, C4<1>, C4<1>;
L_0x646054a4bbc0 .functor AND 1, L_0x646054a4b990, L_0x646054a4baa0, C4<1>, C4<1>;
L_0x646054a4bdb0 .functor NOT 1, L_0x646054a4bd10, C4<0>, C4<0>, C4<0>;
L_0x646054a4bf50 .functor NOT 1, L_0x646054a4be70, C4<0>, C4<0>, C4<0>;
L_0x646054a4c060 .functor AND 1, L_0x646054a4bdb0, L_0x646054a4bf50, C4<1>, C4<1>;
L_0x646054a4c210 .functor AND 1, L_0x646054a4c060, L_0x646054a4c170, C4<1>, C4<1>;
L_0x646054a4c420 .functor AND 1, L_0x646054a4c210, L_0x646054a4c380, C4<1>, C4<1>;
L_0x646054a4c530 .functor OR 1, L_0x646054a4bbc0, L_0x646054a4c420, C4<0>, C4<0>;
L_0x646054a4c750 .functor NOT 1, L_0x646054a4c6b0, C4<0>, C4<0>, C4<0>;
L_0x646054a4c8b0 .functor AND 1, L_0x646054a4c750, L_0x646054a4c810, C4<1>, C4<1>;
L_0x646054a4c640 .functor NOT 1, L_0x646054a4c9f0, C4<0>, C4<0>, C4<0>;
L_0x646054a4cae0 .functor AND 1, L_0x646054a4c8b0, L_0x646054a4c640, C4<1>, C4<1>;
L_0x646054a4cd90 .functor AND 1, L_0x646054a4cae0, L_0x646054a4cc80, C4<1>, C4<1>;
L_0x646054a4ce50 .functor OR 1, L_0x646054a4c530, L_0x646054a4cd90, C4<0>, C4<0>;
L_0x646054a4cbf0 .functor NOT 1, L_0x646054a4d000, C4<0>, C4<0>, C4<0>;
L_0x646054a4cd20 .functor AND 1, L_0x646054a4cbf0, L_0x646054a4d0f0, C4<1>, C4<1>;
L_0x646054a4d2e0 .functor AND 1, L_0x646054a4cd20, L_0x646054a4cf60, C4<1>, C4<1>;
L_0x646054a4d520 .functor AND 1, L_0x646054a4d2e0, L_0x646054a4d3f0, C4<1>, C4<1>;
L_0x646054a4d230 .functor OR 1, L_0x646054a4ce50, L_0x646054a4d520, C4<0>, C4<0>;
L_0x646054a4d490 .functor NOT 1, L_0x646054a4d830, C4<0>, C4<0>, C4<0>;
L_0x646054a4d630 .functor AND 1, L_0x646054a4d790, L_0x646054a4d490, C4<1>, C4<1>;
L_0x646054a4db80 .functor NOT 1, L_0x646054a4dae0, C4<0>, C4<0>, C4<0>;
L_0x646054a4d9c0 .functor AND 1, L_0x646054a4d630, L_0x646054a4db80, C4<1>, C4<1>;
L_0x646054a4d8d0 .functor AND 1, L_0x646054a4d9c0, L_0x646054a4dd70, C4<1>, C4<1>;
L_0x646054a4dc40 .functor OR 1, L_0x646054a4d230, L_0x646054a4d8d0, C4<0>, C4<0>;
L_0x646054a4de10 .functor NOT 1, L_0x646054a4e140, C4<0>, C4<0>, C4<0>;
L_0x646054a4df60 .functor AND 1, L_0x646054a4e0a0, L_0x646054a4de10, C4<1>, C4<1>;
L_0x646054a4e4e0 .functor AND 1, L_0x646054a4df60, L_0x646054a4e440, C4<1>, C4<1>;
L_0x646054a4e1e0 .functor AND 1, L_0x646054a4e4e0, L_0x646054a4e2f0, C4<1>, C4<1>;
L_0x646054a4e7d0 .functor OR 1, L_0x646054a4dc40, L_0x646054a4e1e0, C4<0>, C4<0>;
L_0x646054a4e690 .functor AND 1, L_0x646054a4e5f0, L_0x646054a4ea00, C4<1>, C4<1>;
L_0x646054a4ec20 .functor NOT 1, L_0x646054a4eb80, C4<0>, C4<0>, C4<0>;
L_0x646054a4e8e0 .functor AND 1, L_0x646054a4e690, L_0x646054a4ec20, C4<1>, C4<1>;
L_0x646054a4eaa0 .functor AND 1, L_0x646054a4e8e0, L_0x646054a4ee10, C4<1>, C4<1>;
L_0x646054a4ece0 .functor OR 1, L_0x646054a4e7d0, L_0x646054a4eaa0, C4<0>, C4<0>;
L_0x646054a4eeb0 .functor AND 1, L_0x646054a4f130, L_0x646054a4f1d0, C4<1>, C4<1>;
L_0x646054a4f090 .functor AND 1, L_0x646054a4eeb0, L_0x646054a4eff0, C4<1>, C4<1>;
L_0x646054a4f270 .functor AND 1, L_0x646054a4f090, L_0x646054a4f5b0, C4<1>, C4<1>;
L_0x646054a4f3c0 .functor OR 1, L_0x646054a4ece0, L_0x646054a4f270, C4<0>, C4<0>;
v0x646054a1ffd0_0 .net "I", 7 0, v0x646054a4b190_0;  1 drivers
v0x646054a46860_0 .net "S", 2 0, v0x646054a4b250_0;  1 drivers
v0x646054a46940_0 .net "Y", 0 0, L_0x646054a4f3c0;  alias, 1 drivers
v0x646054a469e0_0 .net *"_ivl_1", 0 0, L_0x646054a4b420;  1 drivers
v0x646054a46ac0_0 .net *"_ivl_101", 0 0, L_0x646054a4e140;  1 drivers
v0x646054a46bf0_0 .net *"_ivl_102", 0 0, L_0x646054a4de10;  1 drivers
v0x646054a46cd0_0 .net *"_ivl_104", 0 0, L_0x646054a4df60;  1 drivers
v0x646054a46db0_0 .net *"_ivl_107", 0 0, L_0x646054a4e440;  1 drivers
v0x646054a46e90_0 .net *"_ivl_108", 0 0, L_0x646054a4e4e0;  1 drivers
v0x646054a46f70_0 .net *"_ivl_11", 0 0, L_0x646054a4b850;  1 drivers
v0x646054a47050_0 .net *"_ivl_111", 0 0, L_0x646054a4e2f0;  1 drivers
v0x646054a47130_0 .net *"_ivl_112", 0 0, L_0x646054a4e1e0;  1 drivers
v0x646054a47210_0 .net *"_ivl_114", 0 0, L_0x646054a4e7d0;  1 drivers
v0x646054a472f0_0 .net *"_ivl_117", 0 0, L_0x646054a4e5f0;  1 drivers
v0x646054a473d0_0 .net *"_ivl_119", 0 0, L_0x646054a4ea00;  1 drivers
v0x646054a474b0_0 .net *"_ivl_12", 0 0, L_0x646054a4b8f0;  1 drivers
v0x646054a47590_0 .net *"_ivl_120", 0 0, L_0x646054a4e690;  1 drivers
v0x646054a47670_0 .net *"_ivl_123", 0 0, L_0x646054a4eb80;  1 drivers
v0x646054a47750_0 .net *"_ivl_124", 0 0, L_0x646054a4ec20;  1 drivers
v0x646054a47830_0 .net *"_ivl_126", 0 0, L_0x646054a4e8e0;  1 drivers
v0x646054a47910_0 .net *"_ivl_129", 0 0, L_0x646054a4ee10;  1 drivers
v0x646054a479f0_0 .net *"_ivl_130", 0 0, L_0x646054a4eaa0;  1 drivers
v0x646054a47ad0_0 .net *"_ivl_132", 0 0, L_0x646054a4ece0;  1 drivers
v0x646054a47bb0_0 .net *"_ivl_135", 0 0, L_0x646054a4f130;  1 drivers
v0x646054a47c90_0 .net *"_ivl_137", 0 0, L_0x646054a4f1d0;  1 drivers
v0x646054a47d70_0 .net *"_ivl_138", 0 0, L_0x646054a4eeb0;  1 drivers
v0x646054a47e50_0 .net *"_ivl_14", 0 0, L_0x646054a4b990;  1 drivers
v0x646054a47f30_0 .net *"_ivl_141", 0 0, L_0x646054a4eff0;  1 drivers
v0x646054a48010_0 .net *"_ivl_142", 0 0, L_0x646054a4f090;  1 drivers
v0x646054a480f0_0 .net *"_ivl_145", 0 0, L_0x646054a4f5b0;  1 drivers
v0x646054a481d0_0 .net *"_ivl_146", 0 0, L_0x646054a4f270;  1 drivers
v0x646054a482b0_0 .net *"_ivl_17", 0 0, L_0x646054a4baa0;  1 drivers
v0x646054a48390_0 .net *"_ivl_18", 0 0, L_0x646054a4bbc0;  1 drivers
v0x646054a48680_0 .net *"_ivl_2", 0 0, L_0x646054a4b4f0;  1 drivers
v0x646054a48760_0 .net *"_ivl_21", 0 0, L_0x646054a4bd10;  1 drivers
v0x646054a48840_0 .net *"_ivl_22", 0 0, L_0x646054a4bdb0;  1 drivers
v0x646054a48920_0 .net *"_ivl_25", 0 0, L_0x646054a4be70;  1 drivers
v0x646054a48a00_0 .net *"_ivl_26", 0 0, L_0x646054a4bf50;  1 drivers
v0x646054a48ae0_0 .net *"_ivl_28", 0 0, L_0x646054a4c060;  1 drivers
v0x646054a48bc0_0 .net *"_ivl_31", 0 0, L_0x646054a4c170;  1 drivers
v0x646054a48ca0_0 .net *"_ivl_32", 0 0, L_0x646054a4c210;  1 drivers
v0x646054a48d80_0 .net *"_ivl_35", 0 0, L_0x646054a4c380;  1 drivers
v0x646054a48e60_0 .net *"_ivl_36", 0 0, L_0x646054a4c420;  1 drivers
v0x646054a48f40_0 .net *"_ivl_38", 0 0, L_0x646054a4c530;  1 drivers
v0x646054a49020_0 .net *"_ivl_41", 0 0, L_0x646054a4c6b0;  1 drivers
v0x646054a49100_0 .net *"_ivl_42", 0 0, L_0x646054a4c750;  1 drivers
v0x646054a491e0_0 .net *"_ivl_45", 0 0, L_0x646054a4c810;  1 drivers
v0x646054a492c0_0 .net *"_ivl_46", 0 0, L_0x646054a4c8b0;  1 drivers
v0x646054a493a0_0 .net *"_ivl_49", 0 0, L_0x646054a4c9f0;  1 drivers
v0x646054a49480_0 .net *"_ivl_5", 0 0, L_0x646054a4b5b0;  1 drivers
v0x646054a49560_0 .net *"_ivl_50", 0 0, L_0x646054a4c640;  1 drivers
v0x646054a49640_0 .net *"_ivl_52", 0 0, L_0x646054a4cae0;  1 drivers
v0x646054a49720_0 .net *"_ivl_55", 0 0, L_0x646054a4cc80;  1 drivers
v0x646054a49800_0 .net *"_ivl_56", 0 0, L_0x646054a4cd90;  1 drivers
v0x646054a498e0_0 .net *"_ivl_58", 0 0, L_0x646054a4ce50;  1 drivers
v0x646054a499c0_0 .net *"_ivl_6", 0 0, L_0x646054a4b650;  1 drivers
v0x646054a49aa0_0 .net *"_ivl_61", 0 0, L_0x646054a4d000;  1 drivers
v0x646054a49b80_0 .net *"_ivl_62", 0 0, L_0x646054a4cbf0;  1 drivers
v0x646054a49c60_0 .net *"_ivl_65", 0 0, L_0x646054a4d0f0;  1 drivers
v0x646054a49d40_0 .net *"_ivl_66", 0 0, L_0x646054a4cd20;  1 drivers
v0x646054a49e20_0 .net *"_ivl_69", 0 0, L_0x646054a4cf60;  1 drivers
v0x646054a49f00_0 .net *"_ivl_70", 0 0, L_0x646054a4d2e0;  1 drivers
v0x646054a49fe0_0 .net *"_ivl_73", 0 0, L_0x646054a4d3f0;  1 drivers
v0x646054a4a0c0_0 .net *"_ivl_74", 0 0, L_0x646054a4d520;  1 drivers
v0x646054a4a1a0_0 .net *"_ivl_76", 0 0, L_0x646054a4d230;  1 drivers
v0x646054a4a690_0 .net *"_ivl_79", 0 0, L_0x646054a4d790;  1 drivers
v0x646054a4a770_0 .net *"_ivl_8", 0 0, L_0x646054a4b740;  1 drivers
v0x646054a4a850_0 .net *"_ivl_81", 0 0, L_0x646054a4d830;  1 drivers
v0x646054a4a930_0 .net *"_ivl_82", 0 0, L_0x646054a4d490;  1 drivers
v0x646054a4aa10_0 .net *"_ivl_84", 0 0, L_0x646054a4d630;  1 drivers
v0x646054a4aaf0_0 .net *"_ivl_87", 0 0, L_0x646054a4dae0;  1 drivers
v0x646054a4abd0_0 .net *"_ivl_88", 0 0, L_0x646054a4db80;  1 drivers
v0x646054a4acb0_0 .net *"_ivl_90", 0 0, L_0x646054a4d9c0;  1 drivers
v0x646054a4ad90_0 .net *"_ivl_93", 0 0, L_0x646054a4dd70;  1 drivers
v0x646054a4ae70_0 .net *"_ivl_94", 0 0, L_0x646054a4d8d0;  1 drivers
v0x646054a4af50_0 .net *"_ivl_96", 0 0, L_0x646054a4dc40;  1 drivers
v0x646054a4b030_0 .net *"_ivl_99", 0 0, L_0x646054a4e0a0;  1 drivers
L_0x646054a4b420 .part v0x646054a4b250_0, 2, 1;
L_0x646054a4b5b0 .part v0x646054a4b250_0, 1, 1;
L_0x646054a4b850 .part v0x646054a4b250_0, 0, 1;
L_0x646054a4baa0 .part v0x646054a4b190_0, 0, 1;
L_0x646054a4bd10 .part v0x646054a4b250_0, 2, 1;
L_0x646054a4be70 .part v0x646054a4b250_0, 1, 1;
L_0x646054a4c170 .part v0x646054a4b250_0, 0, 1;
L_0x646054a4c380 .part v0x646054a4b190_0, 1, 1;
L_0x646054a4c6b0 .part v0x646054a4b250_0, 2, 1;
L_0x646054a4c810 .part v0x646054a4b250_0, 1, 1;
L_0x646054a4c9f0 .part v0x646054a4b250_0, 0, 1;
L_0x646054a4cc80 .part v0x646054a4b190_0, 2, 1;
L_0x646054a4d000 .part v0x646054a4b250_0, 2, 1;
L_0x646054a4d0f0 .part v0x646054a4b250_0, 1, 1;
L_0x646054a4cf60 .part v0x646054a4b250_0, 0, 1;
L_0x646054a4d3f0 .part v0x646054a4b190_0, 3, 1;
L_0x646054a4d790 .part v0x646054a4b250_0, 2, 1;
L_0x646054a4d830 .part v0x646054a4b250_0, 1, 1;
L_0x646054a4dae0 .part v0x646054a4b250_0, 0, 1;
L_0x646054a4dd70 .part v0x646054a4b190_0, 4, 1;
L_0x646054a4e0a0 .part v0x646054a4b250_0, 2, 1;
L_0x646054a4e140 .part v0x646054a4b250_0, 1, 1;
L_0x646054a4e440 .part v0x646054a4b250_0, 0, 1;
L_0x646054a4e2f0 .part v0x646054a4b190_0, 5, 1;
L_0x646054a4e5f0 .part v0x646054a4b250_0, 2, 1;
L_0x646054a4ea00 .part v0x646054a4b250_0, 1, 1;
L_0x646054a4eb80 .part v0x646054a4b250_0, 0, 1;
L_0x646054a4ee10 .part v0x646054a4b190_0, 6, 1;
L_0x646054a4f130 .part v0x646054a4b250_0, 2, 1;
L_0x646054a4f1d0 .part v0x646054a4b250_0, 1, 1;
L_0x646054a4eff0 .part v0x646054a4b250_0, 0, 1;
L_0x646054a4f5b0 .part v0x646054a4b190_0, 7, 1;
    .scope S_0x646054a1fc10;
T_0 ;
    %vpi_call 2 12 "$monitor", "$time=%0t|I=%b|S=%b|Y=%b", $time, v0x646054a4b190_0, v0x646054a4b250_0, v0x646054a4b320_0 {0 0 0};
    %vpi_call 2 13 "$dumpfile", "mux8to1.vcd" {0 0 0};
    %vpi_call 2 14 "$dumpvars", 32'sb00000000000000000000000000000000, S_0x646054a1fc10 {0 0 0};
    %pushi/vec4 170, 0, 8;
    %store/vec4 v0x646054a4b190_0, 0, 8;
    %pushi/vec4 0, 0, 3;
    %store/vec4 v0x646054a4b250_0, 0, 3;
    %delay 10, 0;
    %pushi/vec4 1, 0, 3;
    %store/vec4 v0x646054a4b250_0, 0, 3;
    %delay 10, 0;
    %pushi/vec4 2, 0, 3;
    %store/vec4 v0x646054a4b250_0, 0, 3;
    %delay 10, 0;
    %pushi/vec4 3, 0, 3;
    %store/vec4 v0x646054a4b250_0, 0, 3;
    %delay 10, 0;
    %pushi/vec4 4, 0, 3;
    %store/vec4 v0x646054a4b250_0, 0, 3;
    %delay 10, 0;
    %pushi/vec4 5, 0, 3;
    %store/vec4 v0x646054a4b250_0, 0, 3;
    %delay 10, 0;
    %pushi/vec4 6, 0, 3;
    %store/vec4 v0x646054a4b250_0, 0, 3;
    %delay 10, 0;
    %pushi/vec4 7, 0, 3;
    %store/vec4 v0x646054a4b250_0, 0, 3;
    %delay 10, 0;
    %vpi_call 2 25 "$finish" {0 0 0};
    %end;
    .thread T_0;
# The file index is used to find the file name in the following table.
:file_names 4;
    "N/A";
    "<interactive>";
    "mux8to1_tb.v";
    "mux8to1.v";
