#! /usr/bin/vvp
:ivl_version "12.0 (stable)";
:ivl_delay_selection "TYPICAL";
:vpi_time_precision + 0;
:vpi_module "/usr/lib/x86_64-linux-gnu/ivl/system.vpi";
:vpi_module "/usr/lib/x86_64-linux-gnu/ivl/vhdl_sys.vpi";
:vpi_module "/usr/lib/x86_64-linux-gnu/ivl/vhdl_textio.vpi";
:vpi_module "/usr/lib/x86_64-linux-gnu/ivl/v2005_math.vpi";
:vpi_module "/usr/lib/x86_64-linux-gnu/ivl/va_math.vpi";
S_0x59eed4893390 .scope module, "singleportsynchronousram_tb" "singleportsynchronousram_tb" 2 1;
 .timescale 0 0;
v0x59eed48a9380_0 .var "addr", 3 0;
v0x59eed48a9460_0 .var "clk", 0 0;
v0x59eed48a9530_0 .var "din", 7 0;
v0x59eed48a9630_0 .net "dout", 7 0, v0x59eed48a9030_0;  1 drivers
v0x59eed48a9700_0 .var "we", 0 0;
S_0x59eed4893520 .scope module, "dut" "singleportsynchronousram" 2 8, 3 1 0, S_0x59eed4893390;
 .timescale 0 0;
    .port_info 0 /INPUT 1 "clk";
    .port_info 1 /INPUT 1 "we";
    .port_info 2 /INPUT 4 "addr";
    .port_info 3 /INPUT 8 "din";
    .port_info 4 /OUTPUT 8 "dout";
v0x59eed4893700_0 .net "addr", 3 0, v0x59eed48a9380_0;  1 drivers
v0x59eed48a8e80_0 .net "clk", 0 0, v0x59eed48a9460_0;  1 drivers
v0x59eed48a8f40_0 .net "din", 7 0, v0x59eed48a9530_0;  1 drivers
v0x59eed48a9030_0 .var "dout", 7 0;
v0x59eed48a9110 .array "mem", 15 0, 7 0;
v0x59eed48a9220_0 .net "we", 0 0, v0x59eed48a9700_0;  1 drivers
E_0x59eed4891780 .event posedge, v0x59eed48a8e80_0;
    .scope S_0x59eed4893520;
T_0 ;
    %wait E_0x59eed4891780;
    %load/vec4 v0x59eed48a9220_0;
    %flag_set/vec4 8;
    %jmp/0xz  T_0.0, 8;
    %load/vec4 v0x59eed48a8f40_0;
    %load/vec4 v0x59eed4893700_0;
    %pad/u 6;
    %ix/vec4 3;
    %ix/load 4, 0, 0; Constant delay
    %assign/vec4/a/d v0x59eed48a9110, 0, 4;
    %load/vec4 v0x59eed48a8f40_0;
    %assign/vec4 v0x59eed48a9030_0, 0;
    %jmp T_0.1;
T_0.0 ;
    %load/vec4 v0x59eed4893700_0;
    %pad/u 6;
    %ix/vec4 4;
    %load/vec4a v0x59eed48a9110, 4;
    %assign/vec4 v0x59eed48a9030_0, 0;
T_0.1 ;
    %jmp T_0;
    .thread T_0;
    .scope S_0x59eed4893390;
T_1 ;
    %delay 5, 0;
    %load/vec4 v0x59eed48a9460_0;
    %inv;
    %store/vec4 v0x59eed48a9460_0, 0, 1;
    %jmp T_1;
    .thread T_1;
    .scope S_0x59eed4893390;
T_2 ;
    %vpi_call 2 17 "$monitor", "$time=%0t|clk=%b|we=%b|addr=%b|din=%b|dout=%b", $time, v0x59eed48a9460_0, v0x59eed48a9700_0, v0x59eed48a9380_0, v0x59eed48a9530_0, v0x59eed48a9630_0 {0 0 0};
    %vpi_call 2 18 "$dumpfile", "singleportsynchronousram.vcd" {0 0 0};
    %vpi_call 2 19 "$dumpvars", 32'sb00000000000000000000000000000000, S_0x59eed4893390 {0 0 0};
    %pushi/vec4 0, 0, 1;
    %store/vec4 v0x59eed48a9460_0, 0, 1;
    %pushi/vec4 0, 0, 1;
    %store/vec4 v0x59eed48a9700_0, 0, 1;
    %pushi/vec4 0, 0, 4;
    %store/vec4 v0x59eed48a9380_0, 0, 4;
    %pushi/vec4 0, 0, 8;
    %store/vec4 v0x59eed48a9530_0, 0, 8;
    %delay 10, 0;
    %pushi/vec4 1, 0, 1;
    %store/vec4 v0x59eed48a9700_0, 0, 1;
    %pushi/vec4 2, 0, 4;
    %store/vec4 v0x59eed48a9380_0, 0, 4;
    %pushi/vec4 170, 0, 8;
    %store/vec4 v0x59eed48a9530_0, 0, 8;
    %delay 10, 0;
    %pushi/vec4 4, 0, 4;
    %store/vec4 v0x59eed48a9380_0, 0, 4;
    %pushi/vec4 85, 0, 8;
    %store/vec4 v0x59eed48a9530_0, 0, 8;
    %delay 10, 0;
    %pushi/vec4 0, 0, 1;
    %store/vec4 v0x59eed48a9700_0, 0, 1;
    %pushi/vec4 2, 0, 4;
    %store/vec4 v0x59eed48a9380_0, 0, 4;
    %delay 10, 0;
    %pushi/vec4 4, 0, 4;
    %store/vec4 v0x59eed48a9380_0, 0, 4;
    %delay 20, 0;
    %vpi_call 2 37 "$finish" {0 0 0};
    %end;
    .thread T_2;
# The file index is used to find the file name in the following table.
:file_names 4;
    "N/A";
    "<interactive>";
    "singleportsynchronousram_tb.v";
    "singleportsynchronousram.v";
