#! /usr/bin/vvp
:ivl_version "12.0 (stable)";
:ivl_delay_selection "TYPICAL";
:vpi_time_precision + 0;
:vpi_module "/usr/lib/x86_64-linux-gnu/ivl/system.vpi";
:vpi_module "/usr/lib/x86_64-linux-gnu/ivl/vhdl_sys.vpi";
:vpi_module "/usr/lib/x86_64-linux-gnu/ivl/vhdl_textio.vpi";
:vpi_module "/usr/lib/x86_64-linux-gnu/ivl/v2005_math.vpi";
:vpi_module "/usr/lib/x86_64-linux-gnu/ivl/va_math.vpi";
S_0x5fa376e50a90 .scope module, "universalshiftregister_tb" "universalshiftregister_tb" 2 1;
 .timescale 0 0;
v0x5fa376e678b0_0 .var "clk", 0 0;
v0x5fa376e67970_0 .var "parallel_in", 3 0;
v0x5fa376e67a40_0 .net "q", 3 0, v0x5fa376e67480_0;  1 drivers
v0x5fa376e67b40_0 .var "rst", 0 0;
v0x5fa376e67c10_0 .var "sel", 1 0;
v0x5fa376e67d00_0 .var "serial_in", 0 0;
S_0x5fa376e50c20 .scope module, "dut" "universalshiftregister" 2 7, 3 1 0, S_0x5fa376e50a90;
 .timescale 0 0;
    .port_info 0 /INPUT 1 "clk";
    .port_info 1 /INPUT 1 "rst";
    .port_info 2 /INPUT 2 "sel";
    .port_info 3 /INPUT 1 "serial_in";
    .port_info 4 /INPUT 4 "parallel_in";
    .port_info 5 /OUTPUT 4 "q";
v0x5fa376e3fc70_0 .net "clk", 0 0, v0x5fa376e678b0_0;  1 drivers
v0x5fa376e673a0_0 .net "parallel_in", 3 0, v0x5fa376e67970_0;  1 drivers
v0x5fa376e67480_0 .var "q", 3 0;
v0x5fa376e67540_0 .net "rst", 0 0, v0x5fa376e67b40_0;  1 drivers
v0x5fa376e67600_0 .net "sel", 1 0, v0x5fa376e67c10_0;  1 drivers
v0x5fa376e67730_0 .net "serial_in", 0 0, v0x5fa376e67d00_0;  1 drivers
E_0x5fa376e4e300 .event posedge, v0x5fa376e67540_0, v0x5fa376e3fc70_0;
    .scope S_0x5fa376e50c20;
T_0 ;
    %wait E_0x5fa376e4e300;
    %load/vec4 v0x5fa376e67540_0;
    %flag_set/vec4 8;
    %jmp/0xz  T_0.0, 8;
    %pushi/vec4 0, 0, 4;
    %assign/vec4 v0x5fa376e67480_0, 0;
    %jmp T_0.1;
T_0.0 ;
    %load/vec4 v0x5fa376e67600_0;
    %dup/vec4;
    %pushi/vec4 0, 0, 2;
    %cmp/u;
    %jmp/1 T_0.2, 6;
    %dup/vec4;
    %pushi/vec4 1, 0, 2;
    %cmp/u;
    %jmp/1 T_0.3, 6;
    %dup/vec4;
    %pushi/vec4 2, 0, 2;
    %cmp/u;
    %jmp/1 T_0.4, 6;
    %dup/vec4;
    %pushi/vec4 3, 0, 2;
    %cmp/u;
    %jmp/1 T_0.5, 6;
    %jmp T_0.6;
T_0.2 ;
    %load/vec4 v0x5fa376e67480_0;
    %assign/vec4 v0x5fa376e67480_0, 0;
    %jmp T_0.6;
T_0.3 ;
    %load/vec4 v0x5fa376e67730_0;
    %load/vec4 v0x5fa376e67480_0;
    %parti/s 3, 1, 2;
    %concat/vec4; draw_concat_vec4
    %assign/vec4 v0x5fa376e67480_0, 0;
    %jmp T_0.6;
T_0.4 ;
    %load/vec4 v0x5fa376e67480_0;
    %parti/s 3, 0, 2;
    %load/vec4 v0x5fa376e67730_0;
    %concat/vec4; draw_concat_vec4
    %assign/vec4 v0x5fa376e67480_0, 0;
    %jmp T_0.6;
T_0.5 ;
    %load/vec4 v0x5fa376e673a0_0;
    %assign/vec4 v0x5fa376e67480_0, 0;
    %jmp T_0.6;
T_0.6 ;
    %pop/vec4 1;
T_0.1 ;
    %jmp T_0;
    .thread T_0;
    .scope S_0x5fa376e50a90;
T_1 ;
    %delay 5, 0;
    %load/vec4 v0x5fa376e678b0_0;
    %inv;
    %store/vec4 v0x5fa376e678b0_0, 0, 1;
    %jmp T_1;
    .thread T_1;
    .scope S_0x5fa376e50a90;
T_2 ;
    %vpi_call 2 17 "$dumpfile", "universalshiftregister.vcd" {0 0 0};
    %vpi_call 2 18 "$dumpvars", 32'sb00000000000000000000000000000000, S_0x5fa376e50a90 {0 0 0};
    %vpi_call 2 19 "$monitor", "t=%0t sel=%b serial_in=%b parallel_in=%b q=%b", $time, v0x5fa376e67c10_0, v0x5fa376e67d00_0, v0x5fa376e67970_0, v0x5fa376e67a40_0 {0 0 0};
    %pushi/vec4 0, 0, 1;
    %store/vec4 v0x5fa376e678b0_0, 0, 1;
    %pushi/vec4 1, 0, 1;
    %store/vec4 v0x5fa376e67b40_0, 0, 1;
    %pushi/vec4 0, 0, 2;
    %store/vec4 v0x5fa376e67c10_0, 0, 2;
    %pushi/vec4 0, 0, 1;
    %store/vec4 v0x5fa376e67d00_0, 0, 1;
    %pushi/vec4 0, 0, 4;
    %store/vec4 v0x5fa376e67970_0, 0, 4;
    %delay 10, 0;
    %pushi/vec4 0, 0, 1;
    %store/vec4 v0x5fa376e67b40_0, 0, 1;
    %pushi/vec4 3, 0, 2;
    %store/vec4 v0x5fa376e67c10_0, 0, 2;
    %pushi/vec4 11, 0, 4;
    %store/vec4 v0x5fa376e67970_0, 0, 4;
    %delay 10, 0;
    %pushi/vec4 2, 0, 2;
    %store/vec4 v0x5fa376e67c10_0, 0, 2;
    %pushi/vec4 0, 0, 1;
    %store/vec4 v0x5fa376e67d00_0, 0, 1;
    %delay 10, 0;
    %pushi/vec4 1, 0, 2;
    %store/vec4 v0x5fa376e67c10_0, 0, 2;
    %pushi/vec4 1, 0, 1;
    %store/vec4 v0x5fa376e67d00_0, 0, 1;
    %delay 10, 0;
    %pushi/vec4 0, 0, 2;
    %store/vec4 v0x5fa376e67c10_0, 0, 2;
    %delay 10, 0;
    %delay 20, 0;
    %vpi_call 2 30 "$finish" {0 0 0};
    %end;
    .thread T_2;
# The file index is used to find the file name in the following table.
:file_names 4;
    "N/A";
    "<interactive>";
    "universalshiftregister_tb.v";
    "universalshiftregister.v";
