#! /usr/bin/vvp
:ivl_version "12.0 (stable)";
:ivl_delay_selection "TYPICAL";
:vpi_time_precision + 0;
:vpi_module "/usr/lib/x86_64-linux-gnu/ivl/system.vpi";
:vpi_module "/usr/lib/x86_64-linux-gnu/ivl/vhdl_sys.vpi";
:vpi_module "/usr/lib/x86_64-linux-gnu/ivl/vhdl_textio.vpi";
:vpi_module "/usr/lib/x86_64-linux-gnu/ivl/v2005_math.vpi";
:vpi_module "/usr/lib/x86_64-linux-gnu/ivl/va_math.vpi";
S_0x6349003e40a0 .scope module, "decoder3to8_tb" "decoder3to8_tb" 2 1;
 .timescale 0 0;
v0x6349003fb860_0 .var "A", 0 0;
v0x6349003fb920_0 .var "B", 0 0;
v0x6349003fb9f0_0 .var "C", 0 0;
v0x6349003fbaf0_0 .net "Y", 7 0, v0x6349003fb6d0_0;  1 drivers
S_0x6349003e4230 .scope module, "dut" "decoder3to8" 2 5, 3 1 0, S_0x6349003e40a0;
 .timescale 0 0;
    .port_info 0 /INPUT 1 "A";
    .port_info 1 /INPUT 1 "B";
    .port_info 2 /INPUT 1 "C";
    .port_info 3 /OUTPUT 8 "Y";
v0x6349003e4480_0 .net "A", 0 0, v0x6349003fb860_0;  1 drivers
v0x6349003fb540_0 .net "B", 0 0, v0x6349003fb920_0;  1 drivers
v0x6349003fb600_0 .net "C", 0 0, v0x6349003fb9f0_0;  1 drivers
v0x6349003fb6d0_0 .var "Y", 7 0;
E_0x6349003e1c40 .event anyedge, v0x6349003e4480_0, v0x6349003fb540_0, v0x6349003fb600_0;
    .scope S_0x6349003e4230;
T_0 ;
    %wait E_0x6349003e1c40;
    %load/vec4 v0x6349003e4480_0;
    %load/vec4 v0x6349003fb540_0;
    %concat/vec4; draw_concat_vec4
    %load/vec4 v0x6349003fb600_0;
    %concat/vec4; draw_concat_vec4
    %dup/vec4;
    %pushi/vec4 0, 0, 3;
    %cmp/u;
    %jmp/1 T_0.0, 6;
    %dup/vec4;
    %pushi/vec4 1, 0, 3;
    %cmp/u;
    %jmp/1 T_0.1, 6;
    %dup/vec4;
    %pushi/vec4 2, 0, 3;
    %cmp/u;
    %jmp/1 T_0.2, 6;
    %dup/vec4;
    %pushi/vec4 3, 0, 3;
    %cmp/u;
    %jmp/1 T_0.3, 6;
    %dup/vec4;
    %pushi/vec4 4, 0, 3;
    %cmp/u;
    %jmp/1 T_0.4, 6;
    %dup/vec4;
    %pushi/vec4 5, 0, 3;
    %cmp/u;
    %jmp/1 T_0.5, 6;
    %dup/vec4;
    %pushi/vec4 6, 0, 3;
    %cmp/u;
    %jmp/1 T_0.6, 6;
    %dup/vec4;
    %pushi/vec4 7, 0, 3;
    %cmp/u;
    %jmp/1 T_0.7, 6;
    %jmp T_0.8;
T_0.0 ;
    %pushi/vec4 1, 0, 8;
    %store/vec4 v0x6349003fb6d0_0, 0, 8;
    %jmp T_0.8;
T_0.1 ;
    %pushi/vec4 2, 0, 8;
    %store/vec4 v0x6349003fb6d0_0, 0, 8;
    %jmp T_0.8;
T_0.2 ;
    %pushi/vec4 4, 0, 8;
    %store/vec4 v0x6349003fb6d0_0, 0, 8;
    %jmp T_0.8;
T_0.3 ;
    %pushi/vec4 8, 0, 8;
    %store/vec4 v0x6349003fb6d0_0, 0, 8;
    %jmp T_0.8;
T_0.4 ;
    %pushi/vec4 16, 0, 8;
    %store/vec4 v0x6349003fb6d0_0, 0, 8;
    %jmp T_0.8;
T_0.5 ;
    %pushi/vec4 32, 0, 8;
    %store/vec4 v0x6349003fb6d0_0, 0, 8;
    %jmp T_0.8;
T_0.6 ;
    %pushi/vec4 64, 0, 8;
    %store/vec4 v0x6349003fb6d0_0, 0, 8;
    %jmp T_0.8;
T_0.7 ;
    %pushi/vec4 128, 0, 8;
    %store/vec4 v0x6349003fb6d0_0, 0, 8;
    %jmp T_0.8;
T_0.8 ;
    %pop/vec4 1;
    %jmp T_0;
    .thread T_0, $push;
    .scope S_0x6349003e40a0;
T_1 ;
    %vpi_call 2 12 "$monitor", "Time=%0t | A=%b B=%b C=%b | Y=%b", $time, v0x6349003fb860_0, v0x6349003fb920_0, v0x6349003fb9f0_0, v0x6349003fbaf0_0 {0 0 0};
    %vpi_call 2 13 "$dumpfile", "decoder3to8.vcd" {0 0 0};
    %vpi_call 2 14 "$dumpvars", 32'sb00000000000000000000000000000000, S_0x6349003e40a0 {0 0 0};
    %pushi/vec4 0, 0, 1;
    %store/vec4 v0x6349003fb860_0, 0, 1;
    %pushi/vec4 0, 0, 1;
    %store/vec4 v0x6349003fb920_0, 0, 1;
    %pushi/vec4 0, 0, 1;
    %store/vec4 v0x6349003fb9f0_0, 0, 1;
    %delay 10, 0;
    %pushi/vec4 0, 0, 1;
    %store/vec4 v0x6349003fb860_0, 0, 1;
    %pushi/vec4 0, 0, 1;
    %store/vec4 v0x6349003fb920_0, 0, 1;
    %pushi/vec4 1, 0, 1;
    %store/vec4 v0x6349003fb9f0_0, 0, 1;
    %delay 10, 0;
    %pushi/vec4 0, 0, 1;
    %store/vec4 v0x6349003fb860_0, 0, 1;
    %pushi/vec4 1, 0, 1;
    %store/vec4 v0x6349003fb920_0, 0, 1;
    %pushi/vec4 0, 0, 1;
    %store/vec4 v0x6349003fb9f0_0, 0, 1;
    %delay 10, 0;
    %pushi/vec4 0, 0, 1;
    %store/vec4 v0x6349003fb860_0, 0, 1;
    %pushi/vec4 1, 0, 1;
    %store/vec4 v0x6349003fb920_0, 0, 1;
    %pushi/vec4 1, 0, 1;
    %store/vec4 v0x6349003fb9f0_0, 0, 1;
    %delay 10, 0;
    %pushi/vec4 1, 0, 1;
    %store/vec4 v0x6349003fb860_0, 0, 1;
    %pushi/vec4 0, 0, 1;
    %store/vec4 v0x6349003fb920_0, 0, 1;
    %pushi/vec4 0, 0, 1;
    %store/vec4 v0x6349003fb9f0_0, 0, 1;
    %delay 10, 0;
    %pushi/vec4 1, 0, 1;
    %store/vec4 v0x6349003fb860_0, 0, 1;
    %pushi/vec4 0, 0, 1;
    %store/vec4 v0x6349003fb920_0, 0, 1;
    %pushi/vec4 1, 0, 1;
    %store/vec4 v0x6349003fb9f0_0, 0, 1;
    %delay 10, 0;
    %pushi/vec4 1, 0, 1;
    %store/vec4 v0x6349003fb860_0, 0, 1;
    %pushi/vec4 1, 0, 1;
    %store/vec4 v0x6349003fb920_0, 0, 1;
    %pushi/vec4 0, 0, 1;
    %store/vec4 v0x6349003fb9f0_0, 0, 1;
    %delay 10, 0;
    %pushi/vec4 1, 0, 1;
    %store/vec4 v0x6349003fb860_0, 0, 1;
    %pushi/vec4 1, 0, 1;
    %store/vec4 v0x6349003fb920_0, 0, 1;
    %pushi/vec4 1, 0, 1;
    %store/vec4 v0x6349003fb9f0_0, 0, 1;
    %delay 10, 0;
    %vpi_call 2 23 "$finish" {0 0 0};
    %end;
    .thread T_1;
# The file index is used to find the file name in the following table.
:file_names 4;
    "N/A";
    "<interactive>";
    "decoder3to8_tb.v";
    "decoder3to8.v";
