#! /usr/bin/vvp
:ivl_version "12.0 (stable)";
:ivl_delay_selection "TYPICAL";
:vpi_time_precision + 0;
:vpi_module "/usr/lib/x86_64-linux-gnu/ivl/system.vpi";
:vpi_module "/usr/lib/x86_64-linux-gnu/ivl/vhdl_sys.vpi";
:vpi_module "/usr/lib/x86_64-linux-gnu/ivl/vhdl_textio.vpi";
:vpi_module "/usr/lib/x86_64-linux-gnu/ivl/v2005_math.vpi";
:vpi_module "/usr/lib/x86_64-linux-gnu/ivl/va_math.vpi";
S_0x60d88e4af0f0 .scope module, "full_adder_tb" "full_adder_tb" 2 1;
 .timescale 0 0;
v0x60d88e4c7540_0 .var "a", 0 0;
v0x60d88e4c7600_0 .var "b", 0 0;
v0x60d88e4c76d0_0 .var "cin", 0 0;
v0x60d88e4c77d0_0 .net "cout", 0 0, L_0x60d88e4c7f80;  1 drivers
v0x60d88e4c78a0_0 .net "s", 0 0, L_0x60d88e4c7a80;  1 drivers
S_0x60d88e4af280 .scope module, "dut" "full_adder" 2 5, 3 1 0, S_0x60d88e4af0f0;
 .timescale 0 0;
    .port_info 0 /INPUT 1 "a";
    .port_info 1 /INPUT 1 "b";
    .port_info 2 /INPUT 1 "cin";
    .port_info 3 /OUTPUT 1 "s";
    .port_info 4 /OUTPUT 1 "cout";
L_0x60d88e4c7940 .functor XOR 1, v0x60d88e4c7540_0, v0x60d88e4c7600_0, C4<0>, C4<0>;
L_0x60d88e4c7a80 .functor XOR 1, L_0x60d88e4c7940, v0x60d88e4c76d0_0, C4<0>, C4<0>;
L_0x60d88e4c7be0 .functor AND 1, v0x60d88e4c7540_0, v0x60d88e4c7600_0, C4<1>, C4<1>;
L_0x60d88e4c7c50 .functor AND 1, v0x60d88e4c7600_0, v0x60d88e4c76d0_0, C4<1>, C4<1>;
L_0x60d88e4c7cf0 .functor OR 1, L_0x60d88e4c7be0, L_0x60d88e4c7c50, C4<0>, C4<0>;
L_0x60d88e4c7db0 .functor AND 1, v0x60d88e4c76d0_0, v0x60d88e4c7540_0, C4<1>, C4<1>;
L_0x60d88e4c7f80 .functor OR 1, L_0x60d88e4c7cf0, L_0x60d88e4c7db0, C4<0>, C4<0>;
v0x60d88e4af460_0 .net *"_ivl_0", 0 0, L_0x60d88e4c7940;  1 drivers
v0x60d88e4c6d30_0 .net *"_ivl_10", 0 0, L_0x60d88e4c7db0;  1 drivers
v0x60d88e4c6e10_0 .net *"_ivl_4", 0 0, L_0x60d88e4c7be0;  1 drivers
v0x60d88e4c6ed0_0 .net *"_ivl_6", 0 0, L_0x60d88e4c7c50;  1 drivers
v0x60d88e4c6fb0_0 .net *"_ivl_8", 0 0, L_0x60d88e4c7cf0;  1 drivers
v0x60d88e4c70e0_0 .net "a", 0 0, v0x60d88e4c7540_0;  1 drivers
v0x60d88e4c71a0_0 .net "b", 0 0, v0x60d88e4c7600_0;  1 drivers
v0x60d88e4c7260_0 .net "cin", 0 0, v0x60d88e4c76d0_0;  1 drivers
v0x60d88e4c7320_0 .net "cout", 0 0, L_0x60d88e4c7f80;  alias, 1 drivers
v0x60d88e4c73e0_0 .net "s", 0 0, L_0x60d88e4c7a80;  alias, 1 drivers
    .scope S_0x60d88e4af0f0;
T_0 ;
    %vpi_call 2 13 "$dumpfile", "full_adder.vcd" {0 0 0};
    %vpi_call 2 14 "$dumpvars", 32'sb00000000000000000000000000000000, S_0x60d88e4af0f0 {0 0 0};
    %vpi_call 2 15 "$monitor", "$time=%0t, a=%b b=%b cin=%b s=%b cout=%b", $time, v0x60d88e4c7540_0, v0x60d88e4c7600_0, v0x60d88e4c76d0_0, v0x60d88e4c78a0_0, v0x60d88e4c77d0_0 {0 0 0};
    %pushi/vec4 0, 0, 1;
    %store/vec4 v0x60d88e4c7540_0, 0, 1;
    %pushi/vec4 0, 0, 1;
    %store/vec4 v0x60d88e4c7600_0, 0, 1;
    %pushi/vec4 0, 0, 1;
    %store/vec4 v0x60d88e4c76d0_0, 0, 1;
    %delay 1, 0;
    %pushi/vec4 0, 0, 1;
    %store/vec4 v0x60d88e4c7540_0, 0, 1;
    %pushi/vec4 0, 0, 1;
    %store/vec4 v0x60d88e4c7600_0, 0, 1;
    %pushi/vec4 1, 0, 1;
    %store/vec4 v0x60d88e4c76d0_0, 0, 1;
    %delay 1, 0;
    %pushi/vec4 0, 0, 1;
    %store/vec4 v0x60d88e4c7540_0, 0, 1;
    %pushi/vec4 1, 0, 1;
    %store/vec4 v0x60d88e4c7600_0, 0, 1;
    %pushi/vec4 0, 0, 1;
    %store/vec4 v0x60d88e4c76d0_0, 0, 1;
    %delay 1, 0;
    %pushi/vec4 0, 0, 1;
    %store/vec4 v0x60d88e4c7540_0, 0, 1;
    %pushi/vec4 1, 0, 1;
    %store/vec4 v0x60d88e4c7600_0, 0, 1;
    %pushi/vec4 1, 0, 1;
    %store/vec4 v0x60d88e4c76d0_0, 0, 1;
    %delay 1, 0;
    %pushi/vec4 1, 0, 1;
    %store/vec4 v0x60d88e4c7540_0, 0, 1;
    %pushi/vec4 0, 0, 1;
    %store/vec4 v0x60d88e4c7600_0, 0, 1;
    %pushi/vec4 0, 0, 1;
    %store/vec4 v0x60d88e4c76d0_0, 0, 1;
    %delay 1, 0;
    %pushi/vec4 1, 0, 1;
    %store/vec4 v0x60d88e4c7540_0, 0, 1;
    %pushi/vec4 0, 0, 1;
    %store/vec4 v0x60d88e4c7600_0, 0, 1;
    %pushi/vec4 1, 0, 1;
    %store/vec4 v0x60d88e4c76d0_0, 0, 1;
    %delay 1, 0;
    %pushi/vec4 1, 0, 1;
    %store/vec4 v0x60d88e4c7540_0, 0, 1;
    %pushi/vec4 1, 0, 1;
    %store/vec4 v0x60d88e4c7600_0, 0, 1;
    %pushi/vec4 0, 0, 1;
    %store/vec4 v0x60d88e4c76d0_0, 0, 1;
    %delay 1, 0;
    %pushi/vec4 1, 0, 1;
    %store/vec4 v0x60d88e4c7540_0, 0, 1;
    %pushi/vec4 1, 0, 1;
    %store/vec4 v0x60d88e4c7600_0, 0, 1;
    %pushi/vec4 1, 0, 1;
    %store/vec4 v0x60d88e4c76d0_0, 0, 1;
    %vpi_call 2 24 "$finish" {0 0 0};
    %end;
    .thread T_0;
# The file index is used to find the file name in the following table.
:file_names 4;
    "N/A";
    "<interactive>";
    "full_adder_tb.v";
    "full_adder.v";
