#! /usr/bin/vvp
:ivl_version "12.0 (stable)";
:ivl_delay_selection "TYPICAL";
:vpi_time_precision + 0;
:vpi_module "/usr/lib/x86_64-linux-gnu/ivl/system.vpi";
:vpi_module "/usr/lib/x86_64-linux-gnu/ivl/vhdl_sys.vpi";
:vpi_module "/usr/lib/x86_64-linux-gnu/ivl/vhdl_textio.vpi";
:vpi_module "/usr/lib/x86_64-linux-gnu/ivl/v2005_math.vpi";
:vpi_module "/usr/lib/x86_64-linux-gnu/ivl/va_math.vpi";
S_0x57ea7db8a460 .scope module, "bitselect_tb" "bitselect_tb" 2 1;
 .timescale 0 0;
v0x57ea7db9b5c0_0 .var "a", 7 0;
v0x57ea7db9b680_0 .net "bit3", 0 0, L_0x57ea7db9b750;  1 drivers
S_0x57ea7db8a5f0 .scope module, "dut" "bitselect" 2 5, 3 1 0, S_0x57ea7db8a460;
 .timescale 0 0;
    .port_info 0 /INPUT 8 "a";
    .port_info 1 /OUTPUT 1 "bit3";
v0x57ea7db8a7d0_0 .net "a", 7 0, v0x57ea7db9b5c0_0;  1 drivers
v0x57ea7db9b4a0_0 .net "bit3", 0 0, L_0x57ea7db9b750;  alias, 1 drivers
L_0x57ea7db9b750 .part v0x57ea7db9b5c0_0, 3, 1;
    .scope S_0x57ea7db8a460;
T_0 ;
    %vpi_call 2 11 "$dumpfile", "bitselect.vcd" {0 0 0};
    %vpi_call 2 12 "$dumpvars", 32'sb00000000000000000000000000000000, S_0x57ea7db8a460 {0 0 0};
    %vpi_call 2 13 "$monitor", "$time=%0t| a=%b| bit3=%b", $time, v0x57ea7db9b5c0_0, v0x57ea7db9b680_0 {0 0 0};
    %delay 10, 0;
    %pushi/vec4 78, 0, 8;
    %store/vec4 v0x57ea7db9b5c0_0, 0, 8;
    %delay 10, 0;
    %pushi/vec4 83, 0, 8;
    %store/vec4 v0x57ea7db9b5c0_0, 0, 8;
    %end;
    .thread T_0;
# The file index is used to find the file name in the following table.
:file_names 4;
    "N/A";
    "<interactive>";
    "bitselect_tb.v";
    "bitselect.v";
