#! /usr/bin/vvp
:ivl_version "12.0 (stable)";
:ivl_delay_selection "TYPICAL";
:vpi_time_precision + 0;
:vpi_module "/usr/lib/x86_64-linux-gnu/ivl/system.vpi";
:vpi_module "/usr/lib/x86_64-linux-gnu/ivl/vhdl_sys.vpi";
:vpi_module "/usr/lib/x86_64-linux-gnu/ivl/vhdl_textio.vpi";
:vpi_module "/usr/lib/x86_64-linux-gnu/ivl/v2005_math.vpi";
:vpi_module "/usr/lib/x86_64-linux-gnu/ivl/va_math.vpi";
S_0x56571cc23650 .scope module, "conditional_operator_tb" "conditional_operator_tb" 2 1;
 .timescale 0 0;
v0x56571cc35140_0 .var "a", 0 0;
v0x56571cc35210_0 .var "b", 0 0;
v0x56571cc352e0_0 .net "y", 0 0, L_0x56571cc35550;  1 drivers
S_0x56571cc237e0 .scope module, "dut" "conditional_operator" 2 5, 3 1 0, S_0x56571cc23650;
 .timescale 0 0;
    .port_info 0 /INPUT 1 "a";
    .port_info 1 /INPUT 1 "b";
    .port_info 2 /OUTPUT 1 "y";
v0x56571cc23a10_0 .net *"_ivl_0", 0 0, L_0x56571cc353e0;  1 drivers
v0x56571cc34ea0_0 .net "a", 0 0, v0x56571cc35140_0;  1 drivers
v0x56571cc34f60_0 .net "b", 0 0, v0x56571cc35210_0;  1 drivers
v0x56571cc35000_0 .net "y", 0 0, L_0x56571cc35550;  alias, 1 drivers
L_0x56571cc353e0 .cmp/gt 1, v0x56571cc35140_0, v0x56571cc35210_0;
L_0x56571cc35550 .functor MUXZ 1, v0x56571cc35210_0, v0x56571cc35140_0, L_0x56571cc353e0, C4<>;
    .scope S_0x56571cc23650;
T_0 ;
    %vpi_call 2 11 "$monitor", "$time=%0t|a=%b|b=%b|y=%b", $time, v0x56571cc35140_0, v0x56571cc35210_0, v0x56571cc352e0_0 {0 0 0};
    %vpi_call 2 12 "$dumpfile", "conditional_operator.vcd" {0 0 0};
    %vpi_call 2 13 "$dumpvars", 32'sb00000000000000000000000000000000, S_0x56571cc23650 {0 0 0};
    %pushi/vec4 1, 0, 1;
    %store/vec4 v0x56571cc35140_0, 0, 1;
    %pushi/vec4 0, 0, 1;
    %store/vec4 v0x56571cc35210_0, 0, 1;
    %delay 10, 0;
    %vpi_call 2 15 "$finish" {0 0 0};
    %end;
    .thread T_0;
# The file index is used to find the file name in the following table.
:file_names 4;
    "N/A";
    "<interactive>";
    "conditional_operator_tb.v";
    "conditional_operator.v";
