#! /usr/bin/vvp
:ivl_version "12.0 (stable)";
:ivl_delay_selection "TYPICAL";
:vpi_time_precision + 0;
:vpi_module "/usr/lib/x86_64-linux-gnu/ivl/system.vpi";
:vpi_module "/usr/lib/x86_64-linux-gnu/ivl/vhdl_sys.vpi";
:vpi_module "/usr/lib/x86_64-linux-gnu/ivl/vhdl_textio.vpi";
:vpi_module "/usr/lib/x86_64-linux-gnu/ivl/v2005_math.vpi";
:vpi_module "/usr/lib/x86_64-linux-gnu/ivl/va_math.vpi";
S_0x5657630755b0 .scope module, "logicgates_df_tb" "logicgates_df_tb" 2 1;
 .timescale 0 0;
v0x56576308d910_0 .var "a", 0 0;
v0x56576308d9d0_0 .net "and_y", 0 0, L_0x56576308df90;  1 drivers
v0x56576308da70_0 .var "b", 0 0;
v0x56576308db10_0 .net "nand_y", 0 0, L_0x56576308e3e0;  1 drivers
v0x56576308dbb0_0 .net "nor_y", 0 0, L_0x56576308e500;  1 drivers
v0x56576308dc50_0 .net "not_y", 0 0, L_0x56576308e160;  1 drivers
v0x56576308dd20_0 .net "or_y", 0 0, L_0x56576308e0a0;  1 drivers
v0x56576308ddf0_0 .net "xnor_y", 0 0, L_0x56576308e790;  1 drivers
v0x56576308dec0_0 .net "xor_y", 0 0, L_0x56576308e610;  1 drivers
S_0x565763075740 .scope module, "dut" "logicgates_df" 2 5, 3 1 0, S_0x5657630755b0;
 .timescale 0 0;
    .port_info 0 /INPUT 1 "a";
    .port_info 1 /INPUT 1 "b";
    .port_info 2 /OUTPUT 1 "and_y";
    .port_info 3 /OUTPUT 1 "or_y";
    .port_info 4 /OUTPUT 1 "not_y";
    .port_info 5 /OUTPUT 1 "nand_y";
    .port_info 6 /OUTPUT 1 "nor_y";
    .port_info 7 /OUTPUT 1 "xor_y";
    .port_info 8 /OUTPUT 1 "xnor_y";
L_0x56576308df90 .functor AND 1, v0x56576308d910_0, v0x56576308da70_0, C4<1>, C4<1>;
L_0x56576308e0a0 .functor OR 1, v0x56576308d910_0, v0x56576308da70_0, C4<0>, C4<0>;
L_0x56576308e160 .functor NOT 1, v0x56576308d910_0, C4<0>, C4<0>, C4<0>;
L_0x56576308e2b0 .functor AND 1, v0x56576308d910_0, v0x56576308da70_0, C4<1>, C4<1>;
L_0x56576308e3e0 .functor NOT 1, L_0x56576308e2b0, C4<0>, C4<0>, C4<0>;
L_0x56576308e450 .functor OR 1, v0x56576308d910_0, v0x56576308da70_0, C4<0>, C4<0>;
L_0x56576308e500 .functor NOT 1, L_0x56576308e450, C4<0>, C4<0>, C4<0>;
L_0x56576308e610 .functor XOR 1, v0x56576308d910_0, v0x56576308da70_0, C4<0>, C4<0>;
L_0x56576308e720 .functor XOR 1, v0x56576308d910_0, v0x56576308da70_0, C4<0>, C4<0>;
L_0x56576308e790 .functor NOT 1, L_0x56576308e720, C4<0>, C4<0>, C4<0>;
v0x565763075de0_0 .net *"_ivl_10", 0 0, L_0x56576308e450;  1 drivers
v0x56576308cf40_0 .net *"_ivl_16", 0 0, L_0x56576308e720;  1 drivers
v0x56576308d020_0 .net *"_ivl_6", 0 0, L_0x56576308e2b0;  1 drivers
v0x56576308d0e0_0 .net "a", 0 0, v0x56576308d910_0;  1 drivers
v0x56576308d1a0_0 .net "and_y", 0 0, L_0x56576308df90;  alias, 1 drivers
v0x56576308d2b0_0 .net "b", 0 0, v0x56576308da70_0;  1 drivers
v0x56576308d370_0 .net "nand_y", 0 0, L_0x56576308e3e0;  alias, 1 drivers
v0x56576308d430_0 .net "nor_y", 0 0, L_0x56576308e500;  alias, 1 drivers
v0x56576308d4f0_0 .net "not_y", 0 0, L_0x56576308e160;  alias, 1 drivers
v0x56576308d5b0_0 .net "or_y", 0 0, L_0x56576308e0a0;  alias, 1 drivers
v0x56576308d670_0 .net "xnor_y", 0 0, L_0x56576308e790;  alias, 1 drivers
v0x56576308d730_0 .net "xor_y", 0 0, L_0x56576308e610;  alias, 1 drivers
    .scope S_0x5657630755b0;
T_0 ;
    %vpi_call 2 17 "$monitor", "$time=%0t|a=%b|b=%b|and_y=%b|or_y=%b|not_y=%b|nand_y=%b|nor_y=%b|xor_y=%b|xnor_y=%b", $time, v0x56576308d910_0, v0x56576308da70_0, v0x56576308d9d0_0, v0x56576308dd20_0, v0x56576308dc50_0, v0x56576308db10_0, v0x56576308dbb0_0, v0x56576308dec0_0, v0x56576308ddf0_0 {0 0 0};
    %vpi_call 2 18 "$dumpfile", "logicgates_df.vcd" {0 0 0};
    %vpi_call 2 19 "$dumpvars", 32'sb00000000000000000000000000000000, S_0x5657630755b0 {0 0 0};
    %pushi/vec4 0, 0, 1;
    %store/vec4 v0x56576308d910_0, 0, 1;
    %pushi/vec4 0, 0, 1;
    %store/vec4 v0x56576308da70_0, 0, 1;
    %delay 10, 0;
    %pushi/vec4 0, 0, 1;
    %store/vec4 v0x56576308d910_0, 0, 1;
    %pushi/vec4 1, 0, 1;
    %store/vec4 v0x56576308da70_0, 0, 1;
    %delay 10, 0;
    %pushi/vec4 1, 0, 1;
    %store/vec4 v0x56576308d910_0, 0, 1;
    %pushi/vec4 0, 0, 1;
    %store/vec4 v0x56576308da70_0, 0, 1;
    %delay 10, 0;
    %pushi/vec4 1, 0, 1;
    %store/vec4 v0x56576308d910_0, 0, 1;
    %pushi/vec4 1, 0, 1;
    %store/vec4 v0x56576308da70_0, 0, 1;
    %delay 10, 0;
    %pushi/vec4 1, 1, 1;
    %store/vec4 v0x56576308d910_0, 0, 1;
    %pushi/vec4 0, 1, 1;
    %store/vec4 v0x56576308da70_0, 0, 1;
    %delay 10, 0;
    %vpi_call 2 25 "$finish" {0 0 0};
    %end;
    .thread T_0;
# The file index is used to find the file name in the following table.
:file_names 4;
    "N/A";
    "<interactive>";
    "logicgates_df_tb.v";
    "logicgates_df.v";
