#! /usr/bin/vvp
:ivl_version "12.0 (stable)";
:ivl_delay_selection "TYPICAL";
:vpi_time_precision + 0;
:vpi_module "/usr/lib/x86_64-linux-gnu/ivl/system.vpi";
:vpi_module "/usr/lib/x86_64-linux-gnu/ivl/vhdl_sys.vpi";
:vpi_module "/usr/lib/x86_64-linux-gnu/ivl/vhdl_textio.vpi";
:vpi_module "/usr/lib/x86_64-linux-gnu/ivl/v2005_math.vpi";
:vpi_module "/usr/lib/x86_64-linux-gnu/ivl/va_math.vpi";
S_0x62b5908ac5d0 .scope module, "logicgates_ifelse_tb" "logicgates_ifelse_tb" 2 1;
 .timescale 0 0;
v0x62b5908c8650_0 .var "a", 0 0;
v0x62b5908c8710_0 .net "and_y", 0 0, v0x62b5908c7f00_0;  1 drivers
v0x62b5908c87e0_0 .var "b", 0 0;
v0x62b5908c88e0_0 .net "nand_y", 0 0, v0x62b5908c8060_0;  1 drivers
v0x62b5908c89b0_0 .net "nor_y", 0 0, v0x62b5908c8120_0;  1 drivers
v0x62b5908c8a50_0 .net "not_y", 0 0, v0x62b5908c8230_0;  1 drivers
v0x62b5908c8b20_0 .net "or_y", 0 0, v0x62b5908c82f0_0;  1 drivers
v0x62b5908c8bf0_0 .net "xnor_y", 0 0, v0x62b5908c83b0_0;  1 drivers
v0x62b5908c8cc0_0 .net "xor_y", 0 0, v0x62b5908c8470_0;  1 drivers
S_0x62b5908ac760 .scope module, "dut" "logicgates_ifelse" 2 5, 3 1 0, S_0x62b5908ac5d0;
 .timescale 0 0;
    .port_info 0 /INPUT 1 "a";
    .port_info 1 /INPUT 1 "b";
    .port_info 2 /OUTPUT 1 "and_y";
    .port_info 3 /OUTPUT 1 "or_y";
    .port_info 4 /OUTPUT 1 "nand_y";
    .port_info 5 /OUTPUT 1 "nor_y";
    .port_info 6 /OUTPUT 1 "xor_y";
    .port_info 7 /OUTPUT 1 "xnor_y";
    .port_info 8 /OUTPUT 1 "not_y";
v0x62b59089b320_0 .net "a", 0 0, v0x62b5908c8650_0;  1 drivers
v0x62b5908c7f00_0 .var "and_y", 0 0;
v0x62b5908c7fc0_0 .net "b", 0 0, v0x62b5908c87e0_0;  1 drivers
v0x62b5908c8060_0 .var "nand_y", 0 0;
v0x62b5908c8120_0 .var "nor_y", 0 0;
v0x62b5908c8230_0 .var "not_y", 0 0;
v0x62b5908c82f0_0 .var "or_y", 0 0;
v0x62b5908c83b0_0 .var "xnor_y", 0 0;
v0x62b5908c8470_0 .var "xor_y", 0 0;
E_0x62b5908a6240 .event anyedge, v0x62b59089b320_0, v0x62b5908c7fc0_0;
    .scope S_0x62b5908ac760;
T_0 ;
    %wait E_0x62b5908a6240;
    %load/vec4 v0x62b59089b320_0;
    %cmpi/e 0, 0, 1;
    %jmp/1 T_0.2, 6;
    %flag_mov 8, 6;
    %load/vec4 v0x62b5908c7fc0_0;
    %cmpi/e 0, 0, 1;
    %flag_or 6, 8;
T_0.2;
    %jmp/0xz  T_0.0, 6;
    %pushi/vec4 0, 0, 1;
    %store/vec4 v0x62b5908c7f00_0, 0, 1;
    %jmp T_0.1;
T_0.0 ;
    %load/vec4 v0x62b59089b320_0;
    %cmpi/e 1, 0, 1;
    %flag_get/vec4 6;
    %jmp/0 T_0.5, 6;
    %load/vec4 v0x62b5908c7fc0_0;
    %pushi/vec4 1, 0, 1;
    %cmp/e;
    %flag_get/vec4 6;
    %and;
T_0.5;
    %flag_set/vec4 8;
    %jmp/0xz  T_0.3, 8;
    %pushi/vec4 1, 0, 1;
    %store/vec4 v0x62b5908c7f00_0, 0, 1;
    %jmp T_0.4;
T_0.3 ;
    %pushi/vec4 1, 1, 1;
    %store/vec4 v0x62b5908c7f00_0, 0, 1;
T_0.4 ;
T_0.1 ;
    %load/vec4 v0x62b59089b320_0;
    %cmpi/e 1, 0, 1;
    %jmp/1 T_0.8, 6;
    %flag_mov 8, 6;
    %load/vec4 v0x62b5908c7fc0_0;
    %cmpi/e 1, 0, 1;
    %flag_or 6, 8;
T_0.8;
    %jmp/0xz  T_0.6, 6;
    %pushi/vec4 1, 0, 1;
    %store/vec4 v0x62b5908c82f0_0, 0, 1;
    %jmp T_0.7;
T_0.6 ;
    %load/vec4 v0x62b59089b320_0;
    %cmpi/e 0, 0, 1;
    %flag_get/vec4 6;
    %jmp/0 T_0.11, 6;
    %load/vec4 v0x62b5908c7fc0_0;
    %pushi/vec4 0, 0, 1;
    %cmp/e;
    %flag_get/vec4 6;
    %and;
T_0.11;
    %flag_set/vec4 8;
    %jmp/0xz  T_0.9, 8;
    %pushi/vec4 0, 0, 1;
    %store/vec4 v0x62b5908c82f0_0, 0, 1;
    %jmp T_0.10;
T_0.9 ;
    %pushi/vec4 1, 1, 1;
    %store/vec4 v0x62b5908c82f0_0, 0, 1;
T_0.10 ;
T_0.7 ;
    %load/vec4 v0x62b59089b320_0;
    %cmpi/e 0, 0, 1;
    %jmp/1 T_0.14, 6;
    %flag_mov 8, 6;
    %load/vec4 v0x62b5908c7fc0_0;
    %cmpi/e 0, 0, 1;
    %flag_or 6, 8;
T_0.14;
    %jmp/0xz  T_0.12, 6;
    %pushi/vec4 1, 0, 1;
    %store/vec4 v0x62b5908c8060_0, 0, 1;
    %jmp T_0.13;
T_0.12 ;
    %load/vec4 v0x62b59089b320_0;
    %cmpi/e 1, 0, 1;
    %flag_get/vec4 6;
    %jmp/0 T_0.17, 6;
    %load/vec4 v0x62b5908c7fc0_0;
    %pushi/vec4 1, 0, 1;
    %cmp/e;
    %flag_get/vec4 6;
    %and;
T_0.17;
    %flag_set/vec4 8;
    %jmp/0xz  T_0.15, 8;
    %pushi/vec4 0, 0, 1;
    %store/vec4 v0x62b5908c8060_0, 0, 1;
    %jmp T_0.16;
T_0.15 ;
    %pushi/vec4 1, 1, 1;
    %store/vec4 v0x62b5908c8060_0, 0, 1;
T_0.16 ;
T_0.13 ;
    %load/vec4 v0x62b59089b320_0;
    %cmpi/e 1, 0, 1;
    %jmp/1 T_0.20, 6;
    %flag_mov 8, 6;
    %load/vec4 v0x62b5908c7fc0_0;
    %cmpi/e 1, 0, 1;
    %flag_or 6, 8;
T_0.20;
    %jmp/0xz  T_0.18, 6;
    %pushi/vec4 0, 0, 1;
    %store/vec4 v0x62b5908c8120_0, 0, 1;
    %jmp T_0.19;
T_0.18 ;
    %load/vec4 v0x62b59089b320_0;
    %cmpi/e 0, 0, 1;
    %flag_get/vec4 6;
    %jmp/0 T_0.23, 6;
    %load/vec4 v0x62b5908c7fc0_0;
    %pushi/vec4 0, 0, 1;
    %cmp/e;
    %flag_get/vec4 6;
    %and;
T_0.23;
    %flag_set/vec4 8;
    %jmp/0xz  T_0.21, 8;
    %pushi/vec4 1, 0, 1;
    %store/vec4 v0x62b5908c8120_0, 0, 1;
    %jmp T_0.22;
T_0.21 ;
    %pushi/vec4 1, 1, 1;
    %store/vec4 v0x62b5908c8120_0, 0, 1;
T_0.22 ;
T_0.19 ;
    %load/vec4 v0x62b59089b320_0;
    %cmpi/e 0, 0, 1;
    %flag_get/vec4 6;
    %jmp/0 T_0.27, 6;
    %load/vec4 v0x62b5908c7fc0_0;
    %pushi/vec4 1, 0, 1;
    %cmp/e;
    %flag_get/vec4 6;
    %and;
T_0.27;
    %flag_set/vec4 8;
    %jmp/1 T_0.26, 8;
    %load/vec4 v0x62b59089b320_0;
    %cmpi/e 1, 0, 1;
    %flag_get/vec4 6;
    %jmp/0 T_0.28, 6;
    %load/vec4 v0x62b5908c7fc0_0;
    %pushi/vec4 0, 0, 1;
    %cmp/e;
    %flag_get/vec4 6;
    %and;
T_0.28;
    %flag_set/vec4 9;
    %flag_or 8, 9;
T_0.26;
    %jmp/0xz  T_0.24, 8;
    %pushi/vec4 1, 0, 1;
    %store/vec4 v0x62b5908c8470_0, 0, 1;
    %jmp T_0.25;
T_0.24 ;
    %load/vec4 v0x62b59089b320_0;
    %cmpi/e 0, 0, 1;
    %flag_get/vec4 6;
    %jmp/0 T_0.32, 6;
    %load/vec4 v0x62b5908c7fc0_0;
    %pushi/vec4 0, 0, 1;
    %cmp/e;
    %flag_get/vec4 6;
    %and;
T_0.32;
    %flag_set/vec4 8;
    %jmp/1 T_0.31, 8;
    %load/vec4 v0x62b59089b320_0;
    %cmpi/e 1, 0, 1;
    %flag_get/vec4 6;
    %jmp/0 T_0.33, 6;
    %load/vec4 v0x62b5908c7fc0_0;
    %pushi/vec4 1, 0, 1;
    %cmp/e;
    %flag_get/vec4 6;
    %and;
T_0.33;
    %flag_set/vec4 9;
    %flag_or 8, 9;
T_0.31;
    %jmp/0xz  T_0.29, 8;
    %pushi/vec4 0, 0, 1;
    %store/vec4 v0x62b5908c8470_0, 0, 1;
    %jmp T_0.30;
T_0.29 ;
    %pushi/vec4 1, 1, 1;
    %store/vec4 v0x62b5908c8470_0, 0, 1;
T_0.30 ;
T_0.25 ;
    %load/vec4 v0x62b59089b320_0;
    %cmpi/e 0, 0, 1;
    %flag_get/vec4 6;
    %jmp/0 T_0.37, 6;
    %load/vec4 v0x62b5908c7fc0_0;
    %pushi/vec4 0, 0, 1;
    %cmp/e;
    %flag_get/vec4 6;
    %and;
T_0.37;
    %flag_set/vec4 8;
    %jmp/1 T_0.36, 8;
    %load/vec4 v0x62b59089b320_0;
    %cmpi/e 1, 0, 1;
    %flag_get/vec4 6;
    %jmp/0 T_0.38, 6;
    %load/vec4 v0x62b5908c7fc0_0;
    %pushi/vec4 1, 0, 1;
    %cmp/e;
    %flag_get/vec4 6;
    %and;
T_0.38;
    %flag_set/vec4 9;
    %flag_or 8, 9;
T_0.36;
    %jmp/0xz  T_0.34, 8;
    %pushi/vec4 1, 0, 1;
    %store/vec4 v0x62b5908c83b0_0, 0, 1;
    %jmp T_0.35;
T_0.34 ;
    %load/vec4 v0x62b59089b320_0;
    %cmpi/e 0, 0, 1;
    %flag_get/vec4 6;
    %jmp/0 T_0.42, 6;
    %load/vec4 v0x62b5908c7fc0_0;
    %pushi/vec4 1, 0, 1;
    %cmp/e;
    %flag_get/vec4 6;
    %and;
T_0.42;
    %flag_set/vec4 8;
    %jmp/1 T_0.41, 8;
    %load/vec4 v0x62b59089b320_0;
    %cmpi/e 1, 0, 1;
    %flag_get/vec4 6;
    %jmp/0 T_0.43, 6;
    %load/vec4 v0x62b5908c7fc0_0;
    %pushi/vec4 0, 0, 1;
    %cmp/e;
    %flag_get/vec4 6;
    %and;
T_0.43;
    %flag_set/vec4 9;
    %flag_or 8, 9;
T_0.41;
    %jmp/0xz  T_0.39, 8;
    %pushi/vec4 0, 0, 1;
    %store/vec4 v0x62b5908c83b0_0, 0, 1;
    %jmp T_0.40;
T_0.39 ;
    %pushi/vec4 1, 1, 1;
    %store/vec4 v0x62b5908c83b0_0, 0, 1;
T_0.40 ;
T_0.35 ;
    %load/vec4 v0x62b59089b320_0;
    %cmpi/e 0, 0, 1;
    %jmp/0xz  T_0.44, 6;
    %pushi/vec4 1, 0, 1;
    %store/vec4 v0x62b5908c8230_0, 0, 1;
    %jmp T_0.45;
T_0.44 ;
    %load/vec4 v0x62b59089b320_0;
    %cmpi/e 1, 0, 1;
    %jmp/0xz  T_0.46, 6;
    %pushi/vec4 0, 0, 1;
    %store/vec4 v0x62b5908c8230_0, 0, 1;
    %jmp T_0.47;
T_0.46 ;
    %pushi/vec4 1, 1, 1;
    %store/vec4 v0x62b5908c8230_0, 0, 1;
T_0.47 ;
T_0.45 ;
    %jmp T_0;
    .thread T_0, $push;
    .scope S_0x62b5908ac5d0;
T_1 ;
    %vpi_call 2 18 "$monitor", "$time=%0t|a=%b|b=%b|and_y=%b|or_y=%b|nand_y=%b|nor_y=%b|xor_y=%b|xnor_y=%b|not_y=%b", $time, v0x62b5908c8650_0, v0x62b5908c87e0_0, v0x62b5908c8710_0, v0x62b5908c8b20_0, v0x62b5908c88e0_0, v0x62b5908c89b0_0, v0x62b5908c8cc0_0, v0x62b5908c8bf0_0, v0x62b5908c8a50_0 {0 0 0};
    %vpi_call 2 19 "$dumpfile", "logicgates_ifelse.vcd" {0 0 0};
    %vpi_call 2 20 "$dumpvars", 32'sb00000000000000000000000000000000, S_0x62b5908ac5d0 {0 0 0};
    %pushi/vec4 0, 0, 1;
    %store/vec4 v0x62b5908c8650_0, 0, 1;
    %pushi/vec4 0, 0, 1;
    %store/vec4 v0x62b5908c87e0_0, 0, 1;
    %delay 10, 0;
    %pushi/vec4 0, 0, 1;
    %store/vec4 v0x62b5908c8650_0, 0, 1;
    %pushi/vec4 1, 0, 1;
    %store/vec4 v0x62b5908c87e0_0, 0, 1;
    %delay 10, 0;
    %pushi/vec4 1, 0, 1;
    %store/vec4 v0x62b5908c8650_0, 0, 1;
    %pushi/vec4 0, 0, 1;
    %store/vec4 v0x62b5908c87e0_0, 0, 1;
    %delay 10, 0;
    %pushi/vec4 1, 0, 1;
    %store/vec4 v0x62b5908c8650_0, 0, 1;
    %pushi/vec4 1, 0, 1;
    %store/vec4 v0x62b5908c87e0_0, 0, 1;
    %delay 10, 0;
    %pushi/vec4 1, 1, 1;
    %store/vec4 v0x62b5908c8650_0, 0, 1;
    %pushi/vec4 1, 0, 1;
    %store/vec4 v0x62b5908c87e0_0, 0, 1;
    %delay 10, 0;
    %pushi/vec4 1, 0, 1;
    %store/vec4 v0x62b5908c8650_0, 0, 1;
    %pushi/vec4 1, 1, 1;
    %store/vec4 v0x62b5908c87e0_0, 0, 1;
    %delay 10, 0;
    %pushi/vec4 0, 1, 1;
    %store/vec4 v0x62b5908c8650_0, 0, 1;
    %pushi/vec4 0, 0, 1;
    %store/vec4 v0x62b5908c87e0_0, 0, 1;
    %delay 10, 0;
    %pushi/vec4 1, 0, 1;
    %store/vec4 v0x62b5908c8650_0, 0, 1;
    %pushi/vec4 0, 1, 1;
    %store/vec4 v0x62b5908c87e0_0, 0, 1;
    %delay 10, 0;
    %pushi/vec4 1, 1, 1;
    %store/vec4 v0x62b5908c8650_0, 0, 1;
    %pushi/vec4 0, 1, 1;
    %store/vec4 v0x62b5908c87e0_0, 0, 1;
    %delay 10, 0;
    %vpi_call 2 35 "$finish" {0 0 0};
    %end;
    .thread T_1;
# The file index is used to find the file name in the following table.
:file_names 4;
    "N/A";
    "<interactive>";
    "logicgates_ifelse_tb.v";
    "logicgates_ifelse.v";
