#! /usr/bin/vvp
:ivl_version "12.0 (stable)";
:ivl_delay_selection "TYPICAL";
:vpi_time_precision + 0;
:vpi_module "/usr/lib/x86_64-linux-gnu/ivl/system.vpi";
:vpi_module "/usr/lib/x86_64-linux-gnu/ivl/vhdl_sys.vpi";
:vpi_module "/usr/lib/x86_64-linux-gnu/ivl/vhdl_textio.vpi";
:vpi_module "/usr/lib/x86_64-linux-gnu/ivl/v2005_math.vpi";
:vpi_module "/usr/lib/x86_64-linux-gnu/ivl/va_math.vpi";
S_0x62a81296ba60 .scope module, "demux1to2_tb" "demux1to2_tb" 2 1;
 .timescale 0 0;
v0x62a81297f650_0 .var "D", 0 0;
v0x62a81297f710_0 .var "S", 0 0;
v0x62a81297f7b0_0 .net "Y0", 0 0, L_0x62a81297fa70;  1 drivers
v0x62a81297f8b0_0 .net "Y1", 0 0, L_0x62a81297fbd0;  1 drivers
S_0x62a81296bbf0 .scope module, "DUT" "demux1to2" 2 7, 3 1 0, S_0x62a81296ba60;
 .timescale 0 0;
    .port_info 0 /INPUT 1 "D";
    .port_info 1 /INPUT 1 "S";
    .port_info 2 /OUTPUT 1 "Y0";
    .port_info 3 /OUTPUT 1 "Y1";
L_0x62a81297f980 .functor NOT 1, v0x62a81297f710_0, C4<0>, C4<0>, C4<0>;
L_0x62a81297fa70 .functor AND 1, v0x62a81297f650_0, L_0x62a81297f980, C4<1>, C4<1>;
L_0x62a81297fbd0 .functor AND 1, v0x62a81297f650_0, v0x62a81297f710_0, C4<1>, C4<1>;
v0x62a81296be40_0 .net "D", 0 0, v0x62a81297f650_0;  1 drivers
v0x62a81297f280_0 .net "S", 0 0, v0x62a81297f710_0;  1 drivers
v0x62a81297f340_0 .net "Y0", 0 0, L_0x62a81297fa70;  alias, 1 drivers
v0x62a81297f3e0_0 .net "Y1", 0 0, L_0x62a81297fbd0;  alias, 1 drivers
v0x62a81297f4a0_0 .net *"_ivl_0", 0 0, L_0x62a81297f980;  1 drivers
    .scope S_0x62a81296ba60;
T_0 ;
    %vpi_call 2 14 "$monitor", "$time=0%t|D=%b|S=%b|Y0=%b|Y1=%b", $time, v0x62a81297f650_0, v0x62a81297f710_0, v0x62a81297f7b0_0, v0x62a81297f8b0_0 {0 0 0};
    %vpi_call 2 15 "$dumpfile", "demux1to2.vcd" {0 0 0};
    %vpi_call 2 16 "$dumpvars", 32'sb00000000000000000000000000000000, S_0x62a81296ba60 {0 0 0};
    %pushi/vec4 0, 0, 1;
    %store/vec4 v0x62a81297f650_0, 0, 1;
    %pushi/vec4 0, 0, 1;
    %store/vec4 v0x62a81297f710_0, 0, 1;
    %delay 10, 0;
    %pushi/vec4 1, 0, 1;
    %store/vec4 v0x62a81297f650_0, 0, 1;
    %pushi/vec4 0, 0, 1;
    %store/vec4 v0x62a81297f710_0, 0, 1;
    %delay 10, 0;
    %pushi/vec4 0, 0, 1;
    %store/vec4 v0x62a81297f650_0, 0, 1;
    %pushi/vec4 1, 0, 1;
    %store/vec4 v0x62a81297f710_0, 0, 1;
    %delay 10, 0;
    %pushi/vec4 1, 0, 1;
    %store/vec4 v0x62a81297f650_0, 0, 1;
    %pushi/vec4 1, 0, 1;
    %store/vec4 v0x62a81297f710_0, 0, 1;
    %delay 10, 0;
    %vpi_call 2 23 "$finish" {0 0 0};
    %end;
    .thread T_0;
# The file index is used to find the file name in the following table.
:file_names 4;
    "N/A";
    "<interactive>";
    "demux1to2_tb.v";
    "demux1to2.v";
