#! /usr/bin/vvp
:ivl_version "12.0 (stable)";
:ivl_delay_selection "TYPICAL";
:vpi_time_precision + 0;
:vpi_module "/usr/lib/x86_64-linux-gnu/ivl/system.vpi";
:vpi_module "/usr/lib/x86_64-linux-gnu/ivl/vhdl_sys.vpi";
:vpi_module "/usr/lib/x86_64-linux-gnu/ivl/vhdl_textio.vpi";
:vpi_module "/usr/lib/x86_64-linux-gnu/ivl/v2005_math.vpi";
:vpi_module "/usr/lib/x86_64-linux-gnu/ivl/va_math.vpi";
S_0x607689ef40f0 .scope module, "muxNto1_tb" "muxNto1_tb" 2 1;
 .timescale 0 0;
P_0x607689edf750 .param/l "N" 0 2 2, +C4<00000000000000000000000000001000>;
P_0x607689edf790 .param/l "SEL" 0 2 3, +C4<00000000000000000000000000000011>;
v0x607689f08a80_0 .var "I", 7 0;
v0x607689f08b70_0 .var "S", 2 0;
v0x607689f08c40_0 .net "Y", 0 0, v0x607689f08930_0;  1 drivers
S_0x607689ef4350 .scope module, "dut" "muxNto1" 2 11, 3 1 0, S_0x607689ef40f0;
 .timescale 0 0;
    .port_info 0 /INPUT 8 "I";
    .port_info 1 /INPUT 3 "S";
    .port_info 2 /OUTPUT 1 "Y";
P_0x607689edf7e0 .param/l "N" 0 3 2, +C4<00000000000000000000000000001000>;
P_0x607689edf820 .param/l "SEL" 0 3 3, +C4<00000000000000000000000000000011>;
v0x607689ee35f0_0 .net "I", 7 0, v0x607689f08a80_0;  1 drivers
v0x607689f08850_0 .net "S", 2 0, v0x607689f08b70_0;  1 drivers
v0x607689f08930_0 .var "Y", 0 0;
E_0x607689ef2d00 .event anyedge, v0x607689f08850_0, v0x607689ee35f0_0;
    .scope S_0x607689ef4350;
T_0 ;
    %wait E_0x607689ef2d00;
    %load/vec4 v0x607689ee35f0_0;
    %load/vec4 v0x607689f08850_0;
    %part/u 1;
    %store/vec4 v0x607689f08930_0, 0, 1;
    %jmp T_0;
    .thread T_0, $push;
    .scope S_0x607689ef40f0;
T_1 ;
    %vpi_call 2 17 "$monitor", "$time=%0t|N=%b|SEL=%b|I=%b|S=%b|Y=%b", $time, P_0x607689edf750, P_0x607689edf790, v0x607689f08a80_0, v0x607689f08b70_0, v0x607689f08c40_0 {0 0 0};
    %vpi_call 2 18 "$dumpfile", "muxNto1.vcd" {0 0 0};
    %vpi_call 2 19 "$dumpvars", 32'sb00000000000000000000000000000000, S_0x607689ef40f0 {0 0 0};
    %pushi/vec4 172, 0, 8;
    %store/vec4 v0x607689f08a80_0, 0, 8;
    %pushi/vec4 0, 0, 3;
    %store/vec4 v0x607689f08b70_0, 0, 3;
    %delay 10, 0;
    %pushi/vec4 1, 0, 3;
    %store/vec4 v0x607689f08b70_0, 0, 3;
    %delay 10, 0;
    %pushi/vec4 2, 0, 3;
    %store/vec4 v0x607689f08b70_0, 0, 3;
    %delay 10, 0;
    %pushi/vec4 3, 0, 3;
    %store/vec4 v0x607689f08b70_0, 0, 3;
    %delay 10, 0;
    %pushi/vec4 4, 0, 3;
    %store/vec4 v0x607689f08b70_0, 0, 3;
    %delay 10, 0;
    %pushi/vec4 5, 0, 3;
    %store/vec4 v0x607689f08b70_0, 0, 3;
    %delay 10, 0;
    %pushi/vec4 6, 0, 3;
    %store/vec4 v0x607689f08b70_0, 0, 3;
    %delay 10, 0;
    %pushi/vec4 7, 0, 3;
    %store/vec4 v0x607689f08b70_0, 0, 3;
    %delay 10, 0;
    %vpi_call 2 29 "$finish" {0 0 0};
    %end;
    .thread T_1;
# The file index is used to find the file name in the following table.
:file_names 4;
    "N/A";
    "<interactive>";
    "muxNto1_tb.v";
    "muxNto1.v";
