#! /usr/bin/vvp
:ivl_version "12.0 (stable)";
:ivl_delay_selection "TYPICAL";
:vpi_time_precision + 0;
:vpi_module "/usr/lib/x86_64-linux-gnu/ivl/system.vpi";
:vpi_module "/usr/lib/x86_64-linux-gnu/ivl/vhdl_sys.vpi";
:vpi_module "/usr/lib/x86_64-linux-gnu/ivl/vhdl_textio.vpi";
:vpi_module "/usr/lib/x86_64-linux-gnu/ivl/v2005_math.vpi";
:vpi_module "/usr/lib/x86_64-linux-gnu/ivl/va_math.vpi";
S_0x5586c42976f0 .scope module, "moorenonoverlappingsequence101_tb" "moorenonoverlappingsequence101_tb" 2 1;
 .timescale 0 0;
v0x5586c42ad770_0 .var "clk", 0 0;
v0x5586c42ad830_0 .var "rst", 0 0;
v0x5586c42ad900_0 .var "x", 0 0;
v0x5586c42ada00_0 .net "y", 0 0, v0x5586c42ad630_0;  1 drivers
S_0x5586c4297880 .scope module, "dut" "moorenonoverlappingsequence101" 2 4, 3 1 0, S_0x5586c42976f0;
 .timescale 0 0;
    .port_info 0 /INPUT 1 "clk";
    .port_info 1 /INPUT 1 "rst";
    .port_info 2 /INPUT 1 "x";
    .port_info 3 /OUTPUT 1 "y";
v0x5586c4297a60_0 .net "clk", 0 0, v0x5586c42ad770_0;  1 drivers
v0x5586c42ad290_0 .var "next_state", 1 0;
v0x5586c42ad370_0 .net "rst", 0 0, v0x5586c42ad830_0;  1 drivers
v0x5586c42ad440_0 .var "state", 1 0;
v0x5586c42ad520_0 .net "x", 0 0, v0x5586c42ad900_0;  1 drivers
v0x5586c42ad630_0 .var "y", 0 0;
E_0x5586c42937d0 .event anyedge, v0x5586c42ad440_0;
E_0x5586c4293140 .event anyedge, v0x5586c42ad440_0, v0x5586c42ad520_0;
E_0x5586c4293410 .event posedge, v0x5586c42ad370_0, v0x5586c4297a60_0;
    .scope S_0x5586c4297880;
T_0 ;
    %wait E_0x5586c4293410;
    %load/vec4 v0x5586c42ad370_0;
    %flag_set/vec4 8;
    %jmp/0xz  T_0.0, 8;
    %pushi/vec4 0, 0, 2;
    %assign/vec4 v0x5586c42ad440_0, 0;
    %jmp T_0.1;
T_0.0 ;
    %load/vec4 v0x5586c42ad290_0;
    %assign/vec4 v0x5586c42ad440_0, 0;
T_0.1 ;
    %jmp T_0;
    .thread T_0;
    .scope S_0x5586c4297880;
T_1 ;
    %wait E_0x5586c4293140;
    %load/vec4 v0x5586c42ad440_0;
    %cmpi/e 0, 0, 2;
    %jmp/0xz  T_1.0, 4;
    %load/vec4 v0x5586c42ad520_0;
    %flag_set/vec4 8;
    %jmp/0xz  T_1.2, 8;
    %pushi/vec4 1, 0, 2;
    %store/vec4 v0x5586c42ad290_0, 0, 2;
    %jmp T_1.3;
T_1.2 ;
    %pushi/vec4 0, 0, 2;
    %store/vec4 v0x5586c42ad290_0, 0, 2;
T_1.3 ;
    %jmp T_1.1;
T_1.0 ;
    %load/vec4 v0x5586c42ad440_0;
    %cmpi/e 1, 0, 2;
    %jmp/0xz  T_1.4, 4;
    %load/vec4 v0x5586c42ad520_0;
    %flag_set/vec4 8;
    %jmp/0xz  T_1.6, 8;
    %pushi/vec4 1, 0, 2;
    %store/vec4 v0x5586c42ad290_0, 0, 2;
    %jmp T_1.7;
T_1.6 ;
    %pushi/vec4 2, 0, 2;
    %store/vec4 v0x5586c42ad290_0, 0, 2;
T_1.7 ;
    %jmp T_1.5;
T_1.4 ;
    %load/vec4 v0x5586c42ad440_0;
    %cmpi/e 2, 0, 2;
    %jmp/0xz  T_1.8, 4;
    %load/vec4 v0x5586c42ad520_0;
    %flag_set/vec4 8;
    %jmp/0xz  T_1.10, 8;
    %pushi/vec4 3, 0, 2;
    %store/vec4 v0x5586c42ad290_0, 0, 2;
    %jmp T_1.11;
T_1.10 ;
    %pushi/vec4 0, 0, 2;
    %store/vec4 v0x5586c42ad290_0, 0, 2;
T_1.11 ;
    %jmp T_1.9;
T_1.8 ;
    %load/vec4 v0x5586c42ad440_0;
    %cmpi/e 3, 0, 2;
    %jmp/0xz  T_1.12, 4;
    %pushi/vec4 0, 0, 2;
    %store/vec4 v0x5586c42ad290_0, 0, 2;
    %jmp T_1.13;
T_1.12 ;
    %pushi/vec4 0, 0, 2;
    %store/vec4 v0x5586c42ad290_0, 0, 2;
T_1.13 ;
T_1.9 ;
T_1.5 ;
T_1.1 ;
    %jmp T_1;
    .thread T_1, $push;
    .scope S_0x5586c4297880;
T_2 ;
    %wait E_0x5586c42937d0;
    %load/vec4 v0x5586c42ad440_0;
    %cmpi/e 3, 0, 2;
    %jmp/0xz  T_2.0, 4;
    %pushi/vec4 1, 0, 1;
    %store/vec4 v0x5586c42ad630_0, 0, 1;
    %jmp T_2.1;
T_2.0 ;
    %pushi/vec4 0, 0, 1;
    %store/vec4 v0x5586c42ad630_0, 0, 1;
T_2.1 ;
    %jmp T_2;
    .thread T_2, $push;
    .scope S_0x5586c42976f0;
T_3 ;
    %delay 5, 0;
    %load/vec4 v0x5586c42ad770_0;
    %inv;
    %store/vec4 v0x5586c42ad770_0, 0, 1;
    %jmp T_3;
    .thread T_3;
    .scope S_0x5586c42976f0;
T_4 ;
    %vpi_call 2 7 "$monitor", "$time=%0t|clk=%b|rst=%b|x=%b|y=%b", $time, v0x5586c42ad770_0, v0x5586c42ad830_0, v0x5586c42ad900_0, v0x5586c42ada00_0 {0 0 0};
    %vpi_call 2 8 "$dumpfile", "moorenonoverlappingsequence101.vcd" {0 0 0};
    %vpi_call 2 9 "$dumpvars", 32'sb00000000000000000000000000000000, S_0x5586c42976f0 {0 0 0};
    %pushi/vec4 0, 0, 1;
    %store/vec4 v0x5586c42ad770_0, 0, 1;
    %pushi/vec4 1, 0, 1;
    %store/vec4 v0x5586c42ad830_0, 0, 1;
    %pushi/vec4 0, 0, 1;
    %store/vec4 v0x5586c42ad900_0, 0, 1;
    %delay 10, 0;
    %pushi/vec4 0, 0, 1;
    %store/vec4 v0x5586c42ad830_0, 0, 1;
    %delay 10, 0;
    %pushi/vec4 1, 0, 1;
    %store/vec4 v0x5586c42ad900_0, 0, 1;
    %delay 10, 0;
    %pushi/vec4 0, 0, 1;
    %store/vec4 v0x5586c42ad900_0, 0, 1;
    %delay 10, 0;
    %pushi/vec4 1, 0, 1;
    %store/vec4 v0x5586c42ad900_0, 0, 1;
    %delay 10, 0;
    %pushi/vec4 0, 0, 1;
    %store/vec4 v0x5586c42ad900_0, 0, 1;
    %delay 10, 0;
    %pushi/vec4 1, 0, 1;
    %store/vec4 v0x5586c42ad900_0, 0, 1;
    %delay 30, 0;
    %vpi_call 2 19 "$finish" {0 0 0};
    %end;
    .thread T_4;
# The file index is used to find the file name in the following table.
:file_names 4;
    "N/A";
    "<interactive>";
    "moorenonoverlappingsequence101_tb.v";
    "moorenonoverlappingsequence101.v";
