#! /usr/bin/vvp
:ivl_version "12.0 (stable)";
:ivl_delay_selection "TYPICAL";
:vpi_time_precision + 0;
:vpi_module "/usr/lib/x86_64-linux-gnu/ivl/system.vpi";
:vpi_module "/usr/lib/x86_64-linux-gnu/ivl/vhdl_sys.vpi";
:vpi_module "/usr/lib/x86_64-linux-gnu/ivl/vhdl_textio.vpi";
:vpi_module "/usr/lib/x86_64-linux-gnu/ivl/v2005_math.vpi";
:vpi_module "/usr/lib/x86_64-linux-gnu/ivl/va_math.vpi";
S_0x644a73a8e8f0 .scope module, "mux2to1_bool_tb" "mux2to1_bool_tb" 2 1;
 .timescale 0 0;
v0x644a73aa5af0_0 .var "A", 0 0;
v0x644a73aa5bb0_0 .var "B", 0 0;
v0x644a73aa5c80_0 .var "S", 0 0;
v0x644a73aa5d80_0 .net "Y", 0 0, L_0x644a73aa6110;  1 drivers
S_0x644a73a8ea80 .scope module, "DUT" "mux2to1_bool" 2 5, 3 1 0, S_0x644a73a8e8f0;
 .timescale 0 0;
    .port_info 0 /INPUT 1 "A";
    .port_info 1 /INPUT 1 "B";
    .port_info 2 /INPUT 1 "S";
    .port_info 3 /OUTPUT 1 "Y";
L_0x644a73aa5e50 .functor NOT 1, v0x644a73aa5c80_0, C4<0>, C4<0>, C4<0>;
L_0x644a73aa5f40 .functor AND 1, L_0x644a73aa5e50, v0x644a73aa5af0_0, C4<1>, C4<1>;
L_0x644a73aa6050 .functor AND 1, v0x644a73aa5c80_0, v0x644a73aa5bb0_0, C4<1>, C4<1>;
L_0x644a73aa6110 .functor OR 1, L_0x644a73aa5f40, L_0x644a73aa6050, C4<0>, C4<0>;
v0x644a73a8ecd0_0 .net "A", 0 0, v0x644a73aa5af0_0;  1 drivers
v0x644a73aa5560_0 .net "B", 0 0, v0x644a73aa5bb0_0;  1 drivers
v0x644a73aa5620_0 .net "S", 0 0, v0x644a73aa5c80_0;  1 drivers
v0x644a73aa56c0_0 .net "Y", 0 0, L_0x644a73aa6110;  alias, 1 drivers
v0x644a73aa5780_0 .net *"_ivl_0", 0 0, L_0x644a73aa5e50;  1 drivers
v0x644a73aa58b0_0 .net *"_ivl_2", 0 0, L_0x644a73aa5f40;  1 drivers
v0x644a73aa5990_0 .net *"_ivl_4", 0 0, L_0x644a73aa6050;  1 drivers
    .scope S_0x644a73a8e8f0;
T_0 ;
    %vpi_call 2 12 "$monitor", "$time=%0t|A=%b|B=%b|S=%b|Y=%b", $time, v0x644a73aa5af0_0, v0x644a73aa5bb0_0, v0x644a73aa5c80_0, v0x644a73aa5d80_0 {0 0 0};
    %vpi_call 2 13 "$dumpfile", "mux2to1_bool.vcd" {0 0 0};
    %vpi_call 2 14 "$dumpvars", 32'sb00000000000000000000000000000000, S_0x644a73a8e8f0 {0 0 0};
    %pushi/vec4 0, 0, 1;
    %store/vec4 v0x644a73aa5af0_0, 0, 1;
    %pushi/vec4 0, 0, 1;
    %store/vec4 v0x644a73aa5bb0_0, 0, 1;
    %pushi/vec4 0, 0, 1;
    %store/vec4 v0x644a73aa5c80_0, 0, 1;
    %delay 10, 0;
    %pushi/vec4 0, 0, 1;
    %store/vec4 v0x644a73aa5af0_0, 0, 1;
    %pushi/vec4 1, 0, 1;
    %store/vec4 v0x644a73aa5bb0_0, 0, 1;
    %pushi/vec4 0, 0, 1;
    %store/vec4 v0x644a73aa5c80_0, 0, 1;
    %delay 10, 0;
    %pushi/vec4 1, 0, 1;
    %store/vec4 v0x644a73aa5af0_0, 0, 1;
    %pushi/vec4 0, 0, 1;
    %store/vec4 v0x644a73aa5bb0_0, 0, 1;
    %pushi/vec4 0, 0, 1;
    %store/vec4 v0x644a73aa5c80_0, 0, 1;
    %delay 10, 0;
    %pushi/vec4 1, 0, 1;
    %store/vec4 v0x644a73aa5af0_0, 0, 1;
    %pushi/vec4 1, 0, 1;
    %store/vec4 v0x644a73aa5bb0_0, 0, 1;
    %pushi/vec4 0, 0, 1;
    %store/vec4 v0x644a73aa5c80_0, 0, 1;
    %delay 10, 0;
    %pushi/vec4 0, 0, 1;
    %store/vec4 v0x644a73aa5af0_0, 0, 1;
    %pushi/vec4 0, 0, 1;
    %store/vec4 v0x644a73aa5bb0_0, 0, 1;
    %pushi/vec4 1, 0, 1;
    %store/vec4 v0x644a73aa5c80_0, 0, 1;
    %delay 10, 0;
    %pushi/vec4 0, 0, 1;
    %store/vec4 v0x644a73aa5af0_0, 0, 1;
    %pushi/vec4 1, 0, 1;
    %store/vec4 v0x644a73aa5bb0_0, 0, 1;
    %pushi/vec4 1, 0, 1;
    %store/vec4 v0x644a73aa5c80_0, 0, 1;
    %delay 10, 0;
    %pushi/vec4 1, 0, 1;
    %store/vec4 v0x644a73aa5af0_0, 0, 1;
    %pushi/vec4 0, 0, 1;
    %store/vec4 v0x644a73aa5bb0_0, 0, 1;
    %pushi/vec4 1, 0, 1;
    %store/vec4 v0x644a73aa5c80_0, 0, 1;
    %delay 10, 0;
    %pushi/vec4 1, 0, 1;
    %store/vec4 v0x644a73aa5af0_0, 0, 1;
    %pushi/vec4 1, 0, 1;
    %store/vec4 v0x644a73aa5bb0_0, 0, 1;
    %pushi/vec4 1, 0, 1;
    %store/vec4 v0x644a73aa5c80_0, 0, 1;
    %delay 10, 0;
    %vpi_call 2 24 "$finish" {0 0 0};
    %end;
    .thread T_0;
# The file index is used to find the file name in the following table.
:file_names 4;
    "N/A";
    "<interactive>";
    "mux2to1_bool_tb.v";
    "mux2to1_bool.v";
