#! /usr/bin/vvp
:ivl_version "12.0 (stable)";
:ivl_delay_selection "TYPICAL";
:vpi_time_precision + 0;
:vpi_module "/usr/lib/x86_64-linux-gnu/ivl/system.vpi";
:vpi_module "/usr/lib/x86_64-linux-gnu/ivl/vhdl_sys.vpi";
:vpi_module "/usr/lib/x86_64-linux-gnu/ivl/vhdl_textio.vpi";
:vpi_module "/usr/lib/x86_64-linux-gnu/ivl/v2005_math.vpi";
:vpi_module "/usr/lib/x86_64-linux-gnu/ivl/va_math.vpi";
S_0x5c0d3eb31450 .scope module, "demux1toN_tb" "demux1toN_tb" 2 1;
 .timescale 0 0;
P_0x5c0d3eb315e0 .param/l "N" 0 2 2, +C4<00000000000000000000000000001000>;
v0x5c0d3eb48170_0 .var "D", 0 0;
v0x5c0d3eb48240_0 .var "S", 2 0;
v0x5c0d3eb48310_0 .net "Y", 7 0, v0x5c0d3eb48000_0;  1 drivers
S_0x5c0d3eb31680 .scope module, "DUT" "demux1toN" 2 7, 3 1 0, S_0x5c0d3eb31450;
 .timescale 0 0;
    .port_info 0 /INPUT 1 "D";
    .port_info 1 /INPUT 3 "S";
    .port_info 2 /OUTPUT 8 "Y";
P_0x5c0d3eb31860 .param/l "N" 0 3 2, +C4<00000000000000000000000000001000>;
v0x5c0d3eb212a0_0 .net "D", 0 0, v0x5c0d3eb48170_0;  1 drivers
v0x5c0d3eb47f20_0 .net "S", 2 0, v0x5c0d3eb48240_0;  1 drivers
v0x5c0d3eb48000_0 .var "Y", 7 0;
E_0x5c0d3eb2fdb0 .event anyedge, v0x5c0d3eb212a0_0, v0x5c0d3eb47f20_0;
    .scope S_0x5c0d3eb31680;
T_0 ;
    %wait E_0x5c0d3eb2fdb0;
    %pushi/vec4 0, 0, 8;
    %store/vec4 v0x5c0d3eb48000_0, 0, 8;
    %load/vec4 v0x5c0d3eb212a0_0;
    %ix/getv 4, v0x5c0d3eb47f20_0;
    %store/vec4 v0x5c0d3eb48000_0, 4, 1;
    %jmp T_0;
    .thread T_0, $push;
    .scope S_0x5c0d3eb31450;
T_1 ;
    %vpi_call 2 13 "$monitor", "$time=%0t|D=%b|S=%b|Y=%b", $time, v0x5c0d3eb48170_0, v0x5c0d3eb48240_0, v0x5c0d3eb48310_0 {0 0 0};
    %vpi_call 2 14 "$dumpfile", "demux1toN.vcd" {0 0 0};
    %vpi_call 2 15 "$dumpvars", 32'sb00000000000000000000000000000000, S_0x5c0d3eb31450 {0 0 0};
    %pushi/vec4 0, 0, 1;
    %store/vec4 v0x5c0d3eb48170_0, 0, 1;
    %pushi/vec4 0, 0, 3;
    %store/vec4 v0x5c0d3eb48240_0, 0, 3;
    %delay 10, 0;
    %pushi/vec4 1, 0, 3;
    %store/vec4 v0x5c0d3eb48240_0, 0, 3;
    %delay 10, 0;
    %pushi/vec4 2, 0, 3;
    %store/vec4 v0x5c0d3eb48240_0, 0, 3;
    %delay 10, 0;
    %pushi/vec4 3, 0, 3;
    %store/vec4 v0x5c0d3eb48240_0, 0, 3;
    %delay 10, 0;
    %pushi/vec4 4, 0, 3;
    %store/vec4 v0x5c0d3eb48240_0, 0, 3;
    %delay 10, 0;
    %pushi/vec4 5, 0, 3;
    %store/vec4 v0x5c0d3eb48240_0, 0, 3;
    %delay 10, 0;
    %pushi/vec4 6, 0, 3;
    %store/vec4 v0x5c0d3eb48240_0, 0, 3;
    %delay 10, 0;
    %pushi/vec4 7, 0, 3;
    %store/vec4 v0x5c0d3eb48240_0, 0, 3;
    %delay 10, 0;
    %pushi/vec4 1, 0, 1;
    %store/vec4 v0x5c0d3eb48170_0, 0, 1;
    %pushi/vec4 0, 0, 3;
    %store/vec4 v0x5c0d3eb48240_0, 0, 3;
    %delay 10, 0;
    %pushi/vec4 1, 0, 3;
    %store/vec4 v0x5c0d3eb48240_0, 0, 3;
    %delay 10, 0;
    %pushi/vec4 2, 0, 3;
    %store/vec4 v0x5c0d3eb48240_0, 0, 3;
    %delay 10, 0;
    %pushi/vec4 3, 0, 3;
    %store/vec4 v0x5c0d3eb48240_0, 0, 3;
    %delay 10, 0;
    %pushi/vec4 4, 0, 3;
    %store/vec4 v0x5c0d3eb48240_0, 0, 3;
    %delay 10, 0;
    %pushi/vec4 5, 0, 3;
    %store/vec4 v0x5c0d3eb48240_0, 0, 3;
    %delay 10, 0;
    %pushi/vec4 6, 0, 3;
    %store/vec4 v0x5c0d3eb48240_0, 0, 3;
    %delay 10, 0;
    %pushi/vec4 7, 0, 3;
    %store/vec4 v0x5c0d3eb48240_0, 0, 3;
    %delay 10, 0;
    %vpi_call 2 37 "$finish" {0 0 0};
    %end;
    .thread T_1;
# The file index is used to find the file name in the following table.
:file_names 4;
    "N/A";
    "<interactive>";
    "demux1ton_tb.v";
    "demux1ton.v";
