#! /usr/bin/vvp
:ivl_version "12.0 (stable)";
:ivl_delay_selection "TYPICAL";
:vpi_time_precision + 0;
:vpi_module "/usr/lib/x86_64-linux-gnu/ivl/system.vpi";
:vpi_module "/usr/lib/x86_64-linux-gnu/ivl/vhdl_sys.vpi";
:vpi_module "/usr/lib/x86_64-linux-gnu/ivl/vhdl_textio.vpi";
:vpi_module "/usr/lib/x86_64-linux-gnu/ivl/v2005_math.vpi";
:vpi_module "/usr/lib/x86_64-linux-gnu/ivl/va_math.vpi";
S_0x6032dfe51200 .scope module, "dualportasynchronousram_tb" "dualportasynchronousram_tb" 2 1;
 .timescale 0 0;
v0x6032dfe6d920_0 .var "addr_a", 3 0;
v0x6032dfe6da00_0 .var "addr_b", 3 0;
v0x6032dfe6dad0_0 .var "din_a", 7 0;
v0x6032dfe6dbd0_0 .var "din_b", 7 0;
v0x6032dfe6dca0_0 .net "dout_a", 7 0, L_0x6032dfe6e240;  1 drivers
v0x6032dfe6dd40_0 .net "dout_b", 7 0, L_0x6032dfe6e5b0;  1 drivers
v0x6032dfe6de10_0 .var "we_a", 0 0;
v0x6032dfe6dee0_0 .var "we_b", 0 0;
S_0x6032dfe51390 .scope module, "dut" "dualportasynchronousram" 2 6, 3 1 0, S_0x6032dfe51200;
 .timescale 0 0;
    .port_info 0 /INPUT 1 "clk";
    .port_info 1 /INPUT 1 "we_a";
    .port_info 2 /INPUT 1 "we_b";
    .port_info 3 /INPUT 4 "addr_a";
    .port_info 4 /INPUT 4 "addr_b";
    .port_info 5 /INPUT 8 "din_a";
    .port_info 6 /INPUT 8 "din_b";
    .port_info 7 /OUTPUT 8 "dout_a";
    .port_info 8 /OUTPUT 8 "dout_b";
L_0x6032dfe6e240 .functor BUFZ 8, L_0x6032dfe6dfb0, C4<00000000>, C4<00000000>, C4<00000000>;
L_0x6032dfe6e5b0 .functor BUFZ 8, L_0x6032dfe6e350, C4<00000000>, C4<00000000>, C4<00000000>;
v0x6032dfe43150_0 .net *"_ivl_0", 7 0, L_0x6032dfe6dfb0;  1 drivers
v0x6032dfe6cb30_0 .net *"_ivl_10", 5 0, L_0x6032dfe6e3f0;  1 drivers
L_0x7bf72e89b060 .functor BUFT 1, C4<00>, C4<0>, C4<0>, C4<0>;
v0x6032dfe6cc10_0 .net *"_ivl_13", 1 0, L_0x7bf72e89b060;  1 drivers
v0x6032dfe6ccd0_0 .net *"_ivl_2", 5 0, L_0x6032dfe6e0b0;  1 drivers
L_0x7bf72e89b018 .functor BUFT 1, C4<00>, C4<0>, C4<0>, C4<0>;
v0x6032dfe6cdb0_0 .net *"_ivl_5", 1 0, L_0x7bf72e89b018;  1 drivers
v0x6032dfe6cee0_0 .net *"_ivl_8", 7 0, L_0x6032dfe6e350;  1 drivers
v0x6032dfe6cfc0_0 .net "addr_a", 3 0, v0x6032dfe6d920_0;  1 drivers
v0x6032dfe6d0a0_0 .net "addr_b", 3 0, v0x6032dfe6da00_0;  1 drivers
o0x7bf72e8e4198 .functor BUFZ 1, C4<z>; HiZ drive
v0x6032dfe6d180_0 .net "clk", 0 0, o0x7bf72e8e4198;  0 drivers
v0x6032dfe6d240_0 .net "din_a", 7 0, v0x6032dfe6dad0_0;  1 drivers
v0x6032dfe6d320_0 .net "din_b", 7 0, v0x6032dfe6dbd0_0;  1 drivers
v0x6032dfe6d400_0 .net "dout_a", 7 0, L_0x6032dfe6e240;  alias, 1 drivers
v0x6032dfe6d4e0_0 .net "dout_b", 7 0, L_0x6032dfe6e5b0;  alias, 1 drivers
v0x6032dfe6d5c0 .array "mem", 15 0, 7 0;
v0x6032dfe6d680_0 .net "we_a", 0 0, v0x6032dfe6de10_0;  1 drivers
v0x6032dfe6d740_0 .net "we_b", 0 0, v0x6032dfe6dee0_0;  1 drivers
E_0x6032dfe4fbb0 .event posedge, v0x6032dfe6d180_0;
L_0x6032dfe6dfb0 .array/port v0x6032dfe6d5c0, L_0x6032dfe6e0b0;
L_0x6032dfe6e0b0 .concat [ 4 2 0 0], v0x6032dfe6d920_0, L_0x7bf72e89b018;
L_0x6032dfe6e350 .array/port v0x6032dfe6d5c0, L_0x6032dfe6e3f0;
L_0x6032dfe6e3f0 .concat [ 4 2 0 0], v0x6032dfe6da00_0, L_0x7bf72e89b060;
    .scope S_0x6032dfe51390;
T_0 ;
    %wait E_0x6032dfe4fbb0;
    %load/vec4 v0x6032dfe6d680_0;
    %flag_set/vec4 8;
    %jmp/0xz  T_0.0, 8;
    %load/vec4 v0x6032dfe6d240_0;
    %load/vec4 v0x6032dfe6cfc0_0;
    %pad/u 6;
    %ix/vec4 3;
    %ix/load 4, 0, 0; Constant delay
    %assign/vec4/a/d v0x6032dfe6d5c0, 0, 4;
T_0.0 ;
    %load/vec4 v0x6032dfe6d740_0;
    %flag_set/vec4 8;
    %jmp/0xz  T_0.2, 8;
    %load/vec4 v0x6032dfe6d320_0;
    %load/vec4 v0x6032dfe6d0a0_0;
    %pad/u 6;
    %ix/vec4 3;
    %ix/load 4, 0, 0; Constant delay
    %assign/vec4/a/d v0x6032dfe6d5c0, 0, 4;
T_0.2 ;
    %jmp T_0;
    .thread T_0;
    .scope S_0x6032dfe51200;
T_1 ;
    %vpi_call 2 17 "$monitor", "$time=%0t|addr_a=%b|addr_b=%b|din_a=%b|din_b=%b|we_a=%b|we_b=%b|dout_a=%b|dout_b=%b", $time, v0x6032dfe6d920_0, v0x6032dfe6da00_0, v0x6032dfe6dad0_0, v0x6032dfe6dbd0_0, v0x6032dfe6de10_0, v0x6032dfe6dee0_0, v0x6032dfe6dca0_0, v0x6032dfe6dd40_0 {0 0 0};
    %vpi_call 2 18 "$dumpfile", "dualportasynchronousram.vcd" {0 0 0};
    %vpi_call 2 19 "$dumpvars", 32'sb00000000000000000000000000000000, S_0x6032dfe51200 {0 0 0};
    %pushi/vec4 0, 0, 4;
    %store/vec4 v0x6032dfe6d920_0, 0, 4;
    %pushi/vec4 0, 0, 4;
    %store/vec4 v0x6032dfe6da00_0, 0, 4;
    %pushi/vec4 0, 0, 8;
    %store/vec4 v0x6032dfe6dad0_0, 0, 8;
    %pushi/vec4 0, 0, 8;
    %store/vec4 v0x6032dfe6dbd0_0, 0, 8;
    %pushi/vec4 0, 0, 1;
    %store/vec4 v0x6032dfe6de10_0, 0, 1;
    %pushi/vec4 0, 0, 1;
    %store/vec4 v0x6032dfe6dee0_0, 0, 1;
    %delay 10, 0;
    %pushi/vec4 2, 0, 4;
    %store/vec4 v0x6032dfe6d920_0, 0, 4;
    %pushi/vec4 170, 0, 8;
    %store/vec4 v0x6032dfe6dad0_0, 0, 8;
    %pushi/vec4 1, 0, 1;
    %store/vec4 v0x6032dfe6de10_0, 0, 1;
    %delay 10, 0;
    %pushi/vec4 0, 0, 1;
    %store/vec4 v0x6032dfe6de10_0, 0, 1;
    %delay 10, 0;
    %pushi/vec4 2, 0, 4;
    %store/vec4 v0x6032dfe6da00_0, 0, 4;
    %delay 10, 0;
    %pushi/vec4 5, 0, 4;
    %store/vec4 v0x6032dfe6da00_0, 0, 4;
    %pushi/vec4 85, 0, 8;
    %store/vec4 v0x6032dfe6dbd0_0, 0, 8;
    %pushi/vec4 1, 0, 1;
    %store/vec4 v0x6032dfe6dee0_0, 0, 1;
    %delay 10, 0;
    %pushi/vec4 0, 0, 1;
    %store/vec4 v0x6032dfe6dee0_0, 0, 1;
    %delay 10, 0;
    %pushi/vec4 5, 0, 4;
    %store/vec4 v0x6032dfe6d920_0, 0, 4;
    %delay 10, 0;
    %pushi/vec4 7, 0, 4;
    %store/vec4 v0x6032dfe6d920_0, 0, 4;
    %pushi/vec4 17, 0, 8;
    %store/vec4 v0x6032dfe6dad0_0, 0, 8;
    %pushi/vec4 1, 0, 1;
    %store/vec4 v0x6032dfe6de10_0, 0, 1;
    %pushi/vec4 8, 0, 4;
    %store/vec4 v0x6032dfe6da00_0, 0, 4;
    %pushi/vec4 34, 0, 8;
    %store/vec4 v0x6032dfe6dbd0_0, 0, 8;
    %pushi/vec4 1, 0, 1;
    %store/vec4 v0x6032dfe6dee0_0, 0, 1;
    %delay 10, 0;
    %pushi/vec4 0, 0, 1;
    %store/vec4 v0x6032dfe6de10_0, 0, 1;
    %pushi/vec4 0, 0, 1;
    %store/vec4 v0x6032dfe6dee0_0, 0, 1;
    %delay 10, 0;
    %pushi/vec4 7, 0, 4;
    %store/vec4 v0x6032dfe6d920_0, 0, 4;
    %pushi/vec4 8, 0, 4;
    %store/vec4 v0x6032dfe6da00_0, 0, 4;
    %delay 20, 0;
    %vpi_call 2 34 "$finish" {0 0 0};
    %end;
    .thread T_1;
# The file index is used to find the file name in the following table.
:file_names 4;
    "N/A";
    "<interactive>";
    "dualportasynchronousram_tb.v";
    "dualportasynchronousram.v";
