#! /usr/bin/vvp
:ivl_version "12.0 (stable)";
:ivl_delay_selection "TYPICAL";
:vpi_time_precision + 0;
:vpi_module "/usr/lib/x86_64-linux-gnu/ivl/system.vpi";
:vpi_module "/usr/lib/x86_64-linux-gnu/ivl/vhdl_sys.vpi";
:vpi_module "/usr/lib/x86_64-linux-gnu/ivl/vhdl_textio.vpi";
:vpi_module "/usr/lib/x86_64-linux-gnu/ivl/v2005_math.vpi";
:vpi_module "/usr/lib/x86_64-linux-gnu/ivl/va_math.vpi";
S_0x5558f4914aa0 .scope module, "t_ff_tb" "t_ff_tb" 2 1;
 .timescale 0 0;
v0x5558f4927940_0 .net "Q", 0 0, v0x5558f4914e60_0;  1 drivers
v0x5558f4927a10_0 .var "T", 0 0;
v0x5558f4927ae0_0 .var "clk", 0 0;
S_0x5558f4914c30 .scope module, "dut" "t_ff" 2 5, 3 1 0, S_0x5558f4914aa0;
 .timescale 0 0;
    .port_info 0 /INPUT 1 "T";
    .port_info 1 /INPUT 1 "clk";
    .port_info 2 /OUTPUT 1 "Q";
v0x5558f4914e60_0 .var "Q", 0 0;
v0x5558f4927760_0 .net "T", 0 0, v0x5558f4927a10_0;  1 drivers
v0x5558f4927820_0 .net "clk", 0 0, v0x5558f4927ae0_0;  1 drivers
E_0x5558f4914190 .event posedge, v0x5558f4927820_0;
    .scope S_0x5558f4914c30;
T_0 ;
    %wait E_0x5558f4914190;
    %load/vec4 v0x5558f4927760_0;
    %flag_set/vec4 8;
    %jmp/0xz  T_0.0, 8;
    %load/vec4 v0x5558f4914e60_0;
    %inv;
    %assign/vec4 v0x5558f4914e60_0, 0;
    %jmp T_0.1;
T_0.0 ;
    %load/vec4 v0x5558f4914e60_0;
    %assign/vec4 v0x5558f4914e60_0, 0;
T_0.1 ;
    %jmp T_0;
    .thread T_0;
    .scope S_0x5558f4914aa0;
T_1 ;
    %delay 5, 0;
    %load/vec4 v0x5558f4927ae0_0;
    %inv;
    %store/vec4 v0x5558f4927ae0_0, 0, 1;
    %jmp T_1;
    .thread T_1;
    .scope S_0x5558f4914aa0;
T_2 ;
    %vpi_call 2 12 "$monitor", "time=%0t  clk=%b T=%b Q=%b", $time, v0x5558f4927ae0_0, v0x5558f4927a10_0, v0x5558f4927940_0 {0 0 0};
    %vpi_call 2 13 "$dumpfile", "t_ff.vcd" {0 0 0};
    %vpi_call 2 14 "$dumpvars", 32'sb00000000000000000000000000000000, S_0x5558f4914aa0 {0 0 0};
    %pushi/vec4 0, 0, 1;
    %store/vec4 v0x5558f4927ae0_0, 0, 1;
    %pushi/vec4 0, 0, 1;
    %store/vec4 v0x5558f4927a10_0, 0, 1;
    %delay 10, 0;
    %pushi/vec4 1, 0, 1;
    %store/vec4 v0x5558f4927a10_0, 0, 1;
    %delay 20, 0;
    %pushi/vec4 0, 0, 1;
    %store/vec4 v0x5558f4927a10_0, 0, 1;
    %delay 20, 0;
    %pushi/vec4 1, 0, 1;
    %store/vec4 v0x5558f4927a10_0, 0, 1;
    %delay 20, 0;
    %pushi/vec4 1, 0, 1;
    %store/vec4 v0x5558f4927a10_0, 0, 1;
    %delay 20, 0;
    %vpi_call 2 21 "$finish" {0 0 0};
    %end;
    .thread T_2;
# The file index is used to find the file name in the following table.
:file_names 4;
    "N/A";
    "<interactive>";
    "t_ff_tb.v";
    "t_ff.v";
