#! /usr/bin/vvp
:ivl_version "12.0 (stable)";
:ivl_delay_selection "TYPICAL";
:vpi_time_precision + 0;
:vpi_module "/usr/lib/x86_64-linux-gnu/ivl/system.vpi";
:vpi_module "/usr/lib/x86_64-linux-gnu/ivl/vhdl_sys.vpi";
:vpi_module "/usr/lib/x86_64-linux-gnu/ivl/vhdl_textio.vpi";
:vpi_module "/usr/lib/x86_64-linux-gnu/ivl/v2005_math.vpi";
:vpi_module "/usr/lib/x86_64-linux-gnu/ivl/va_math.vpi";
S_0x5f929f3f75c0 .scope module, "overlappingsequence101_tb" "overlappingsequence101_tb" 2 1;
 .timescale 0 0;
v0x5f929f40ecb0_0 .var "clk", 0 0;
v0x5f929f40ed70_0 .var "rst_n", 0 0;
v0x5f929f40ee40_0 .var "x", 0 0;
v0x5f929f40ef40_0 .net "z", 0 0, v0x5f929f40eb70_0;  1 drivers
S_0x5f929f3f7750 .scope module, "dut" "overlappingsequence101" 2 6, 3 1 0, S_0x5f929f3f75c0;
 .timescale 0 0;
    .port_info 0 /INPUT 1 "clk";
    .port_info 1 /INPUT 1 "rst_n";
    .port_info 2 /INPUT 1 "x";
    .port_info 3 /OUTPUT 1 "z";
P_0x5f929f3f78e0 .param/l "A" 0 3 7, C4<0001>;
P_0x5f929f3f7920 .param/l "B" 0 3 8, C4<0010>;
P_0x5f929f3f7960 .param/l "C" 0 3 9, C4<0011>;
v0x5f929f3e1ec0_0 .net "clk", 0 0, v0x5f929f40ecb0_0;  1 drivers
v0x5f929f40e7d0_0 .var "next_state", 3 0;
v0x5f929f40e8b0_0 .net "rst_n", 0 0, v0x5f929f40ed70_0;  1 drivers
v0x5f929f40e980_0 .var "state", 3 0;
v0x5f929f40ea60_0 .net "x", 0 0, v0x5f929f40ee40_0;  1 drivers
v0x5f929f40eb70_0 .var "z", 0 0;
E_0x5f929f3f3c20 .event anyedge, v0x5f929f40e980_0, v0x5f929f40ea60_0;
E_0x5f929f3f3140/0 .event negedge, v0x5f929f40e8b0_0;
E_0x5f929f3f3140/1 .event posedge, v0x5f929f3e1ec0_0;
E_0x5f929f3f3140 .event/or E_0x5f929f3f3140/0, E_0x5f929f3f3140/1;
    .scope S_0x5f929f3f7750;
T_0 ;
    %wait E_0x5f929f3f3140;
    %load/vec4 v0x5f929f40e8b0_0;
    %nor/r;
    %flag_set/vec4 8;
    %jmp/0xz  T_0.0, 8;
    %pushi/vec4 1, 0, 4;
    %assign/vec4 v0x5f929f40e980_0, 0;
    %jmp T_0.1;
T_0.0 ;
    %load/vec4 v0x5f929f40e7d0_0;
    %assign/vec4 v0x5f929f40e980_0, 0;
T_0.1 ;
    %jmp T_0;
    .thread T_0;
    .scope S_0x5f929f3f7750;
T_1 ;
    %wait E_0x5f929f3f3c20;
    %load/vec4 v0x5f929f40e980_0;
    %dup/vec4;
    %pushi/vec4 1, 0, 4;
    %cmp/u;
    %jmp/1 T_1.0, 6;
    %dup/vec4;
    %pushi/vec4 2, 0, 4;
    %cmp/u;
    %jmp/1 T_1.1, 6;
    %dup/vec4;
    %pushi/vec4 3, 0, 4;
    %cmp/u;
    %jmp/1 T_1.2, 6;
    %pushi/vec4 1, 0, 4;
    %store/vec4 v0x5f929f40e7d0_0, 0, 4;
    %jmp T_1.4;
T_1.0 ;
    %load/vec4 v0x5f929f40ea60_0;
    %pad/u 32;
    %cmpi/e 1, 0, 32;
    %jmp/0xz  T_1.5, 4;
    %pushi/vec4 2, 0, 4;
    %store/vec4 v0x5f929f40e7d0_0, 0, 4;
    %jmp T_1.6;
T_1.5 ;
    %pushi/vec4 1, 0, 4;
    %store/vec4 v0x5f929f40e7d0_0, 0, 4;
T_1.6 ;
    %jmp T_1.4;
T_1.1 ;
    %load/vec4 v0x5f929f40ea60_0;
    %pad/u 32;
    %cmpi/e 0, 0, 32;
    %jmp/0xz  T_1.7, 4;
    %pushi/vec4 3, 0, 4;
    %store/vec4 v0x5f929f40e7d0_0, 0, 4;
    %jmp T_1.8;
T_1.7 ;
    %pushi/vec4 2, 0, 4;
    %store/vec4 v0x5f929f40e7d0_0, 0, 4;
T_1.8 ;
    %jmp T_1.4;
T_1.2 ;
    %load/vec4 v0x5f929f40ea60_0;
    %pad/u 32;
    %cmpi/e 1, 0, 32;
    %jmp/0xz  T_1.9, 4;
    %pushi/vec4 2, 0, 4;
    %store/vec4 v0x5f929f40e7d0_0, 0, 4;
    %jmp T_1.10;
T_1.9 ;
    %pushi/vec4 1, 0, 4;
    %store/vec4 v0x5f929f40e7d0_0, 0, 4;
T_1.10 ;
    %jmp T_1.4;
T_1.4 ;
    %pop/vec4 1;
    %jmp T_1;
    .thread T_1, $push;
    .scope S_0x5f929f3f7750;
T_2 ;
    %wait E_0x5f929f3f3c20;
    %load/vec4 v0x5f929f40e980_0;
    %cmpi/e 3, 0, 4;
    %flag_get/vec4 4;
    %jmp/0 T_2.2, 4;
    %load/vec4 v0x5f929f40ea60_0;
    %pad/u 32;
    %pushi/vec4 1, 0, 32;
    %cmp/e;
    %flag_get/vec4 4;
    %and;
T_2.2;
    %flag_set/vec4 8;
    %jmp/0xz  T_2.0, 8;
    %pushi/vec4 1, 0, 1;
    %store/vec4 v0x5f929f40eb70_0, 0, 1;
    %jmp T_2.1;
T_2.0 ;
    %pushi/vec4 0, 0, 1;
    %store/vec4 v0x5f929f40eb70_0, 0, 1;
T_2.1 ;
    %jmp T_2;
    .thread T_2, $push;
    .scope S_0x5f929f3f75c0;
T_3 ;
    %delay 5, 0;
    %load/vec4 v0x5f929f40ecb0_0;
    %inv;
    %store/vec4 v0x5f929f40ecb0_0, 0, 1;
    %jmp T_3;
    .thread T_3;
    .scope S_0x5f929f3f75c0;
T_4 ;
    %vpi_call 2 14 "$monitor", "$time=%0t | x=%b | z=%b", $time, v0x5f929f40ee40_0, v0x5f929f40ef40_0 {0 0 0};
    %vpi_call 2 15 "$dumpfile", "overlappingsequence101.vcd" {0 0 0};
    %vpi_call 2 16 "$dumpvars", 32'sb00000000000000000000000000000000, S_0x5f929f3f75c0 {0 0 0};
    %pushi/vec4 0, 0, 1;
    %store/vec4 v0x5f929f40ecb0_0, 0, 1;
    %pushi/vec4 0, 0, 1;
    %store/vec4 v0x5f929f40ed70_0, 0, 1;
    %pushi/vec4 0, 0, 1;
    %store/vec4 v0x5f929f40ee40_0, 0, 1;
    %delay 12, 0;
    %pushi/vec4 1, 0, 1;
    %store/vec4 v0x5f929f40ed70_0, 0, 1;
    %delay 10, 0;
    %pushi/vec4 1, 0, 1;
    %store/vec4 v0x5f929f40ee40_0, 0, 1;
    %delay 10, 0;
    %pushi/vec4 0, 0, 1;
    %store/vec4 v0x5f929f40ee40_0, 0, 1;
    %delay 10, 0;
    %pushi/vec4 1, 0, 1;
    %store/vec4 v0x5f929f40ee40_0, 0, 1;
    %delay 10, 0;
    %pushi/vec4 0, 0, 1;
    %store/vec4 v0x5f929f40ee40_0, 0, 1;
    %delay 10, 0;
    %pushi/vec4 1, 0, 1;
    %store/vec4 v0x5f929f40ee40_0, 0, 1;
    %delay 10, 0;
    %pushi/vec4 1, 0, 1;
    %store/vec4 v0x5f929f40ee40_0, 0, 1;
    %delay 10, 0;
    %pushi/vec4 0, 0, 1;
    %store/vec4 v0x5f929f40ee40_0, 0, 1;
    %delay 10, 0;
    %pushi/vec4 1, 0, 1;
    %store/vec4 v0x5f929f40ee40_0, 0, 1;
    %delay 20, 0;
    %vpi_call 2 30 "$finish" {0 0 0};
    %end;
    .thread T_4;
# The file index is used to find the file name in the following table.
:file_names 4;
    "N/A";
    "<interactive>";
    "overlappingsequence101_tb.v";
    "overlappingsequence101.v";
