#! /usr/bin/vvp
:ivl_version "12.0 (stable)";
:ivl_delay_selection "TYPICAL";
:vpi_time_precision + 0;
:vpi_module "/usr/lib/x86_64-linux-gnu/ivl/system.vpi";
:vpi_module "/usr/lib/x86_64-linux-gnu/ivl/vhdl_sys.vpi";
:vpi_module "/usr/lib/x86_64-linux-gnu/ivl/vhdl_textio.vpi";
:vpi_module "/usr/lib/x86_64-linux-gnu/ivl/v2005_math.vpi";
:vpi_module "/usr/lib/x86_64-linux-gnu/ivl/va_math.vpi";
S_0x631040da46e0 .scope module, "replication_operator_tb" "replication_operator_tb" 2 1;
 .timescale 0 0;
v0x631040db5a20_0 .var "a", 1 0;
v0x631040db5ae0_0 .net "y", 5 0, L_0x631040db5bb0;  1 drivers
S_0x631040da4870 .scope module, "dut" "replication_operator" 2 4, 3 1 0, S_0x631040da46e0;
 .timescale 0 0;
    .port_info 0 /INPUT 2 "a";
    .port_info 1 /OUTPUT 6 "y";
v0x631040da4a50_0 .net "a", 1 0, v0x631040db5a20_0;  1 drivers
v0x631040db58e0_0 .net "y", 5 0, L_0x631040db5bb0;  alias, 1 drivers
L_0x631040db5bb0 .concat [ 2 2 2 0], v0x631040db5a20_0, v0x631040db5a20_0, v0x631040db5a20_0;
    .scope S_0x631040da46e0;
T_0 ;
    %vpi_call 2 9 "$monitor", "$time=%0t | a=%b | y=%b", $time, v0x631040db5a20_0, v0x631040db5ae0_0 {0 0 0};
    %vpi_call 2 10 "$dumpfile", "replication_operator.vcd" {0 0 0};
    %vpi_call 2 11 "$dumpvars", 32'sb00000000000000000000000000000000, S_0x631040da46e0 {0 0 0};
    %pushi/vec4 2, 0, 2;
    %store/vec4 v0x631040db5a20_0, 0, 2;
    %delay 10, 0;
    %vpi_call 2 13 "$finish" {0 0 0};
    %end;
    .thread T_0;
# The file index is used to find the file name in the following table.
:file_names 4;
    "N/A";
    "<interactive>";
    "replication_operator_tb.v";
    "replication_operator.v";
