#! /usr/bin/vvp
:ivl_version "12.0 (stable)";
:ivl_delay_selection "TYPICAL";
:vpi_time_precision + 0;
:vpi_module "/usr/lib/x86_64-linux-gnu/ivl/system.vpi";
:vpi_module "/usr/lib/x86_64-linux-gnu/ivl/vhdl_sys.vpi";
:vpi_module "/usr/lib/x86_64-linux-gnu/ivl/vhdl_textio.vpi";
:vpi_module "/usr/lib/x86_64-linux-gnu/ivl/v2005_math.vpi";
:vpi_module "/usr/lib/x86_64-linux-gnu/ivl/va_math.vpi";
S_0x557280640a70 .scope module, "bitwise_operator_tb" "bitwise_operator_tb" 2 1;
 .timescale 0 0;
v0x557280655f30_0 .var "a", 3 0;
v0x557280656010_0 .net "and_o", 3 0, L_0x557280656410;  1 drivers
v0x5572806560b0_0 .var "b", 3 0;
v0x557280656180_0 .net "not_o", 3 0, L_0x557280656730;  1 drivers
v0x557280656250_0 .net "or_o", 3 0, L_0x557280656570;  1 drivers
v0x557280656340_0 .net "xor_o", 3 0, L_0x557280656650;  1 drivers
S_0x557280640c00 .scope module, "dut" "bitwise_operator" 2 5, 3 1 0, S_0x557280640a70;
 .timescale 0 0;
    .port_info 0 /INPUT 4 "a";
    .port_info 1 /INPUT 4 "b";
    .port_info 2 /OUTPUT 4 "and_o";
    .port_info 3 /OUTPUT 4 "or_o";
    .port_info 4 /OUTPUT 4 "not_o";
    .port_info 5 /OUTPUT 4 "xor_o";
L_0x557280656410 .functor AND 4, v0x557280655f30_0, v0x5572806560b0_0, C4<1111>, C4<1111>;
L_0x557280656570 .functor OR 4, v0x557280655f30_0, v0x5572806560b0_0, C4<0000>, C4<0000>;
L_0x557280656650 .functor XOR 4, v0x557280655f30_0, v0x5572806560b0_0, C4<0000>, C4<0000>;
L_0x557280656730 .functor NOT 4, v0x557280655f30_0, C4<0000>, C4<0000>, C4<0000>;
v0x557280630c30_0 .net "a", 3 0, v0x557280655f30_0;  1 drivers
v0x5572806559e0_0 .net "and_o", 3 0, L_0x557280656410;  alias, 1 drivers
v0x557280655ac0_0 .net "b", 3 0, v0x5572806560b0_0;  1 drivers
v0x557280655b80_0 .net "not_o", 3 0, L_0x557280656730;  alias, 1 drivers
v0x557280655c60_0 .net "or_o", 3 0, L_0x557280656570;  alias, 1 drivers
v0x557280655d90_0 .net "xor_o", 3 0, L_0x557280656650;  alias, 1 drivers
    .scope S_0x557280640a70;
T_0 ;
    %vpi_call 2 14 "$monitor", "$time=%0t|a=%b|b=%b| AND =%b| OR=%b| XOR=%b,NOT=%b", $time, v0x557280655f30_0, v0x5572806560b0_0, v0x557280656010_0, v0x557280656250_0, v0x557280656340_0, v0x557280656180_0 {0 0 0};
    %vpi_call 2 15 "$dumpfile", "bitwise_operator.vcd" {0 0 0};
    %vpi_call 2 16 "$dumpvars", 32'sb00000000000000000000000000000000, S_0x557280640a70 {0 0 0};
    %pushi/vec4 10, 0, 4;
    %store/vec4 v0x557280655f30_0, 0, 4;
    %pushi/vec4 12, 0, 4;
    %store/vec4 v0x5572806560b0_0, 0, 4;
    %delay 10, 0;
    %vpi_call 2 18 "$display", "a=%b b=%b", v0x557280655f30_0, v0x5572806560b0_0 {0 0 0};
    %vpi_call 2 19 "$display", "AND = %b", v0x557280656010_0 {0 0 0};
    %vpi_call 2 20 "$display", "OR  = %b", v0x557280656250_0 {0 0 0};
    %vpi_call 2 21 "$display", "XOR = %b", v0x557280656340_0 {0 0 0};
    %vpi_call 2 22 "$display", "NOT = %b", v0x557280656180_0 {0 0 0};
    %vpi_call 2 23 "$finish" {0 0 0};
    %end;
    .thread T_0;
# The file index is used to find the file name in the following table.
:file_names 4;
    "N/A";
    "<interactive>";
    "bitwise_operator_tb.v";
    "bitwise_operator.v";
