#! /usr/bin/vvp
:ivl_version "12.0 (stable)";
:ivl_delay_selection "TYPICAL";
:vpi_time_precision + 0;
:vpi_module "/usr/lib/x86_64-linux-gnu/ivl/system.vpi";
:vpi_module "/usr/lib/x86_64-linux-gnu/ivl/vhdl_sys.vpi";
:vpi_module "/usr/lib/x86_64-linux-gnu/ivl/vhdl_textio.vpi";
:vpi_module "/usr/lib/x86_64-linux-gnu/ivl/v2005_math.vpi";
:vpi_module "/usr/lib/x86_64-linux-gnu/ivl/va_math.vpi";
S_0x63e000d7f0f0 .scope module, "bcdtoxs3_tb" "bcdtoxs3_tb" 2 1;
 .timescale 0 0;
v0x63e000da6370_0 .var "bcd", 3 0;
v0x63e000da6460_0 .net "xs3", 3 0, L_0x63e000da6560;  1 drivers
S_0x63e000d92630 .scope module, "dut" "bcdtoxs3" 2 4, 3 1 0, S_0x63e000d7f0f0;
 .timescale 0 0;
    .port_info 0 /INPUT 4 "bcd";
    .port_info 1 /OUTPUT 4 "xs3";
L_0x734c38d86018 .functor BUFT 1, C4<0011>, C4<0>, C4<0>, C4<0>;
v0x63e000d92810_0 .net/2u *"_ivl_0", 3 0, L_0x734c38d86018;  1 drivers
v0x63e000da6170_0 .net "bcd", 3 0, v0x63e000da6370_0;  1 drivers
v0x63e000da6250_0 .net "xs3", 3 0, L_0x63e000da6560;  alias, 1 drivers
L_0x63e000da6560 .arith/sum 4, v0x63e000da6370_0, L_0x734c38d86018;
    .scope S_0x63e000d7f0f0;
T_0 ;
    %vpi_call 2 9 "$dumpfile", "bcdtoxs3.vcd" {0 0 0};
    %vpi_call 2 10 "$dumpvars", 32'sb00000000000000000000000000000000, S_0x63e000d7f0f0 {0 0 0};
    %vpi_call 2 11 "$monitor", "t=%0t | BCD=%b (%0d) | XS3=%b", $time, v0x63e000da6370_0, v0x63e000da6370_0, v0x63e000da6460_0 {0 0 0};
    %pushi/vec4 0, 0, 4;
    %store/vec4 v0x63e000da6370_0, 0, 4;
    %delay 10, 0;
    %pushi/vec4 1, 0, 4;
    %store/vec4 v0x63e000da6370_0, 0, 4;
    %delay 10, 0;
    %pushi/vec4 2, 0, 4;
    %store/vec4 v0x63e000da6370_0, 0, 4;
    %delay 10, 0;
    %pushi/vec4 3, 0, 4;
    %store/vec4 v0x63e000da6370_0, 0, 4;
    %delay 10, 0;
    %pushi/vec4 4, 0, 4;
    %store/vec4 v0x63e000da6370_0, 0, 4;
    %delay 10, 0;
    %pushi/vec4 5, 0, 4;
    %store/vec4 v0x63e000da6370_0, 0, 4;
    %delay 10, 0;
    %pushi/vec4 6, 0, 4;
    %store/vec4 v0x63e000da6370_0, 0, 4;
    %delay 10, 0;
    %pushi/vec4 7, 0, 4;
    %store/vec4 v0x63e000da6370_0, 0, 4;
    %delay 10, 0;
    %pushi/vec4 8, 0, 4;
    %store/vec4 v0x63e000da6370_0, 0, 4;
    %delay 10, 0;
    %pushi/vec4 9, 0, 4;
    %store/vec4 v0x63e000da6370_0, 0, 4;
    %delay 10, 0;
    %pushi/vec4 10, 0, 4;
    %store/vec4 v0x63e000da6370_0, 0, 4;
    %delay 10, 0;
    %vpi_call 2 23 "$finish" {0 0 0};
    %end;
    .thread T_0;
# The file index is used to find the file name in the following table.
:file_names 4;
    "N/A";
    "<interactive>";
    "bcdtoxs3_tb.v";
    "bcdtoxs3.v";
