#! /usr/bin/vvp
:ivl_version "12.0 (stable)";
:ivl_delay_selection "TYPICAL";
:vpi_time_precision + 0;
:vpi_module "/usr/lib/x86_64-linux-gnu/ivl/system.vpi";
:vpi_module "/usr/lib/x86_64-linux-gnu/ivl/vhdl_sys.vpi";
:vpi_module "/usr/lib/x86_64-linux-gnu/ivl/vhdl_textio.vpi";
:vpi_module "/usr/lib/x86_64-linux-gnu/ivl/v2005_math.vpi";
:vpi_module "/usr/lib/x86_64-linux-gnu/ivl/va_math.vpi";
S_0x55a111a0f570 .scope module, "two_input_io_tb" "two_input_io_tb" 2 1;
 .timescale 0 0;
v0x55a111a21040_0 .var "a", 1 0;
v0x55a111a21100_0 .net "y", 1 0, L_0x55a111a211d0;  1 drivers
S_0x55a111a0f700 .scope module, "dut" "two_input_io" 2 5, 3 1 0, S_0x55a111a0f570;
 .timescale 0 0;
    .port_info 0 /INPUT 2 "a";
    .port_info 1 /OUTPUT 2 "y";
L_0x55a111a211d0 .functor BUFZ 2, v0x55a111a21040_0, C4<00>, C4<00>, C4<00>;
v0x55a111a0f8e0_0 .net "a", 1 0, v0x55a111a21040_0;  1 drivers
v0x55a111a20f00_0 .net "y", 1 0, L_0x55a111a211d0;  alias, 1 drivers
    .scope S_0x55a111a0f570;
T_0 ;
    %vpi_call 2 10 "$monitor", "$time=%0t|a=%b y=%b", $time, v0x55a111a21040_0, v0x55a111a21100_0 {0 0 0};
    %vpi_call 2 12 "$dumpfile", "two_input_io.vcd" {0 0 0};
    %vpi_call 2 13 "$dumpvars", 32'sb00000000000000000000000000000000, S_0x55a111a0f570 {0 0 0};
    %pushi/vec4 0, 0, 2;
    %store/vec4 v0x55a111a21040_0, 0, 2;
    %delay 10, 0;
    %pushi/vec4 1, 0, 2;
    %store/vec4 v0x55a111a21040_0, 0, 2;
    %delay 10, 0;
    %pushi/vec4 2, 0, 2;
    %store/vec4 v0x55a111a21040_0, 0, 2;
    %delay 10, 0;
    %pushi/vec4 3, 0, 2;
    %store/vec4 v0x55a111a21040_0, 0, 2;
    %delay 10, 0;
    %vpi_call 2 18 "$finish" {0 0 0};
    %end;
    .thread T_0;
# The file index is used to find the file name in the following table.
:file_names 4;
    "N/A";
    "<interactive>";
    "two_input_io_tb.v";
    "two_input_io.v";
