#! /usr/bin/vvp
:ivl_version "12.0 (stable)";
:ivl_delay_selection "TYPICAL";
:vpi_time_precision + 0;
:vpi_module "/usr/lib/x86_64-linux-gnu/ivl/system.vpi";
:vpi_module "/usr/lib/x86_64-linux-gnu/ivl/vhdl_sys.vpi";
:vpi_module "/usr/lib/x86_64-linux-gnu/ivl/vhdl_textio.vpi";
:vpi_module "/usr/lib/x86_64-linux-gnu/ivl/v2005_math.vpi";
:vpi_module "/usr/lib/x86_64-linux-gnu/ivl/va_math.vpi";
S_0x618252b63990 .scope module, "jk_flipflop_tb" "jk_flipflop_tb" 2 1;
 .timescale 0 0;
v0x618252b786b0_0 .var "J", 0 0;
v0x618252b78770_0 .var "K", 0 0;
v0x618252b78840_0 .net "Q", 0 0, v0x618252b783a0_0;  1 drivers
v0x618252b78940_0 .net "Qbar", 0 0, L_0x618252b78b00;  1 drivers
v0x618252b78a10_0 .var "clk", 0 0;
S_0x618252b63b20 .scope module, "dut" "jk_flipflop" 2 4, 3 1 0, S_0x618252b63990;
 .timescale 0 0;
    .port_info 0 /INPUT 1 "J";
    .port_info 1 /INPUT 1 "K";
    .port_info 2 /INPUT 1 "clk";
    .port_info 3 /OUTPUT 1 "Q";
    .port_info 4 /OUTPUT 1 "Qbar";
L_0x618252b78b00 .functor NOT 1, v0x618252b783a0_0, C4<0>, C4<0>, C4<0>;
v0x618252b63d00_0 .net "J", 0 0, v0x618252b786b0_0;  1 drivers
v0x618252b782e0_0 .net "K", 0 0, v0x618252b78770_0;  1 drivers
v0x618252b783a0_0 .var "Q", 0 0;
v0x618252b78440_0 .net "Qbar", 0 0, L_0x618252b78b00;  alias, 1 drivers
v0x618252b78500_0 .net "clk", 0 0, v0x618252b78a10_0;  1 drivers
E_0x618252b61ed0 .event posedge, v0x618252b78500_0;
    .scope S_0x618252b63b20;
T_0 ;
    %wait E_0x618252b61ed0;
    %load/vec4 v0x618252b63d00_0;
    %load/vec4 v0x618252b782e0_0;
    %concat/vec4; draw_concat_vec4
    %dup/vec4;
    %pushi/vec4 0, 0, 2;
    %cmp/u;
    %jmp/1 T_0.0, 6;
    %dup/vec4;
    %pushi/vec4 1, 0, 2;
    %cmp/u;
    %jmp/1 T_0.1, 6;
    %dup/vec4;
    %pushi/vec4 2, 0, 2;
    %cmp/u;
    %jmp/1 T_0.2, 6;
    %dup/vec4;
    %pushi/vec4 3, 0, 2;
    %cmp/u;
    %jmp/1 T_0.3, 6;
    %jmp T_0.4;
T_0.0 ;
    %load/vec4 v0x618252b783a0_0;
    %assign/vec4 v0x618252b783a0_0, 0;
    %jmp T_0.4;
T_0.1 ;
    %pushi/vec4 0, 0, 1;
    %assign/vec4 v0x618252b783a0_0, 0;
    %jmp T_0.4;
T_0.2 ;
    %pushi/vec4 1, 0, 1;
    %assign/vec4 v0x618252b783a0_0, 0;
    %jmp T_0.4;
T_0.3 ;
    %load/vec4 v0x618252b783a0_0;
    %inv;
    %assign/vec4 v0x618252b783a0_0, 0;
    %jmp T_0.4;
T_0.4 ;
    %pop/vec4 1;
    %jmp T_0;
    .thread T_0;
    .scope S_0x618252b63990;
T_1 ;
    %delay 10, 0;
    %load/vec4 v0x618252b78a10_0;
    %inv;
    %store/vec4 v0x618252b78a10_0, 0, 1;
    %jmp T_1;
    .thread T_1;
    .scope S_0x618252b63990;
T_2 ;
    %vpi_call 2 13 "$monitor", "T=%0t | J=%b K=%b | Q=%b Qbar=%b", $time, v0x618252b786b0_0, v0x618252b78770_0, v0x618252b78840_0, v0x618252b78940_0 {0 0 0};
    %vpi_call 2 14 "$dumpfile", "jk_flipflop.vcd" {0 0 0};
    %vpi_call 2 15 "$dumpvars", 32'sb00000000000000000000000000000000, S_0x618252b63990 {0 0 0};
    %pushi/vec4 0, 0, 1;
    %store/vec4 v0x618252b78a10_0, 0, 1;
    %pushi/vec4 0, 0, 1;
    %store/vec4 v0x618252b786b0_0, 0, 1;
    %pushi/vec4 0, 0, 1;
    %store/vec4 v0x618252b78770_0, 0, 1;
    %delay 10, 0;
    %pushi/vec4 0, 0, 1;
    %store/vec4 v0x618252b786b0_0, 0, 1;
    %pushi/vec4 1, 0, 1;
    %store/vec4 v0x618252b78770_0, 0, 1;
    %delay 10, 0;
    %pushi/vec4 1, 0, 1;
    %store/vec4 v0x618252b786b0_0, 0, 1;
    %pushi/vec4 0, 0, 1;
    %store/vec4 v0x618252b78770_0, 0, 1;
    %delay 10, 0;
    %pushi/vec4 1, 0, 1;
    %store/vec4 v0x618252b786b0_0, 0, 1;
    %pushi/vec4 1, 0, 1;
    %store/vec4 v0x618252b78770_0, 0, 1;
    %delay 10, 0;
    %vpi_call 2 21 "$finish" {0 0 0};
    %end;
    .thread T_2;
# The file index is used to find the file name in the following table.
:file_names 4;
    "N/A";
    "<interactive>";
    "jk_flipflop_tb.v";
    "jk_flipflop.v";
