#! /usr/bin/vvp
:ivl_version "12.0 (stable)";
:ivl_delay_selection "TYPICAL";
:vpi_time_precision + 0;
:vpi_module "/usr/lib/x86_64-linux-gnu/ivl/system.vpi";
:vpi_module "/usr/lib/x86_64-linux-gnu/ivl/vhdl_sys.vpi";
:vpi_module "/usr/lib/x86_64-linux-gnu/ivl/vhdl_textio.vpi";
:vpi_module "/usr/lib/x86_64-linux-gnu/ivl/v2005_math.vpi";
:vpi_module "/usr/lib/x86_64-linux-gnu/ivl/va_math.vpi";
S_0x5ab7c8713cc0 .scope module, "equality_operator_tb" "equality_operator_tb" 2 1;
 .timescale 0 0;
v0x5ab7c8726320_0 .var "a", 3 0;
v0x5ab7c8726400_0 .var "b", 3 0;
v0x5ab7c87264d0_0 .net "eq", 0 0, L_0x5ab7c87266a0;  1 drivers
v0x5ab7c87265d0_0 .net "neq", 0 0, L_0x5ab7c8726830;  1 drivers
S_0x5ab7c8713e50 .scope module, "dut" "equality_operator" 2 4, 3 1 0, S_0x5ab7c8713cc0;
 .timescale 0 0;
    .port_info 0 /INPUT 4 "a";
    .port_info 1 /INPUT 4 "b";
    .port_info 2 /OUTPUT 1 "eq";
    .port_info 3 /OUTPUT 1 "neq";
v0x5ab7c87140a0_0 .net "a", 3 0, v0x5ab7c8726320_0;  1 drivers
v0x5ab7c8726060_0 .net "b", 3 0, v0x5ab7c8726400_0;  1 drivers
v0x5ab7c8726140_0 .net "eq", 0 0, L_0x5ab7c87266a0;  alias, 1 drivers
v0x5ab7c87261e0_0 .net "neq", 0 0, L_0x5ab7c8726830;  alias, 1 drivers
L_0x5ab7c87266a0 .cmp/eq 4, v0x5ab7c8726320_0, v0x5ab7c8726400_0;
L_0x5ab7c8726830 .cmp/ne 4, v0x5ab7c8726320_0, v0x5ab7c8726400_0;
    .scope S_0x5ab7c8713cc0;
T_0 ;
    %vpi_call 2 11 "$monitor", $time, " a=%b b=%b | eq=%b neq=%b", v0x5ab7c8726320_0, v0x5ab7c8726400_0, v0x5ab7c87264d0_0, v0x5ab7c87265d0_0 {0 0 0};
    %vpi_call 2 12 "$dumpfile", "equality_operator.vcd" {0 0 0};
    %vpi_call 2 13 "$dumpvars", 32'sb00000000000000000000000000000000, S_0x5ab7c8713cc0 {0 0 0};
    %pushi/vec4 4, 0, 4;
    %store/vec4 v0x5ab7c8726320_0, 0, 4;
    %pushi/vec4 4, 0, 4;
    %store/vec4 v0x5ab7c8726400_0, 0, 4;
    %delay 10, 0;
    %vpi_call 2 15 "$finish" {0 0 0};
    %end;
    .thread T_0;
# The file index is used to find the file name in the following table.
:file_names 4;
    "N/A";
    "<interactive>";
    "equality_operator_tb.v";
    "equality_operator.v";
