#! /usr/bin/vvp
:ivl_version "12.0 (stable)";
:ivl_delay_selection "TYPICAL";
:vpi_time_precision + 0;
:vpi_module "/usr/lib/x86_64-linux-gnu/ivl/system.vpi";
:vpi_module "/usr/lib/x86_64-linux-gnu/ivl/vhdl_sys.vpi";
:vpi_module "/usr/lib/x86_64-linux-gnu/ivl/vhdl_textio.vpi";
:vpi_module "/usr/lib/x86_64-linux-gnu/ivl/v2005_math.vpi";
:vpi_module "/usr/lib/x86_64-linux-gnu/ivl/va_math.vpi";
S_0x5568e3dd1970 .scope module, "sr_flipflop_tb" "sr_flipflop_tb" 2 1;
 .timescale 0 0;
v0x5568e3de7690_0 .net "Q", 0 0, v0x5568e3dd1ce0_0;  1 drivers
v0x5568e3de7750_0 .net "Qbar", 0 0, L_0x5568e3de7ae0;  1 drivers
v0x5568e3de7820_0 .var "R", 0 0;
v0x5568e3de7920_0 .var "S", 0 0;
v0x5568e3de79f0_0 .var "clk", 0 0;
S_0x5568e3dd1b00 .scope module, "dut" "sr_flipflop" 2 4, 3 1 0, S_0x5568e3dd1970;
 .timescale 0 0;
    .port_info 0 /INPUT 1 "S";
    .port_info 1 /INPUT 1 "R";
    .port_info 2 /INPUT 1 "clk";
    .port_info 3 /OUTPUT 1 "Q";
    .port_info 4 /OUTPUT 1 "Qbar";
L_0x5568e3de7ae0 .functor NOT 1, v0x5568e3dd1ce0_0, C4<0>, C4<0>, C4<0>;
v0x5568e3dd1ce0_0 .var "Q", 0 0;
v0x5568e3de72c0_0 .net "Qbar", 0 0, L_0x5568e3de7ae0;  alias, 1 drivers
v0x5568e3de7380_0 .net "R", 0 0, v0x5568e3de7820_0;  1 drivers
v0x5568e3de7420_0 .net "S", 0 0, v0x5568e3de7920_0;  1 drivers
v0x5568e3de74e0_0 .net "clk", 0 0, v0x5568e3de79f0_0;  1 drivers
E_0x5568e3dd0640 .event posedge, v0x5568e3de74e0_0;
    .scope S_0x5568e3dd1b00;
T_0 ;
    %wait E_0x5568e3dd0640;
    %load/vec4 v0x5568e3de7420_0;
    %load/vec4 v0x5568e3de7380_0;
    %concat/vec4; draw_concat_vec4
    %dup/vec4;
    %pushi/vec4 0, 0, 2;
    %cmp/u;
    %jmp/1 T_0.0, 6;
    %dup/vec4;
    %pushi/vec4 1, 0, 2;
    %cmp/u;
    %jmp/1 T_0.1, 6;
    %dup/vec4;
    %pushi/vec4 2, 0, 2;
    %cmp/u;
    %jmp/1 T_0.2, 6;
    %dup/vec4;
    %pushi/vec4 3, 0, 2;
    %cmp/u;
    %jmp/1 T_0.3, 6;
    %jmp T_0.4;
T_0.0 ;
    %load/vec4 v0x5568e3dd1ce0_0;
    %assign/vec4 v0x5568e3dd1ce0_0, 0;
    %jmp T_0.4;
T_0.1 ;
    %pushi/vec4 0, 0, 1;
    %assign/vec4 v0x5568e3dd1ce0_0, 0;
    %jmp T_0.4;
T_0.2 ;
    %pushi/vec4 1, 0, 1;
    %assign/vec4 v0x5568e3dd1ce0_0, 0;
    %jmp T_0.4;
T_0.3 ;
    %pushi/vec4 1, 1, 1;
    %assign/vec4 v0x5568e3dd1ce0_0, 0;
    %jmp T_0.4;
T_0.4 ;
    %pop/vec4 1;
    %jmp T_0;
    .thread T_0;
    .scope S_0x5568e3dd1970;
T_1 ;
    %delay 5, 0;
    %load/vec4 v0x5568e3de79f0_0;
    %inv;
    %store/vec4 v0x5568e3de79f0_0, 0, 1;
    %jmp T_1;
    .thread T_1;
    .scope S_0x5568e3dd1970;
T_2 ;
    %vpi_call 2 13 "$monitor", "Time=%0t | S=%b R=%b | Q=%b Qbar=%b", $time, v0x5568e3de7920_0, v0x5568e3de7820_0, v0x5568e3de7690_0, v0x5568e3de7750_0 {0 0 0};
    %vpi_call 2 14 "$dumpfile", "sr_flipflop.vcd" {0 0 0};
    %vpi_call 2 15 "$dumpvars", 32'sb00000000000000000000000000000000, S_0x5568e3dd1970 {0 0 0};
    %pushi/vec4 0, 0, 1;
    %store/vec4 v0x5568e3de79f0_0, 0, 1;
    %pushi/vec4 0, 0, 1;
    %store/vec4 v0x5568e3de7920_0, 0, 1;
    %pushi/vec4 0, 0, 1;
    %store/vec4 v0x5568e3de7820_0, 0, 1;
    %delay 10, 0;
    %pushi/vec4 1, 0, 1;
    %store/vec4 v0x5568e3de7920_0, 0, 1;
    %pushi/vec4 0, 0, 1;
    %store/vec4 v0x5568e3de7820_0, 0, 1;
    %delay 10, 0;
    %pushi/vec4 0, 0, 1;
    %store/vec4 v0x5568e3de7920_0, 0, 1;
    %pushi/vec4 0, 0, 1;
    %store/vec4 v0x5568e3de7820_0, 0, 1;
    %delay 10, 0;
    %pushi/vec4 0, 0, 1;
    %store/vec4 v0x5568e3de7920_0, 0, 1;
    %pushi/vec4 1, 0, 1;
    %store/vec4 v0x5568e3de7820_0, 0, 1;
    %delay 10, 0;
    %pushi/vec4 0, 0, 1;
    %store/vec4 v0x5568e3de7920_0, 0, 1;
    %pushi/vec4 0, 0, 1;
    %store/vec4 v0x5568e3de7820_0, 0, 1;
    %delay 10, 0;
    %pushi/vec4 1, 0, 1;
    %store/vec4 v0x5568e3de7920_0, 0, 1;
    %pushi/vec4 1, 0, 1;
    %store/vec4 v0x5568e3de7820_0, 0, 1;
    %delay 10, 0;
    %pushi/vec4 0, 0, 1;
    %store/vec4 v0x5568e3de7920_0, 0, 1;
    %pushi/vec4 0, 0, 1;
    %store/vec4 v0x5568e3de7820_0, 0, 1;
    %delay 20, 0;
    %vpi_call 2 24 "$finish" {0 0 0};
    %end;
    .thread T_2;
# The file index is used to find the file name in the following table.
:file_names 4;
    "N/A";
    "<interactive>";
    "sr_flipflop_tb.v";
    "sr_flipflop.v";
