#! /usr/bin/vvp
:ivl_version "12.0 (stable)";
:ivl_delay_selection "TYPICAL";
:vpi_time_precision + 0;
:vpi_module "/usr/lib/x86_64-linux-gnu/ivl/system.vpi";
:vpi_module "/usr/lib/x86_64-linux-gnu/ivl/vhdl_sys.vpi";
:vpi_module "/usr/lib/x86_64-linux-gnu/ivl/vhdl_textio.vpi";
:vpi_module "/usr/lib/x86_64-linux-gnu/ivl/v2005_math.vpi";
:vpi_module "/usr/lib/x86_64-linux-gnu/ivl/va_math.vpi";
S_0x6261321c9ad0 .scope module, "swap_nonblocking_tb" "swap_nonblocking_tb" 2 1;
 .timescale 0 0;
v0x6261321dd2b0_0 .net "a", 3 0, v0x6261321c9eb0_0;  1 drivers
v0x6261321dd390_0 .net "b", 3 0, v0x6261321dcf90_0;  1 drivers
v0x6261321dd460_0 .var "clk", 0 0;
v0x6261321dd560_0 .var "rst", 0 0;
S_0x6261321c9c60 .scope module, "dut" "swap_nonblocking" 2 6, 3 1 0, S_0x6261321c9ad0;
 .timescale 0 0;
    .port_info 0 /INPUT 1 "clk";
    .port_info 1 /INPUT 1 "rst";
    .port_info 2 /OUTPUT 4 "a";
    .port_info 3 /OUTPUT 4 "b";
v0x6261321c9eb0_0 .var "a", 3 0;
v0x6261321dcf90_0 .var "b", 3 0;
v0x6261321dd070_0 .net "clk", 0 0, v0x6261321dd460_0;  1 drivers
v0x6261321dd140_0 .net "rst", 0 0, v0x6261321dd560_0;  1 drivers
E_0x6261321c8760 .event posedge, v0x6261321dd140_0, v0x6261321dd070_0;
    .scope S_0x6261321c9c60;
T_0 ;
    %wait E_0x6261321c8760;
    %load/vec4 v0x6261321dd140_0;
    %flag_set/vec4 8;
    %jmp/0xz  T_0.0, 8;
    %pushi/vec4 5, 0, 4;
    %assign/vec4 v0x6261321c9eb0_0, 0;
    %pushi/vec4 10, 0, 4;
    %assign/vec4 v0x6261321dcf90_0, 0;
    %jmp T_0.1;
T_0.0 ;
    %load/vec4 v0x6261321dcf90_0;
    %assign/vec4 v0x6261321c9eb0_0, 0;
    %load/vec4 v0x6261321c9eb0_0;
    %assign/vec4 v0x6261321dcf90_0, 0;
T_0.1 ;
    %jmp T_0;
    .thread T_0;
    .scope S_0x6261321c9ad0;
T_1 ;
    %delay 5, 0;
    %load/vec4 v0x6261321dd460_0;
    %inv;
    %store/vec4 v0x6261321dd460_0, 0, 1;
    %jmp T_1;
    .thread T_1;
    .scope S_0x6261321c9ad0;
T_2 ;
    %vpi_call 2 14 "$dumpfile", "swap_nonblocking.vcd" {0 0 0};
    %vpi_call 2 15 "$dumpvars", 32'sb00000000000000000000000000000000, S_0x6261321c9ad0 {0 0 0};
    %vpi_call 2 16 "$monitor", "t=%0t | clk=%b rst=%b a=%d b=%d", $time, v0x6261321dd460_0, v0x6261321dd560_0, v0x6261321dd2b0_0, v0x6261321dd390_0 {0 0 0};
    %pushi/vec4 0, 0, 1;
    %store/vec4 v0x6261321dd460_0, 0, 1;
    %pushi/vec4 1, 0, 1;
    %store/vec4 v0x6261321dd560_0, 0, 1;
    %delay 10, 0;
    %pushi/vec4 0, 0, 1;
    %store/vec4 v0x6261321dd560_0, 0, 1;
    %delay 50, 0;
    %vpi_call 2 20 "$finish" {0 0 0};
    %end;
    .thread T_2;
# The file index is used to find the file name in the following table.
:file_names 4;
    "N/A";
    "<interactive>";
    "swap_nonblocking_tb.v";
    "swap_nonblocking.v";
