#! /usr/bin/vvp
:ivl_version "12.0 (stable)";
:ivl_delay_selection "TYPICAL";
:vpi_time_precision + 0;
:vpi_module "/usr/lib/x86_64-linux-gnu/ivl/system.vpi";
:vpi_module "/usr/lib/x86_64-linux-gnu/ivl/vhdl_sys.vpi";
:vpi_module "/usr/lib/x86_64-linux-gnu/ivl/vhdl_textio.vpi";
:vpi_module "/usr/lib/x86_64-linux-gnu/ivl/v2005_math.vpi";
:vpi_module "/usr/lib/x86_64-linux-gnu/ivl/va_math.vpi";
S_0x64809fcf8c80 .scope module, "onescomplement_tb" "onescomplement_tb" 2 1;
 .timescale 0 0;
v0x64809fd0bbb0_0 .var "a", 7 0;
v0x64809fd0bca0_0 .net "y", 7 0, v0x64809fd0ba90_0;  1 drivers
S_0x64809fcf8e10 .scope module, "dut" "onescomplement" 2 5, 3 1 0, S_0x64809fcf8c80;
 .timescale 0 0;
    .port_info 0 /INPUT 8 "a";
    .port_info 1 /OUTPUT 8 "y";
v0x64809fcf8ff0_0 .net "a", 7 0, v0x64809fd0bbb0_0;  1 drivers
v0x64809fd0b9b0_0 .var/i "i", 31 0;
v0x64809fd0ba90_0 .var "y", 7 0;
E_0x64809fcf6e00 .event anyedge, v0x64809fcf8ff0_0;
    .scope S_0x64809fcf8e10;
T_0 ;
    %wait E_0x64809fcf6e00;
    %pushi/vec4 0, 0, 32;
    %store/vec4 v0x64809fd0b9b0_0, 0, 32;
T_0.0 ;
    %load/vec4 v0x64809fd0b9b0_0;
    %cmpi/s 8, 0, 32;
    %jmp/0xz T_0.1, 5;
    %load/vec4 v0x64809fcf8ff0_0;
    %load/vec4 v0x64809fd0b9b0_0;
    %part/s 1;
    %dup/vec4;
    %pushi/vec4 0, 0, 1;
    %cmp/u;
    %jmp/1 T_0.2, 6;
    %dup/vec4;
    %pushi/vec4 1, 0, 1;
    %cmp/u;
    %jmp/1 T_0.3, 6;
    %pushi/vec4 1, 1, 1;
    %ix/getv/s 4, v0x64809fd0b9b0_0;
    %store/vec4 v0x64809fd0ba90_0, 4, 1;
    %jmp T_0.5;
T_0.2 ;
    %pushi/vec4 1, 0, 1;
    %ix/getv/s 4, v0x64809fd0b9b0_0;
    %store/vec4 v0x64809fd0ba90_0, 4, 1;
    %jmp T_0.5;
T_0.3 ;
    %pushi/vec4 0, 0, 1;
    %ix/getv/s 4, v0x64809fd0b9b0_0;
    %store/vec4 v0x64809fd0ba90_0, 4, 1;
    %jmp T_0.5;
T_0.5 ;
    %pop/vec4 1;
    %load/vec4 v0x64809fd0b9b0_0;
    %addi 1, 0, 32;
    %store/vec4 v0x64809fd0b9b0_0, 0, 32;
    %jmp T_0.0;
T_0.1 ;
    %jmp T_0;
    .thread T_0, $push;
    .scope S_0x64809fcf8c80;
T_1 ;
    %vpi_call 2 10 "$monitor", "time=%0t|a=%b|y=%b", $time, v0x64809fd0bbb0_0, v0x64809fd0bca0_0 {0 0 0};
    %vpi_call 2 11 "$dumpfile", "onescomplement.vcd" {0 0 0};
    %vpi_call 2 12 "$dumpvars", 32'sb00000000000000000000000000000000, S_0x64809fcf8c80 {0 0 0};
    %pushi/vec4 0, 0, 8;
    %store/vec4 v0x64809fd0bbb0_0, 0, 8;
    %delay 10, 0;
    %pushi/vec4 255, 0, 8;
    %store/vec4 v0x64809fd0bbb0_0, 0, 8;
    %delay 10, 0;
    %pushi/vec4 170, 0, 8;
    %store/vec4 v0x64809fd0bbb0_0, 0, 8;
    %delay 10, 0;
    %pushi/vec4 170, 32, 8;
    %store/vec4 v0x64809fd0bbb0_0, 0, 8;
    %delay 10, 0;
    %pushi/vec4 138, 32, 8;
    %store/vec4 v0x64809fd0bbb0_0, 0, 8;
    %delay 10, 0;
    %vpi_call 2 18 "$finish" {0 0 0};
    %end;
    .thread T_1;
# The file index is used to find the file name in the following table.
:file_names 4;
    "N/A";
    "<interactive>";
    "onescomplement_tb.v";
    "onescomplement.v";
