#! /usr/bin/vvp
:ivl_version "12.0 (stable)";
:ivl_delay_selection "TYPICAL";
:vpi_time_precision + 0;
:vpi_module "/usr/lib/x86_64-linux-gnu/ivl/system.vpi";
:vpi_module "/usr/lib/x86_64-linux-gnu/ivl/vhdl_sys.vpi";
:vpi_module "/usr/lib/x86_64-linux-gnu/ivl/vhdl_textio.vpi";
:vpi_module "/usr/lib/x86_64-linux-gnu/ivl/v2005_math.vpi";
:vpi_module "/usr/lib/x86_64-linux-gnu/ivl/va_math.vpi";
S_0x5c00fd78eac0 .scope module, "bit4comparator_tb" "bit4comparator_tb" 2 1;
 .timescale 0 0;
v0x5c00fd7a4980_0 .var "A", 3 0;
v0x5c00fd7a4a60_0 .var "B", 3 0;
v0x5c00fd7a4b00_0 .net "equal", 0 0, v0x5c00fd7a4670_0;  1 drivers
v0x5c00fd7a4c00_0 .net "greater", 0 0, v0x5c00fd7a4710_0;  1 drivers
v0x5c00fd7a4cd0_0 .net "lesser", 0 0, v0x5c00fd7a47d0_0;  1 drivers
S_0x5c00fd78ec50 .scope module, "dut" "bit4comparator" 2 4, 3 1 0, S_0x5c00fd78eac0;
 .timescale 0 0;
    .port_info 0 /INPUT 4 "A";
    .port_info 1 /INPUT 4 "B";
    .port_info 2 /OUTPUT 1 "greater";
    .port_info 3 /OUTPUT 1 "lesser";
    .port_info 4 /OUTPUT 1 "equal";
v0x5c00fd78ee30_0 .net "A", 3 0, v0x5c00fd7a4980_0;  1 drivers
v0x5c00fd7a4590_0 .net "B", 3 0, v0x5c00fd7a4a60_0;  1 drivers
v0x5c00fd7a4670_0 .var "equal", 0 0;
v0x5c00fd7a4710_0 .var "greater", 0 0;
v0x5c00fd7a47d0_0 .var "lesser", 0 0;
E_0x5c00fd78cb60 .event anyedge, v0x5c00fd78ee30_0, v0x5c00fd7a4590_0;
    .scope S_0x5c00fd78ec50;
T_0 ;
    %wait E_0x5c00fd78cb60;
    %load/vec4 v0x5c00fd7a4590_0;
    %load/vec4 v0x5c00fd78ee30_0;
    %cmp/u;
    %jmp/0xz  T_0.0, 5;
    %pushi/vec4 1, 0, 1;
    %store/vec4 v0x5c00fd7a4710_0, 0, 1;
    %pushi/vec4 0, 0, 1;
    %store/vec4 v0x5c00fd7a47d0_0, 0, 1;
    %pushi/vec4 0, 0, 1;
    %store/vec4 v0x5c00fd7a4670_0, 0, 1;
    %jmp T_0.1;
T_0.0 ;
    %load/vec4 v0x5c00fd78ee30_0;
    %load/vec4 v0x5c00fd7a4590_0;
    %cmp/u;
    %jmp/0xz  T_0.2, 5;
    %pushi/vec4 0, 0, 1;
    %store/vec4 v0x5c00fd7a4710_0, 0, 1;
    %pushi/vec4 1, 0, 1;
    %store/vec4 v0x5c00fd7a47d0_0, 0, 1;
    %pushi/vec4 0, 0, 1;
    %store/vec4 v0x5c00fd7a4670_0, 0, 1;
    %jmp T_0.3;
T_0.2 ;
    %pushi/vec4 0, 0, 1;
    %store/vec4 v0x5c00fd7a4710_0, 0, 1;
    %pushi/vec4 0, 0, 1;
    %store/vec4 v0x5c00fd7a47d0_0, 0, 1;
    %pushi/vec4 1, 0, 1;
    %store/vec4 v0x5c00fd7a4670_0, 0, 1;
T_0.3 ;
T_0.1 ;
    %jmp T_0;
    .thread T_0, $push;
    .scope S_0x5c00fd78eac0;
T_1 ;
    %vpi_call 2 12 "$dumpfile", "bit4comparator.vcd" {0 0 0};
    %vpi_call 2 13 "$dumpvars", 32'sb00000000000000000000000000000000, S_0x5c00fd78eac0 {0 0 0};
    %pushi/vec4 3, 0, 4;
    %store/vec4 v0x5c00fd7a4980_0, 0, 4;
    %pushi/vec4 5, 0, 4;
    %store/vec4 v0x5c00fd7a4a60_0, 0, 4;
    %delay 10, 0;
    %pushi/vec4 9, 0, 4;
    %store/vec4 v0x5c00fd7a4980_0, 0, 4;
    %pushi/vec4 2, 0, 4;
    %store/vec4 v0x5c00fd7a4a60_0, 0, 4;
    %delay 10, 0;
    %pushi/vec4 7, 0, 4;
    %store/vec4 v0x5c00fd7a4980_0, 0, 4;
    %pushi/vec4 7, 0, 4;
    %store/vec4 v0x5c00fd7a4a60_0, 0, 4;
    %delay 10, 0;
    %pushi/vec4 0, 0, 4;
    %store/vec4 v0x5c00fd7a4980_0, 0, 4;
    %pushi/vec4 15, 0, 4;
    %store/vec4 v0x5c00fd7a4a60_0, 0, 4;
    %delay 10, 0;
    %pushi/vec4 15, 0, 4;
    %store/vec4 v0x5c00fd7a4980_0, 0, 4;
    %pushi/vec4 0, 0, 4;
    %store/vec4 v0x5c00fd7a4a60_0, 0, 4;
    %delay 10, 0;
    %vpi_call 2 19 "$finish" {0 0 0};
    %end;
    .thread T_1;
    .scope S_0x5c00fd78eac0;
T_2 ;
    %vpi_call 2 22 "$monitor", "time=%0t | A=%d | B=%d | greater=%b lesser=%b equal=%b", $time, v0x5c00fd7a4980_0, v0x5c00fd7a4a60_0, v0x5c00fd7a4c00_0, v0x5c00fd7a4cd0_0, v0x5c00fd7a4b00_0 {0 0 0};
    %end;
    .thread T_2;
# The file index is used to find the file name in the following table.
:file_names 4;
    "N/A";
    "<interactive>";
    "bit4comparator_tb.v";
    "bit4comparator.v";
