#! /usr/bin/vvp
:ivl_version "12.0 (stable)";
:ivl_delay_selection "TYPICAL";
:vpi_time_precision + 0;
:vpi_module "/usr/lib/x86_64-linux-gnu/ivl/system.vpi";
:vpi_module "/usr/lib/x86_64-linux-gnu/ivl/vhdl_sys.vpi";
:vpi_module "/usr/lib/x86_64-linux-gnu/ivl/vhdl_textio.vpi";
:vpi_module "/usr/lib/x86_64-linux-gnu/ivl/v2005_math.vpi";
:vpi_module "/usr/lib/x86_64-linux-gnu/ivl/va_math.vpi";
S_0x5ccc4da33170 .scope module, "pipo_tb" "pipo_tb" 2 1;
 .timescale 0 0;
v0x5ccc4da46ff0_0 .var "clk", 0 0;
v0x5ccc4da470b0_0 .var "parallel_in", 3 0;
v0x5ccc4da47180_0 .net "parallel_out", 3 0, v0x5ccc4da46d90_0;  1 drivers
v0x5ccc4da47280_0 .var "rst", 0 0;
S_0x5ccc4da33300 .scope module, "dut" "pipo" 2 6, 3 1 0, S_0x5ccc4da33170;
 .timescale 0 0;
    .port_info 0 /INPUT 1 "clk";
    .port_info 1 /INPUT 1 "rst";
    .port_info 2 /INPUT 4 "parallel_in";
    .port_info 3 /OUTPUT 4 "parallel_out";
v0x5ccc4da33550_0 .net "clk", 0 0, v0x5ccc4da46ff0_0;  1 drivers
v0x5ccc4da46cb0_0 .net "parallel_in", 3 0, v0x5ccc4da470b0_0;  1 drivers
v0x5ccc4da46d90_0 .var "parallel_out", 3 0;
v0x5ccc4da46e80_0 .net "rst", 0 0, v0x5ccc4da47280_0;  1 drivers
E_0x5ccc4da322e0 .event posedge, v0x5ccc4da46e80_0, v0x5ccc4da33550_0;
    .scope S_0x5ccc4da33300;
T_0 ;
    %wait E_0x5ccc4da322e0;
    %load/vec4 v0x5ccc4da46e80_0;
    %flag_set/vec4 8;
    %jmp/0xz  T_0.0, 8;
    %pushi/vec4 0, 0, 4;
    %assign/vec4 v0x5ccc4da46d90_0, 0;
    %jmp T_0.1;
T_0.0 ;
    %load/vec4 v0x5ccc4da46cb0_0;
    %assign/vec4 v0x5ccc4da46d90_0, 0;
T_0.1 ;
    %jmp T_0;
    .thread T_0;
    .scope S_0x5ccc4da33170;
T_1 ;
    %delay 5, 0;
    %load/vec4 v0x5ccc4da46ff0_0;
    %inv;
    %store/vec4 v0x5ccc4da46ff0_0, 0, 1;
    %jmp T_1;
    .thread T_1;
    .scope S_0x5ccc4da33170;
T_2 ;
    %vpi_call 2 14 "$monitor", "$time=%0t| clk=%b| rst=%b| parallel_in| parallel_out", $time, v0x5ccc4da46ff0_0, v0x5ccc4da47280_0, v0x5ccc4da470b0_0, v0x5ccc4da47180_0 {0 0 0};
    %vpi_call 2 15 "$dumpfile", "pipo.vcd" {0 0 0};
    %vpi_call 2 16 "$dumpvars", 32'sb00000000000000000000000000000000, S_0x5ccc4da33170 {0 0 0};
    %pushi/vec4 0, 0, 1;
    %store/vec4 v0x5ccc4da46ff0_0, 0, 1;
    %pushi/vec4 1, 0, 1;
    %store/vec4 v0x5ccc4da47280_0, 0, 1;
    %pushi/vec4 0, 0, 4;
    %store/vec4 v0x5ccc4da470b0_0, 0, 4;
    %delay 10, 0;
    %pushi/vec4 0, 0, 1;
    %store/vec4 v0x5ccc4da47280_0, 0, 1;
    %delay 10, 0;
    %pushi/vec4 10, 0, 4;
    %store/vec4 v0x5ccc4da470b0_0, 0, 4;
    %delay 10, 0;
    %pushi/vec4 15, 0, 4;
    %store/vec4 v0x5ccc4da470b0_0, 0, 4;
    %delay 10, 0;
    %pushi/vec4 5, 0, 4;
    %store/vec4 v0x5ccc4da470b0_0, 0, 4;
    %delay 20, 0;
    %vpi_call 2 24 "$finish" {0 0 0};
    %end;
    .thread T_2;
# The file index is used to find the file name in the following table.
:file_names 4;
    "N/A";
    "<interactive>";
    "pipo_tb.v";
    "pipo.v";
