#! /usr/bin/vvp
:ivl_version "12.0 (stable)";
:ivl_delay_selection "TYPICAL";
:vpi_time_precision + 0;
:vpi_module "/usr/lib/x86_64-linux-gnu/ivl/system.vpi";
:vpi_module "/usr/lib/x86_64-linux-gnu/ivl/vhdl_sys.vpi";
:vpi_module "/usr/lib/x86_64-linux-gnu/ivl/vhdl_textio.vpi";
:vpi_module "/usr/lib/x86_64-linux-gnu/ivl/v2005_math.vpi";
:vpi_module "/usr/lib/x86_64-linux-gnu/ivl/va_math.vpi";
S_0x6213d65a9b30 .scope module, "singleportasynchronousram_tb" "singleportasynchronousram_tb" 2 1;
 .timescale 0 0;
v0x6213d65bfe00_0 .var "addr", 3 0;
v0x6213d65bfee0_0 .var "din", 7 0;
v0x6213d65bffb0_0 .net "dout", 7 0, L_0x6213d65c03c0;  1 drivers
v0x6213d65c00b0_0 .var "we", 0 0;
S_0x6213d65a9cc0 .scope module, "dut" "singleportasynchronousram" 2 6, 3 1 0, S_0x6213d65a9b30;
 .timescale 0 0;
    .port_info 0 /INPUT 1 "clk";
    .port_info 1 /INPUT 1 "we";
    .port_info 2 /INPUT 4 "addr";
    .port_info 3 /INPUT 8 "din";
    .port_info 4 /OUTPUT 8 "dout";
L_0x6213d65c03c0 .functor BUFZ 8, L_0x6213d65c0180, C4<00000000>, C4<00000000>, C4<00000000>;
v0x6213d65a9ea0_0 .net *"_ivl_0", 7 0, L_0x6213d65c0180;  1 drivers
v0x6213d65bf660_0 .net *"_ivl_2", 5 0, L_0x6213d65c0280;  1 drivers
L_0x700356527018 .functor BUFT 1, C4<00>, C4<0>, C4<0>, C4<0>;
v0x6213d65bf740_0 .net *"_ivl_5", 1 0, L_0x700356527018;  1 drivers
v0x6213d65bf830_0 .net "addr", 3 0, v0x6213d65bfe00_0;  1 drivers
o0x7003565700d8 .functor BUFZ 1, C4<z>; HiZ drive
v0x6213d65bf910_0 .net "clk", 0 0, o0x7003565700d8;  0 drivers
v0x6213d65bfa20_0 .net "din", 7 0, v0x6213d65bfee0_0;  1 drivers
v0x6213d65bfb00_0 .net "dout", 7 0, L_0x6213d65c03c0;  alias, 1 drivers
v0x6213d65bfbe0 .array "mem", 15 0, 7 0;
v0x6213d65bfca0_0 .net "we", 0 0, v0x6213d65c00b0_0;  1 drivers
E_0x6213d65a8bf0 .event anyedge, v0x6213d65bfca0_0, v0x6213d65bfa20_0, v0x6213d65bf830_0;
L_0x6213d65c0180 .array/port v0x6213d65bfbe0, L_0x6213d65c0280;
L_0x6213d65c0280 .concat [ 4 2 0 0], v0x6213d65bfe00_0, L_0x700356527018;
    .scope S_0x6213d65a9cc0;
T_0 ;
    %wait E_0x6213d65a8bf0;
    %load/vec4 v0x6213d65bfca0_0;
    %flag_set/vec4 8;
    %jmp/0xz  T_0.0, 8;
    %load/vec4 v0x6213d65bfa20_0;
    %load/vec4 v0x6213d65bf830_0;
    %pad/u 6;
    %ix/vec4 3;
    %ix/load 4, 0, 0; Constant delay
    %assign/vec4/a/d v0x6213d65bfbe0, 0, 4;
T_0.0 ;
    %jmp T_0;
    .thread T_0, $push;
    .scope S_0x6213d65a9b30;
T_1 ;
    %vpi_call 2 13 "$monitor", "$time=%0t | we=%b | addr=%b | din=%h | dout=%h", $time, v0x6213d65c00b0_0, v0x6213d65bfe00_0, v0x6213d65bfee0_0, v0x6213d65bffb0_0 {0 0 0};
    %vpi_call 2 14 "$dumpfile", "singleportasynchronousram.vcd" {0 0 0};
    %vpi_call 2 15 "$dumpvars", 32'sb00000000000000000000000000000000, S_0x6213d65a9b30 {0 0 0};
    %pushi/vec4 0, 0, 1;
    %store/vec4 v0x6213d65c00b0_0, 0, 1;
    %pushi/vec4 0, 0, 4;
    %store/vec4 v0x6213d65bfe00_0, 0, 4;
    %pushi/vec4 0, 0, 8;
    %store/vec4 v0x6213d65bfee0_0, 0, 8;
    %delay 5, 0;
    %pushi/vec4 1, 0, 1;
    %store/vec4 v0x6213d65c00b0_0, 0, 1;
    %pushi/vec4 2, 0, 4;
    %store/vec4 v0x6213d65bfe00_0, 0, 4;
    %pushi/vec4 170, 0, 8;
    %store/vec4 v0x6213d65bfee0_0, 0, 8;
    %delay 5, 0;
    %pushi/vec4 1, 0, 1;
    %store/vec4 v0x6213d65c00b0_0, 0, 1;
    %pushi/vec4 4, 0, 4;
    %store/vec4 v0x6213d65bfe00_0, 0, 4;
    %pushi/vec4 85, 0, 8;
    %store/vec4 v0x6213d65bfee0_0, 0, 8;
    %delay 5, 0;
    %pushi/vec4 0, 0, 1;
    %store/vec4 v0x6213d65c00b0_0, 0, 1;
    %pushi/vec4 2, 0, 4;
    %store/vec4 v0x6213d65bfe00_0, 0, 4;
    %delay 5, 0;
    %pushi/vec4 4, 0, 4;
    %store/vec4 v0x6213d65bfe00_0, 0, 4;
    %delay 10, 0;
    %vpi_call 2 21 "$finish" {0 0 0};
    %end;
    .thread T_1;
# The file index is used to find the file name in the following table.
:file_names 4;
    "N/A";
    "<interactive>";
    "singleportasynchronousram_tb.v";
    "singleportasynchronousram.v";
