#! /usr/bin/vvp
:ivl_version "12.0 (stable)";
:ivl_delay_selection "TYPICAL";
:vpi_time_precision + 0;
:vpi_module "/usr/lib/x86_64-linux-gnu/ivl/system.vpi";
:vpi_module "/usr/lib/x86_64-linux-gnu/ivl/vhdl_sys.vpi";
:vpi_module "/usr/lib/x86_64-linux-gnu/ivl/vhdl_textio.vpi";
:vpi_module "/usr/lib/x86_64-linux-gnu/ivl/v2005_math.vpi";
:vpi_module "/usr/lib/x86_64-linux-gnu/ivl/va_math.vpi";
S_0x5bb2ceedbce0 .scope module, "mux2to1_tristate_tb" "mux2to1_tristate_tb" 2 1;
 .timescale 0 0;
v0x5bb2ceef2db0_0 .var "a", 0 0;
v0x5bb2ceef2e70_0 .var "b", 0 0;
v0x5bb2ceef2f10_0 .var "s", 0 0;
RS_0x7f7950293288 .resolv tri, L_0x5bb2cef03350, L_0x5bb2cef03740;
v0x5bb2ceef2fb0_0 .net8 "y", 0 0, RS_0x7f7950293288;  2 drivers
S_0x5bb2ceedbe70 .scope module, "dut" "mux2to1_tristate" 2 5, 3 1 0, S_0x5bb2ceedbce0;
 .timescale 0 0;
    .port_info 0 /INPUT 1 "a";
    .port_info 1 /INPUT 1 "b";
    .port_info 2 /INPUT 1 "s";
    .port_info 3 /OUTPUT 1 "y";
v0x5bb2ceeca6d0_0 .net *"_ivl_0", 31 0, L_0x5bb2ceef3080;  1 drivers
v0x5bb2ceec8ed0_0 .net *"_ivl_12", 31 0, L_0x5bb2cef034e0;  1 drivers
L_0x7f795024a0a8 .functor BUFT 1, C4<0000000000000000000000000000000>, C4<0>, C4<0>, C4<0>;
v0x5bb2ceef2340_0 .net *"_ivl_15", 30 0, L_0x7f795024a0a8;  1 drivers
L_0x7f795024a0f0 .functor BUFT 1, C4<00000000000000000000000000000001>, C4<0>, C4<0>, C4<0>;
v0x5bb2ceef2400_0 .net/2u *"_ivl_16", 31 0, L_0x7f795024a0f0;  1 drivers
v0x5bb2ceef24e0_0 .net *"_ivl_18", 0 0, L_0x5bb2cef03600;  1 drivers
o0x7f7950293108 .functor BUFZ 1, C4<z>; HiZ drive
; Elide local net with no drivers, v0x5bb2ceef25f0_0 name=_ivl_20
L_0x7f795024a018 .functor BUFT 1, C4<0000000000000000000000000000000>, C4<0>, C4<0>, C4<0>;
v0x5bb2ceef26d0_0 .net *"_ivl_3", 30 0, L_0x7f795024a018;  1 drivers
L_0x7f795024a060 .functor BUFT 1, C4<00000000000000000000000000000000>, C4<0>, C4<0>, C4<0>;
v0x5bb2ceef27b0_0 .net/2u *"_ivl_4", 31 0, L_0x7f795024a060;  1 drivers
v0x5bb2ceef2890_0 .net *"_ivl_6", 0 0, L_0x5bb2cef031e0;  1 drivers
o0x7f79502931c8 .functor BUFZ 1, C4<z>; HiZ drive
; Elide local net with no drivers, v0x5bb2ceef2950_0 name=_ivl_8
v0x5bb2ceef2a30_0 .net "a", 0 0, v0x5bb2ceef2db0_0;  1 drivers
v0x5bb2ceef2af0_0 .net "b", 0 0, v0x5bb2ceef2e70_0;  1 drivers
v0x5bb2ceef2bb0_0 .net "s", 0 0, v0x5bb2ceef2f10_0;  1 drivers
v0x5bb2ceef2c70_0 .net8 "y", 0 0, RS_0x7f7950293288;  alias, 2 drivers
L_0x5bb2ceef3080 .concat [ 1 31 0 0], v0x5bb2ceef2f10_0, L_0x7f795024a018;
L_0x5bb2cef031e0 .cmp/eq 32, L_0x5bb2ceef3080, L_0x7f795024a060;
L_0x5bb2cef03350 .functor MUXZ 1, o0x7f79502931c8, v0x5bb2ceef2db0_0, L_0x5bb2cef031e0, C4<>;
L_0x5bb2cef034e0 .concat [ 1 31 0 0], v0x5bb2ceef2f10_0, L_0x7f795024a0a8;
L_0x5bb2cef03600 .cmp/eq 32, L_0x5bb2cef034e0, L_0x7f795024a0f0;
L_0x5bb2cef03740 .functor MUXZ 1, o0x7f7950293108, v0x5bb2ceef2e70_0, L_0x5bb2cef03600, C4<>;
    .scope S_0x5bb2ceedbce0;
T_0 ;
    %vpi_call 2 12 "$monitor", "$time=%0t|a=%b|b=%b|s=%b|y=%b", $time, v0x5bb2ceef2db0_0, v0x5bb2ceef2e70_0, v0x5bb2ceef2f10_0, v0x5bb2ceef2fb0_0 {0 0 0};
    %vpi_call 2 13 "$dumpfile", "mux2to1_tristate.vcd" {0 0 0};
    %vpi_call 2 14 "$dumpvars", 32'sb00000000000000000000000000000000, S_0x5bb2ceedbce0 {0 0 0};
    %pushi/vec4 0, 0, 1;
    %store/vec4 v0x5bb2ceef2db0_0, 0, 1;
    %pushi/vec4 1, 0, 1;
    %store/vec4 v0x5bb2ceef2e70_0, 0, 1;
    %pushi/vec4 0, 0, 1;
    %store/vec4 v0x5bb2ceef2f10_0, 0, 1;
    %delay 10, 0;
    %pushi/vec4 1, 0, 1;
    %store/vec4 v0x5bb2ceef2db0_0, 0, 1;
    %pushi/vec4 0, 0, 1;
    %store/vec4 v0x5bb2ceef2e70_0, 0, 1;
    %pushi/vec4 0, 0, 1;
    %store/vec4 v0x5bb2ceef2f10_0, 0, 1;
    %delay 10, 0;
    %pushi/vec4 0, 0, 1;
    %store/vec4 v0x5bb2ceef2db0_0, 0, 1;
    %pushi/vec4 1, 0, 1;
    %store/vec4 v0x5bb2ceef2e70_0, 0, 1;
    %pushi/vec4 1, 0, 1;
    %store/vec4 v0x5bb2ceef2f10_0, 0, 1;
    %delay 10, 0;
    %pushi/vec4 1, 0, 1;
    %store/vec4 v0x5bb2ceef2db0_0, 0, 1;
    %pushi/vec4 0, 0, 1;
    %store/vec4 v0x5bb2ceef2e70_0, 0, 1;
    %pushi/vec4 1, 0, 1;
    %store/vec4 v0x5bb2ceef2f10_0, 0, 1;
    %delay 10, 0;
    %vpi_call 2 19 "$finish" {0 0 0};
    %end;
    .thread T_0;
# The file index is used to find the file name in the following table.
:file_names 4;
    "N/A";
    "<interactive>";
    "mux2to1_tristate_tb.v";
    "mux2to1_tristate.v";
