#! /usr/bin/vvp
:ivl_version "12.0 (stable)";
:ivl_delay_selection "TYPICAL";
:vpi_time_precision + 0;
:vpi_module "/usr/lib/x86_64-linux-gnu/ivl/system.vpi";
:vpi_module "/usr/lib/x86_64-linux-gnu/ivl/vhdl_sys.vpi";
:vpi_module "/usr/lib/x86_64-linux-gnu/ivl/vhdl_textio.vpi";
:vpi_module "/usr/lib/x86_64-linux-gnu/ivl/v2005_math.vpi";
:vpi_module "/usr/lib/x86_64-linux-gnu/ivl/va_math.vpi";
S_0x599b2c21af20 .scope module, "logical_operator_tb" "logical_operator_tb" 2 1;
 .timescale 0 0;
v0x599b2c22de80_0 .var "a", 0 0;
v0x599b2c22df40_0 .net "and_l", 0 0, L_0x599b2c22e270;  1 drivers
v0x599b2c22dfe0_0 .var "b", 0 0;
v0x599b2c22e0b0_0 .net "not_l", 0 0, L_0x599b2c22e490;  1 drivers
v0x599b2c22e180_0 .net "or_l", 0 0, L_0x599b2c22e3d0;  1 drivers
S_0x599b2c21b0b0 .scope module, "dut" "logical_operator" 2 5, 3 1 0, S_0x599b2c21af20;
 .timescale 0 0;
    .port_info 0 /INPUT 1 "a";
    .port_info 1 /INPUT 1 "b";
    .port_info 2 /OUTPUT 1 "and_l";
    .port_info 3 /OUTPUT 1 "or_l";
    .port_info 4 /OUTPUT 1 "not_l";
L_0x599b2c22e270 .functor AND 1, v0x599b2c22de80_0, v0x599b2c22dfe0_0, C4<1>, C4<1>;
L_0x599b2c22e3d0 .functor OR 1, v0x599b2c22de80_0, v0x599b2c22dfe0_0, C4<0>, C4<0>;
v0x599b2c21b290_0 .net "a", 0 0, v0x599b2c22de80_0;  1 drivers
v0x599b2c22dab0_0 .net "and_l", 0 0, L_0x599b2c22e270;  alias, 1 drivers
v0x599b2c22db70_0 .net "b", 0 0, v0x599b2c22dfe0_0;  1 drivers
v0x599b2c22dc10_0 .net "not_l", 0 0, L_0x599b2c22e490;  alias, 1 drivers
v0x599b2c22dcd0_0 .net "or_l", 0 0, L_0x599b2c22e3d0;  alias, 1 drivers
L_0x599b2c22e490 .reduce/nor v0x599b2c22de80_0;
    .scope S_0x599b2c21af20;
T_0 ;
    %vpi_call 2 13 "$monitor", $time, "a=%b b=%b | AND=%b OR=%b NOT=%b", v0x599b2c22de80_0, v0x599b2c22dfe0_0, v0x599b2c22df40_0, v0x599b2c22e180_0, v0x599b2c22e0b0_0 {0 0 0};
    %vpi_call 2 14 "$dumpfile", "logical_operator.vcd" {0 0 0};
    %vpi_call 2 15 "$dumpvars", 32'sb00000000000000000000000000000000, S_0x599b2c21af20 {0 0 0};
    %pushi/vec4 1, 0, 1;
    %store/vec4 v0x599b2c22de80_0, 0, 1;
    %pushi/vec4 0, 0, 1;
    %store/vec4 v0x599b2c22dfe0_0, 0, 1;
    %delay 10, 0;
    %vpi_call 2 17 "$finish" {0 0 0};
    %end;
    .thread T_0;
# The file index is used to find the file name in the following table.
:file_names 4;
    "N/A";
    "<interactive>";
    "logical_operator_tb.v";
    "logical_operator.v";
