#! /usr/bin/vvp
:ivl_version "12.0 (stable)";
:ivl_delay_selection "TYPICAL";
:vpi_time_precision + 0;
:vpi_module "/usr/lib/x86_64-linux-gnu/ivl/system.vpi";
:vpi_module "/usr/lib/x86_64-linux-gnu/ivl/vhdl_sys.vpi";
:vpi_module "/usr/lib/x86_64-linux-gnu/ivl/vhdl_textio.vpi";
:vpi_module "/usr/lib/x86_64-linux-gnu/ivl/v2005_math.vpi";
:vpi_module "/usr/lib/x86_64-linux-gnu/ivl/va_math.vpi";
S_0x62aef1863160 .scope module, "swap_blocking" "swap_blocking" 2 1;
 .timescale 0 0;
v0x62aef18634c0_0 .var "a", 3 0;
v0x62aef18761a0_0 .var "b", 3 0;
v0x62aef1876280_0 .var "temp", 3 0;
S_0x62aef1863310 .scope module, "swap_blocking_tb" "swap_blocking_tb" 3 1;
 .timescale 0 0;
v0x62aef1876340_0 .var "a", 3 0;
v0x62aef1876440_0 .var "b", 3 0;
v0x62aef1876520_0 .var "temp", 3 0;
    .scope S_0x62aef1863160;
T_0 ;
    %pushi/vec4 5, 0, 4;
    %store/vec4 v0x62aef18634c0_0, 0, 4;
    %pushi/vec4 9, 0, 4;
    %store/vec4 v0x62aef18761a0_0, 0, 4;
    %load/vec4 v0x62aef18634c0_0;
    %store/vec4 v0x62aef1876280_0, 0, 4;
    %load/vec4 v0x62aef18761a0_0;
    %store/vec4 v0x62aef18634c0_0, 0, 4;
    %load/vec4 v0x62aef1876280_0;
    %store/vec4 v0x62aef18761a0_0, 0, 4;
    %vpi_call 2 10 "$display", "a=%d b=%d", v0x62aef18634c0_0, v0x62aef18761a0_0 {0 0 0};
    %end;
    .thread T_0;
    .scope S_0x62aef1863310;
T_1 ;
    %vpi_call 3 5 "$monitor", "$time=%0t|a=%b|b=%b|", $time, v0x62aef1876340_0, v0x62aef1876440_0 {0 0 0};
    %vpi_call 3 6 "$dumpfile", "swap_blocking.vcd" {0 0 0};
    %vpi_call 3 7 "$dumpvars", 32'sb00000000000000000000000000000000, S_0x62aef1863310 {0 0 0};
    %pushi/vec4 5, 0, 4;
    %store/vec4 v0x62aef1876340_0, 0, 4;
    %pushi/vec4 9, 0, 4;
    %store/vec4 v0x62aef1876440_0, 0, 4;
    %vpi_call 3 10 "$display", "Before swap: a=%d b=%d", v0x62aef1876340_0, v0x62aef1876440_0 {0 0 0};
    %load/vec4 v0x62aef1876340_0;
    %store/vec4 v0x62aef1876520_0, 0, 4;
    %load/vec4 v0x62aef1876440_0;
    %store/vec4 v0x62aef1876340_0, 0, 4;
    %load/vec4 v0x62aef1876520_0;
    %store/vec4 v0x62aef1876440_0, 0, 4;
    %vpi_call 3 14 "$display", "After  swap: a=%d b=%d", v0x62aef1876340_0, v0x62aef1876440_0 {0 0 0};
    %delay 10, 0;
    %vpi_call 3 16 "$finish" {0 0 0};
    %end;
    .thread T_1;
# The file index is used to find the file name in the following table.
:file_names 4;
    "N/A";
    "<interactive>";
    "swap_blocking.v";
    "swap_blocking_tb.v";
