#! /usr/bin/vvp
:ivl_version "12.0 (stable)";
:ivl_delay_selection "TYPICAL";
:vpi_time_precision + 0;
:vpi_module "/usr/lib/x86_64-linux-gnu/ivl/system.vpi";
:vpi_module "/usr/lib/x86_64-linux-gnu/ivl/vhdl_sys.vpi";
:vpi_module "/usr/lib/x86_64-linux-gnu/ivl/vhdl_textio.vpi";
:vpi_module "/usr/lib/x86_64-linux-gnu/ivl/v2005_math.vpi";
:vpi_module "/usr/lib/x86_64-linux-gnu/ivl/va_math.vpi";
S_0x5f1ad61cc9e0 .scope module, "even_odd_tb" "even_odd_tb" 2 1;
 .timescale 0 0;
v0x5f1ad61f4dd0_0 .var "a", 3 0;
v0x5f1ad61f4e90_0 .net "even", 0 0, L_0x5f1ad61f5270;  1 drivers
v0x5f1ad61f4f30_0 .net "odd", 0 0, L_0x5f1ad61f5650;  1 drivers
S_0x5f1ad61dddc0 .scope module, "dut" "even_odd" 2 6, 3 1 0, S_0x5f1ad61cc9e0;
 .timescale 0 0;
    .port_info 0 /INPUT 4 "a";
    .port_info 1 /OUTPUT 1 "even";
    .port_info 2 /OUTPUT 1 "odd";
L_0x739e40186018 .functor BUFT 1, C4<0>, C4<0>, C4<0>, C4<0>;
L_0x5f1ad61f5100 .functor XNOR 1, L_0x5f1ad61f5030, L_0x739e40186018, C4<0>, C4<0>;
L_0x739e401860f0 .functor BUFT 1, C4<1>, C4<0>, C4<0>, C4<0>;
L_0x5f1ad61f54f0 .functor XNOR 1, L_0x5f1ad61f5450, L_0x739e401860f0, C4<0>, C4<0>;
v0x5f1ad61ddff0_0 .net *"_ivl_1", 0 0, L_0x5f1ad61f5030;  1 drivers
v0x5f1ad61f4320_0 .net *"_ivl_13", 0 0, L_0x5f1ad61f5450;  1 drivers
v0x5f1ad61f4400_0 .net/2u *"_ivl_14", 0 0, L_0x739e401860f0;  1 drivers
v0x5f1ad61f44c0_0 .net *"_ivl_16", 0 0, L_0x5f1ad61f54f0;  1 drivers
L_0x739e40186138 .functor BUFT 1, C4<1>, C4<0>, C4<0>, C4<0>;
v0x5f1ad61f4580_0 .net/2u *"_ivl_18", 0 0, L_0x739e40186138;  1 drivers
v0x5f1ad61f46b0_0 .net/2u *"_ivl_2", 0 0, L_0x739e40186018;  1 drivers
L_0x739e40186180 .functor BUFT 1, C4<0>, C4<0>, C4<0>, C4<0>;
v0x5f1ad61f4790_0 .net/2u *"_ivl_20", 0 0, L_0x739e40186180;  1 drivers
v0x5f1ad61f4870_0 .net *"_ivl_4", 0 0, L_0x5f1ad61f5100;  1 drivers
L_0x739e40186060 .functor BUFT 1, C4<1>, C4<0>, C4<0>, C4<0>;
v0x5f1ad61f4930_0 .net/2u *"_ivl_6", 0 0, L_0x739e40186060;  1 drivers
L_0x739e401860a8 .functor BUFT 1, C4<0>, C4<0>, C4<0>, C4<0>;
v0x5f1ad61f4a10_0 .net/2u *"_ivl_8", 0 0, L_0x739e401860a8;  1 drivers
v0x5f1ad61f4af0_0 .net "a", 3 0, v0x5f1ad61f4dd0_0;  1 drivers
v0x5f1ad61f4bd0_0 .net "even", 0 0, L_0x5f1ad61f5270;  alias, 1 drivers
v0x5f1ad61f4c90_0 .net "odd", 0 0, L_0x5f1ad61f5650;  alias, 1 drivers
L_0x5f1ad61f5030 .part v0x5f1ad61f4dd0_0, 0, 1;
L_0x5f1ad61f5270 .functor MUXZ 1, L_0x739e401860a8, L_0x739e40186060, L_0x5f1ad61f5100, C4<>;
L_0x5f1ad61f5450 .part v0x5f1ad61f4dd0_0, 0, 1;
L_0x5f1ad61f5650 .functor MUXZ 1, L_0x739e40186180, L_0x739e40186138, L_0x5f1ad61f54f0, C4<>;
    .scope S_0x5f1ad61cc9e0;
T_0 ;
    %vpi_call 2 12 "$dumpfile", "even_odd.vcd" {0 0 0};
    %vpi_call 2 13 "$dumpvars", 32'sb00000000000000000000000000000000, S_0x5f1ad61cc9e0 {0 0 0};
    %pushi/vec4 0, 0, 4;
    %store/vec4 v0x5f1ad61f4dd0_0, 0, 4;
    %delay 5, 0;
    %pushi/vec4 1, 0, 4;
    %store/vec4 v0x5f1ad61f4dd0_0, 0, 4;
    %delay 5, 0;
    %pushi/vec4 2, 0, 4;
    %store/vec4 v0x5f1ad61f4dd0_0, 0, 4;
    %delay 5, 0;
    %pushi/vec4 3, 0, 4;
    %store/vec4 v0x5f1ad61f4dd0_0, 0, 4;
    %delay 5, 0;
    %pushi/vec4 4, 0, 4;
    %store/vec4 v0x5f1ad61f4dd0_0, 0, 4;
    %delay 5, 0;
    %pushi/vec4 5, 0, 4;
    %store/vec4 v0x5f1ad61f4dd0_0, 0, 4;
    %delay 5, 0;
    %pushi/vec4 6, 0, 4;
    %store/vec4 v0x5f1ad61f4dd0_0, 0, 4;
    %delay 5, 0;
    %pushi/vec4 7, 0, 4;
    %store/vec4 v0x5f1ad61f4dd0_0, 0, 4;
    %delay 5, 0;
    %pushi/vec4 8, 0, 4;
    %store/vec4 v0x5f1ad61f4dd0_0, 0, 4;
    %delay 5, 0;
    %pushi/vec4 9, 0, 4;
    %store/vec4 v0x5f1ad61f4dd0_0, 0, 4;
    %delay 5, 0;
    %pushi/vec4 10, 0, 4;
    %store/vec4 v0x5f1ad61f4dd0_0, 0, 4;
    %delay 5, 0;
    %vpi_call 2 25 "$finish" {0 0 0};
    %end;
    .thread T_0;
    .scope S_0x5f1ad61cc9e0;
T_1 ;
    %vpi_call 2 28 "$monitor", "time=%0t | a=%0d | even=%b | odd=%b", $time, v0x5f1ad61f4dd0_0, v0x5f1ad61f4e90_0, v0x5f1ad61f4f30_0 {0 0 0};
    %end;
    .thread T_1;
# The file index is used to find the file name in the following table.
:file_names 4;
    "N/A";
    "<interactive>";
    "even_odd_tb.v";
    "even_odd.v";
